<?xml version='1.0' encoding='utf-8' standalone='no' ?>
<!-- ***** BEGIN LICENSE BLOCK ***** 
   - Version: MPL 1.1/GPL 2.0/LGPL 2.1 
   - 
   - The contents of this file are subject to the Mozilla Public License Version 1.1 (the 
   - "License"); you may not use this file except in compliance with the License. You may obtain 
   - a copy of the License at http://www.mozilla.org/MPL/ 
   - 
   - Software distributed under the License is distributed on an "AS IS" basis, WITHOUT 
   - WARRANTY OF ANY KIND, either express or implied. See the License for the specific 
   - language governing rights and limitations under the License. 
   - 
   -  The Original Code is [Open Source Virtual Machine.] 
   - 
   - The Initial Developer of the Original Code is Adobe System Incorporated.  Portions created 
   - by the Initial Developer are Copyright (C)[ #YEARS# ] Adobe Systems Incorporated. All Rights 
   - Reserved. 
   - 
   - Contributor(s): Adobe AS3 Team
   - 
   - Alternatively, the contents of this file may be used under the terms of either the GNU 
   - General Public License Version 2 or later (the "GPL"), or the GNU Lesser General Public 
   - License Version 2.1 or later (the "LGPL"), in which case the provisions of the GPL or the 
   - LGPL are applicable instead of those above. If you wish to allow use of your version of this 
   - file only under the terms of either the GPL or the LGPL, and not to allow others to use your 
   - version of this file under the terms of the MPL, indicate your decision by deleting provisions 
   - above and replace them with the notice and other provisions required by the GPL or the 
   - LGPL. If you do not delete the provisions above, a recipient may use your version of this file 
   - under the terms of any one of the MPL, the GPL or the LGPL. 
   - 
   - ***** END LICENSE BLOCK ***** -->

<errors>
  This table contains all of the error messages generated by core avmplus.  This will likely be replaced by a resource table for easy localization. %o = ScriptObject* %t = Traits* %m = AbstractFunction* %n = Multiname (name portion only) %N = Multiname (namespace portion only) %a = Atom %d = int %f = double %S = Stringp %s = char*
  <error id="1000" label="kOutOfMemoryError">
    Nicht genügend Speicher vorhanden.
    <description><![CDATA[
		Flash Player needs more memory to compile your code than your system has available. 
		Close some of the applications or processes running on your system.
	]]></description>
  </error>
  <error id="1001" label="kNotImplementedError">Die Methode %1 wird nicht implementiert.</error>
  <error id="1002" label="kInvalidPrecisionError">
    Das Genauigkeitsargument muss zwischen %2 und %3 liegen; %1 ist ungültig.
    <description><![CDATA[
		You specified a value less than 0 or greater than 20 for the precision argument 
		of a method or property. Pass a value between 0 and 20 as a precision argument.
	]]></description>
  </error>
  <error id="1003" label="kInvalidRadixError">
    Das Grundzahlargument muss zwischen 2 und 36 liegen; %1 erhalten.
    <description><![CDATA[
		You passed a value less than 2 or greater than 36 for the radix argument of a method or property. 
		Pass a value between 2 and 36 as a radix argument.
	]]></description>
  </error>
  <error id="1004" label="kInvokeOnIncompatibleObjectError">
    Methode %1 wurde für ein nicht kompatibles Objekt aufgerufen.
    <description><![CDATA[
		You tried to call a method that is not available to the specified object. This error occurs when 
		you have copied a prototype function from one object to another, and then invoked it, but the 
		target object is not the same type as the original object. Ensure that the target object and 
		original object are the same type. See ECMAScript edition 3 chapter 15 for more details.
	]]></description>
  </error>
  <error id="1005" label="kArrayIndexNotIntegerError">
    Array-Index ist keine positive Ganzzahl (%1).
    <description><![CDATA[
		You tried to access a member of an array using an index value that is not a positive integer. Pass only positive integers as index values for arrays.
	]]></description>
  </error>
  <error id="1006" label="kCallOfNonFunctionError">
    %1 ist keine Funktion.
    <description><![CDATA[
		This error occurs when you attempt to call a function that does not exist. 
		Make sure you are calling the correct function, and that the API has 
		not changed from ActionScript 2.0. Also, make sure you are using the correct
		object. For example, you will see this error when you use the following code 
		(because the last line mistakenly calls the variable <code>big</code> instead 
		of <code>blg</code>): 
		
		<pre><code>var blg:String = "foo";
var big:Sprite = new Sprite();
var error:int = big.length(); </code></pre>
	]]></description>
  </error>
  <error id="1007" label="kConstructOfNonFunctionError">Versuchte Instanziierung für einen Nicht-Konstruktor.</error>
  <error id="1008" label="kAmbiguousBindingError">%1 ist nicht eindeutig; es wurden mehrere übereinstimmende Bindungen gefunden.</error>
  <error id="1009" label="kConvertNullToObjectError">
    Der Zugriff auf eine Eigenschaft oder eine Methode eines null-Objektverweises ist nicht möglich.
    <description><![CDATA[
	An object that evaluates to null can have no properties. This error can occur in some unexpected 
	(though valid) situations. For example, consider the following code, which creates a Sprite
	object. Since this Sprite object is never added to the display list (via the 
	<code>addChild()</code> method of a DisplayObjectContainer object), then its <code>stage</code>
	property is set to null. Thus, the example generates this error because Sprite object's <code>stage</code> property 
	cannot have any properties:
	
	<pre><code>import flash.display.Sprite;
var sprite1:Sprite = new Sprite();
var q:String = sprite1.stage.quality;</code></pre>
	]]></description>
  </error>
  <error id="1010" label="kConvertUndefinedToObjectError">
    Ein Begriff ist nicht definiert und hat keine Eigenschaften.
    <description><![CDATA[
		This error can occur if you are trying to access a property of an object that does not exist. For example:
		<pre><code>var obj:Object = new Object();
obj.a = "foo";
trace(obj.b.prop);</code></pre>
		
		<p>You can also see this error because of a misspelling, for example in the following, where
		<code>mc</code> represents a MovieClip object on the display list, and the <code>stage</code>
		property is misspelled with a capital S (it should be <code>stage</code>):</p>
		
		<pre><code>trace(mc.Stage.quality);</code></pre>
		
	
	]]></description>
  </error>
  <error id="1011" label="kIllegalOpcodeError">
    Methode %1 enthielt einen unzulässigen Opcode %2 bei Offset %3.
    <description><![CDATA[
		See the <a href="#note">note</a> at the bottom of this table. &#42;
	]]></description>
  </error>
  <error id="1012" label="kLastInstExceedsCodeSizeError">
    Die letzte Anweisung hat die Codegröße überschritten.
    <description><![CDATA[
		See the <a href="#note">note</a> at the bottom of this table. &#42;
	]]></description>
  </error>
  <error id="1013" label="kFindVarWithNoScopeError">
    OP_findproperty kann nicht aufgerufen werden, wenn scopeDepth 0 ist.
    <description><![CDATA[
		See the <a href="#note">note</a> at the bottom of this table. &#42;
	]]></description>
  </error>
  <error id="1014" label="kClassNotFoundError">Klasse %1 wurde nicht gefunden.</error>
  <error id="1015" label="kIllegalSetDxns">
    Methode %1 kann nicht den Standard-XML-Namespace festlegen.
    <description><![CDATA[
		See the <a href="#note">note</a> at the bottom of this table. &#42;
	]]></description>
  </error>
  <error id="1016" label="kDescendentsError">Nachfolger-Operator (..) wird für Typ %1 nicht unterstützt.</error>
  <error id="1017" label="kScopeStackOverflowError">
    Gültigkeitsbereich-Stapelüberlauf.
    <description><![CDATA[
		See the <a href="#note">note</a> at the bottom of this table. &#42;
	]]></description>
  </error>
  <error id="1018" label="kScopeStackUnderflowError">
    Gültigkeitsbereich-Stapelunterlauf.
    <description><![CDATA[
		See the <a href="#note">note</a> at the bottom of this table. &#42;
	]]></description>
  </error>
  <error id="1019" label="kGetScopeObjectBoundsError">
    Getscopeobject %1 liegt außerhalb des gültigen Bereichs.
    <description><![CDATA[
		See the <a href="#note">note</a> at the bottom of this table. &#42;
	]]></description>
  </error>
  <error id="1020" label="kCannotFallOffMethodError">
    Code kann nicht außerhalb eines Methodenendes vorkommen.
    <description><![CDATA[
		See the <a href="#note">note</a> at the bottom of this table. &#42;
	]]></description>
  </error>
  <error id="1021" label="kInvalidBranchTargetError">
    Mindestens ein Verzweigungsziel war nicht auf einer gültigen Anweisung in der Methode.
    <description><![CDATA[
		See the <a href="#note">note</a> at the bottom of this table. &#42;
	]]></description>
  </error>
  <error id="1022" label="kIllegalVoidError">
    Typ 'void' kann nur als Rückgabetyp für eine Funktion verwendet werden.
    <description><![CDATA[
		See the <a href="#note">note</a> at the bottom of this table. &#42;
	]]></description>
  </error>
  <error id="1023" label="kStackOverflowError">
    Stapelüberlauf.
    <description><![CDATA[
		See the <a href="#note">note</a> at the bottom of this table. &#42;
	]]></description>
  </error>
  <error id="1024" label="kStackUnderflowError">
    Stapelunterlauf.
    <description><![CDATA[
		See the <a href="#note">note</a> at the bottom of this table. &#42;
	]]></description>
  </error>
  <error id="1025" label="kInvalidRegisterError">
    Zugriff auf ein ungültiges Register %1.
    <description><![CDATA[
		See the <a href="#note">note</a> at the bottom of this table. &#42;
	]]></description>
  </error>
  <error id="1026" label="kSlotExceedsCountError">
    Position %1 ist höher als slotCount=%2 von %3.
    <description><![CDATA[
		See the <a href="#note">note</a> at the bottom of this table. &#42;
	]]></description>
  </error>
  <error id="1027" label="kMethodInfoExceedsCountError">
    Method_info %1 ist höher als method_count=%2.
    <description><![CDATA[
		See the <a href="#note">note</a> at the bottom of this table. &#42;
	]]></description>
  </error>
  <error id="1028" label="kDispIdExceedsCountError">
    Disp_id %1 ist größer als max_disp_id=%2 von %3.
    <description><![CDATA[
		See the <a href="#note">note</a> at the bottom of this table. &#42;
	]]></description>
  </error>
  <error id="1029" label="kDispIdUndefinedError">
    Disp_id %1 ist nicht definiert in %2.
    <description><![CDATA[
		See the <a href="#note">note</a> at the bottom of this table. &#42;
	]]></description>
  </error>
  <error id="1030" label="kStackDepthUnbalancedError">
    Stapeltiefe ist nicht ausgeglichen. %1 != %2.
    <description><![CDATA[
		See the <a href="#note">note</a> at the bottom of this table. &#42;
	]]></description>
  </error>
  <error id="1031" label="kScopeDepthUnbalancedError">
    Gültigkeitsbereichstiefe ist nicht ausgeglichen. %1 != %2.
    <description><![CDATA[
		See the <a href="#note">note</a> at the bottom of this table. &#42;
	]]></description>
  </error>
  <error id="1032" label="kCpoolIndexRangeError">
    Cpool-Index %1 liegt außerhalb des gültigen Bereichs %2.
    <description><![CDATA[
		See the <a href="#note">note</a> at the bottom of this table. &#42;
	]]></description>
  </error>
  <error id="1033" label="kCpoolEntryWrongTypeError">Cpool-Eintrag %1 hat den falschen Typ.</error>
  <error id="1034" label="kCheckTypeFailedError">Typumwandlung fehlgeschlagen: %1 kann nicht in %2 umgewandelt werden.</error>
  <error id="1035" label="kIllegalSuperCallError">
    Unzulässiger super-Ausdruck in Methode %1 gefunden.
    <description><![CDATA[
		See the <a href="#note">note</a> at the bottom of this table. &#42;
	]]></description>
  </error>
  <error id="1037" label="kCannotAssignToMethodError">
    Zuweisung zu einer Methode %1 für %2 nicht möglich.
    <description><![CDATA[
		See the <a href="#note">note</a> at the bottom of this table. &#42;
	]]></description>
  </error>
  <error id="1038" label="kRedefinedError">
    %1 ist bereits definiert.
    <description><![CDATA[
		You cannot declare a variable or function with the same identifier name more than once 
		within the same scope. 
		In ActionScript 3.0, different code blocks (such as those used in two <code>for</code> loops
		in the same <code>function</code> definition) are considered to be in the same scope.
		See the <a href="#note">note</a> at the bottom of this table. &#42;
	]]></description>
  </error>
  <error id="1039" label="kCannotVerifyUntilReferencedError">
    Die Methode kann nicht überprüft werden, bevor sie referenziert wird.
    <description><![CDATA[
		See the <a href="#note">note</a> at the bottom of this table. &#42;
	]]></description>
  </error>
  <error id="1040" label="kCantUseInstanceofOnNonObjectError">
    Auf der rechten Seite von instanceof muss eine Klasse oder Funktion stehen.
    <description><![CDATA[
		The expression on the right-hand side of the <code>instanceof</code> operator must be a class or function.
	]]></description>
  </error>
  <error id="1041" label="kIsTypeMustBeClassError">
    Auf der rechten Seite des Operators muss eine Klasse stehen.
    <description><![CDATA[
		The expression on the right-hand side of the <code>instanceof</code> operator must be a class.
	]]></description>
  </error>
  <error id="1042" label="kInvalidMagicError">
    Keine ABC-Datei. major_version=%1 minor_version=%2.
    <description><![CDATA[
You are attempting to use an  invalid file with the player: Possibly the tool that generates the SWF is out of date or the SWF itself is corrupt.
	]]></description>
  </error>
  <error id="1043" label="kInvalidCodeLengthError">
    Ungültige code_length=%1.
    <description><![CDATA[
		See the <a href="#note">note</a> at the bottom of this table. &#42;
	]]></description>
  </error>
  <error id="1044" label="kInvalidMethodInfoFlagsError">
    MethodInfo-%1 nicht unterstützte Flags=%2.
    <description><![CDATA[
		See the <a href="#note">note</a> at the bottom of this table. &#42;
	]]></description>
  </error>
  <error id="1045" label="kUnsupportedTraitsKindError">
    Nicht unterstützter Traittyp=%1.
    <description><![CDATA[
		See the <a href="#note">note</a> at the bottom of this table. &#42;
	]]></description>
  </error>
  <error id="1046" label="kMethodInfoOrderError">
    MethodInfo-%1 vor der Definition referenziert.
    <description><![CDATA[
		See the <a href="#note">note</a> at the bottom of this table. &#42;
	]]></description>
  </error>
  <error id="1047" label="kMissingEntryPointError">
    Es wurde kein Zugangspunkt gefunden.
    <description><![CDATA[
		See the <a href="#note">note</a> at the bottom of this table. &#42;
	]]></description>
  </error>
  <error id="1049" label="kPrototypeTypeError">
    Prototypobjekte müssen Vanilla-Objekte sein.
    <description><![CDATA[
		See the <a href="#note">note</a> at the bottom of this table. &#42;
	]]></description>
  </error>
  <error id="1050" label="kConvertToPrimitiveError">
    %1 kann nicht in Grundtyp umgewandelt werden.
    <description><![CDATA[
		See the <a href="#note">note</a> at the bottom of this table. &#42;
	]]></description>
  </error>
  <error id="1051" label="kIllegalEarlyBindingError">
    Unzulässig früher Bindungszugriff auf %1.
    <description><![CDATA[
		See the <a href="#note">note</a> at the bottom of this table. &#42;
	]]></description>
  </error>
  <error id="1052" label="kInvalidURIError">
    Ungültige URI an %1-Funktion übergeben.
    <description><![CDATA[
		See the <a href="#note">note</a> at the bottom of this table. &#42;
	]]></description>
  </error>
  <error id="1053" label="kIllegalOverrideError">
    Unzulässiges Außerkraftsetzen von %1 in %2.
    <description><![CDATA[
		See the <a href="#note">note</a> at the bottom of this table. &#42;
	]]></description>
  </error>
  <error id="1054" label="kIllegalExceptionHandlerError">
    Unzulässige Bereich- oder Zieloffsets in Ausnahmeprozedur.
    <description><![CDATA[
		See the <a href="#note">note</a> at the bottom of this table. &#42;
	]]></description>
  </error>
  <error id="1056" label="kWriteSealedError">
    Eigenschaft %1 in %2 kann nicht erstellt werden.
    <description><![CDATA[
	You are trying to assign a value to a nonexistent property on an instance of a non-dynamic 
	class. This is only possible for instances of dynamic classes]]></description>
  </error>
  <error id="1057" label="kIllegalSlotError">
    %1 kann nur Methoden enthalten.
    <description><![CDATA[
		See the <a href="#note">note</a> at the bottom of this table. &#42;
	]]></description>
  </error>
  <error id="1058" label="kIllegalOperandTypeError">
    Unzulässiger Operandtyp: %1 muss %2 sein.
    <description><![CDATA[
		See the <a href="#note">note</a> at the bottom of this table. &#42;
	]]></description>
  </error>
  <error id="1059" label="kClassInfoOrderError">
    ClassInfo-%1 vor der Definition referenziert.
    <description><![CDATA[
		See the <a href="#note">note</a> at the bottom of this table. &#42;
	]]></description>
  </error>
  <error id="1060" label="kClassInfoExceedsCountError">
    ClassInfo %1 ist größer als class_count=%2.
    <description><![CDATA[
		See the <a href="#note">note</a> at the bottom of this table. &#42;
	]]></description>
  </error>
  <error id="1061" label="kNumberOutOfRangeError">
    Der Wert %1 kann nicht in %2 umgewandelt werden, ohne dass Genauigkeit verloren geht.
    <description><![CDATA[
	
		This error appears if you attempt to assign a decimal number to a property of type 
		<code>int</code>.
		
		<p>This error also appears for out-of-range assignments, such as the following:</p>
		
		<pre><code>var m0:int = 2147483648; // int.MAX_VALUE == 2147483647</code></pre>		
		<p>You can also see this error when using the bitwise left shift operator (&lt;&lt;).
		For example, consider the following code:</p>
		
		<pre><code>var m0:uint = 0xFF;
var m1:uint = m0&lt;&lt;24;</code></pre>
		
		<p>The result of left shift operator (&lt;&lt;) is interpreted as a 32-bit two's complement number 
		with sign. In the example, the result is a negative value, which causes the error when assigned
		to the uint typed property. A workaround is the following:</p>
		
		<pre><code>var m0:uint = 0xFF;
var m1:uint = uint(m0&lt;&lt;24);</code></pre>
	
	]]></description>
  </error>
  <error id="1063" label="kWrongArgumentCountError">Nicht übereinstimmende Argumentzählung für %1. %2 erwartet, %3 erhalten.</error>
  <error id="1064" label="kCannotCallMethodAsConstructor">
    Methode %1 kann nicht als Konstruktor aufgerufen werden.
    <description><![CDATA[
	Extracted methods are permanently bound to the object they are extracted from. 
	Therefore, they can not later be called as a constructor. For example, the following 
	creates function <code>f()</code> in Class A:
 	<pre><code>class A {
	   function f() {}
	}</code></pre>
	In the following code, extracting the function causes no error. However, creating 
	a new instance of the function causes an error.
	<pre><code>var a = new A()
	var m = a.f // extract f, don't call it
	m() // same as a.f()
	new m() // causes this error</code></pre>
	
	]]></description>
  </error>
  <error id="1065" label="kUndefinedVarError">
    Variable %1 ist nicht definiert.
    <description><![CDATA[
	You are using an undefined lexical reference. For example, in the following statements, the 
	statement <code>print(x)</code> generates an error because <code>x</code> is undefined. However, the 
	statement <code>print(y)</code> doesn't generate an error because <code>y</code> is defined:
 	<pre><code>print("hello world")
	print(x) // x is undefined
	var y
	print(y) // No error, y is defined.</code></pre>
	]]></description>
  </error>
  <error id="1066" label="kFunctionConstructorError">
    Die Form function('function body') wird nicht unterstützt.
    <description><![CDATA[
	Unlike JavaScript, Flash does not compile code on-the-fly using <code>eval()</code> and 
	<code>function()</code>.  Thus, calling these as a constructor in ActionScript 3.0 generates this error.
	]]></description>
  </error>
  <error id="1067" label="kIllegalNativeMethodBodyError">
    Der Hauptteil der nativen Methode %1 ist unzulässig.
    <description><![CDATA[
		See the <a href="#note">note</a> at the bottom of this table. &#42;
	]]></description>
  </error>
  <error id="1068" label="kCannotMergeTypesError">
    %1 und %2 können nicht angeglichen werden.
    <description><![CDATA[
		See the <a href="#note">note</a> at the bottom of this table. &#42;
	]]></description>
  </error>
  <error id="1069" label="kReadSealedError">
    Eigenschaft %1 für %2 nicht gefunden und es ist kein Standardwert vorhanden.
    <description><![CDATA[
	You are referencing an undefined property on a non-dynamic class instance. For example, the following generates this error when it references property 
	<code>x</code>, which is not defined and cannot be created dynamically: 	
	<pre><code>class A {} // sealed class, not dynamic
	print(new A().x) // no property x defined on A, and A is not dynamic</code></pre>
	]]></description>
  </error>
  <error id="1070" label="kCallNotFoundError">
    Methode %1 nicht in %2 gefunden
    <description><![CDATA[
	You are using a <code>super</code> statement to call a function, but the function doesn't exist in the super class. 
	For example, the following code generates the error:	<pre><code>class A() {}
class B extends A {
  function f() { print(super.f()); } // error 1070, there is no f on A
}</code></pre>
	]]></description>
  </error>
  <error id="1071" label="kAlreadyBoundError">Funktion %1 wurde bereits an %2 gebunden.</error>
  <error id="1072" label="kZeroDispIdError">
    Disp_id 0 ist unzulässig.
    <description><![CDATA[
		See the <a href="#note">note</a> at the bottom of this table. &#42;
	]]></description>
  </error>
  <error id="1073" label="kDuplicateDispIdError">
    Die nicht außer Kraft zu setzende Methode %1 wurde wegen doppelter disp_id %2 ersetzt.
    <description><![CDATA[
		See the <a href="#note">note</a> at the bottom of this table. &#42;
	]]></description>
  </error>
  <error id="1074" label="kConstWriteError">Unzulässiger Schreibvorgang in schreibgeschützte Eigenschaft %1 in %2.</error>
  <error id="1075" label="kMathNotFunctionError">
    Math ist keine Funktion.
    <description><![CDATA[
	You are trying to call <code>math()</code> as a function, but <code>math</code> is a class with static methods.
	]]></description>
  </error>
  <error id="1076" label="kMathNotConstructorError">
    Math ist kein Konstruktor.
    <description><![CDATA[
	You can not instantiate the Math class. 
 	]]></description>
  </error>
  <error id="1077" label="kWriteOnlyError">Unzulässiger Lesevorgang für Eigenschaft mit Lesezugriff %1 in %2.</error>
  <error id="1078" label="kIllegalOpMultinameError">
    Unzulässige Opcode/Multiname-Kombination: %1&lt;%2&gt;.
    <description><![CDATA[
		See the <a href="#note">note</a> at the bottom of this table. &#42;
	]]></description>
  </error>
  <error id="1079" label="kIllegalNativeMethodError">
    Native Methoden sind in geladenem Code nicht zulässig.
    <description><![CDATA[
		See the <a href="#note">note</a> at the bottom of this table. &#42;
	]]></description>
  </error>
  <error id="1080" label="kIllegalNamespaceError">
    Unzulässiger Wert für Namespace.
    <description><![CDATA[
		See the <a href="#note">note</a> at the bottom of this table. &#42;
	]]></description>
  </error>
  <error id="1081" label="kReadSealedErrorNs">Eigenschaft %1 in %2 nicht gefunden und es ist kein Standardwert vorhanden.</error>
  <error id="1082" label="kNoDefaultNamespaceError">
    Es wurde kein Standard-Namespace festgelegt.
    <description><![CDATA[
		See the <a href="#note">note</a> at the bottom of this table. &#42;
	]]></description>
  </error>
  <error id="1083" label="kXMLPrefixNotBound">
    Das Präfix "%1" für Element "%2" ist nicht gebunden.
    <description><![CDATA[
	An attribute name or element name has a prefix but no matching namespace was 
	found. This statement generates an error because there is no <code>foo</code> 
	namespace to match <code>foo:x</code>:<pre/>&lt;foo:x xmlns:clowns='http://circuscenter.com'&gt;</pre>
		]]></description>
  </error>
  <error id="1084" label="kXMLBadQName">
    Element oder Attribut ("%1") stimmt nicht mit QName-Produktion überein: QName::=(NCName':')?NCName.
    <description><![CDATA[
	You have <code>foo: </code> or <code>:foo</code> as an element or attribute name, but there is nothing 
	on the other side of the colon.	
	]]></description>
  </error>
  <error id="1085" label="kXMLUnterminatedElementTag">Der Elementtyp "%1" muss durch das entsprechende Schluss-Tag "&lt;/%2&gt;" abgeschlossen werden.</error>
  <error id="1086" label="kXMLOnlyWorksWithOneItemLists">
    Die %1-Methode kann nur für Listen mit einem Element verwendet werden.
    <description><![CDATA[
	The XMLList class propagates the XML-specific functions to one child if it only has one 
	item in its list. If more than one item is in the list, the routines fail with this 
	error. This happens for the following XMLList functions that mimic XML functions: 	
	<p><code>addNamespace</code>, <code>appendChild</code>,  <code>childIndex</code>,  	
	<code>inScopeNamespaces</code>,  <code>insertChildAfter</code>,  <code>insertChildBefore</code>,  	
	<code>name</code>,  <code>namespace</code>,  <code>localName</code>,  <code>namespaceDeclarations</code>,  	
	<code>nodeKind</code>,  <code>prependChild</code>,  <code>removeNamespace</code>,  <code>replace</code>,  	
	<code>setChildren</code>,  <code>setLocalName</code>,  <code>setName</code>,  and <code>setNamespace.
 
	]]></description>
  </error>
  <error id="1087" label="kXMLAssignmentToIndexedXMLNotAllowed">Die Zuweisung zu indizierter XML ist nicht zulässig.</error>
  <error id="1088" label="kXMLMarkupMustBeWellFormed">
    Das Markup im Dokument nach dem Stammelement muss logisch aufgebaut sein.
    <description><![CDATA[
	These are some possible causes of this error:
	<ul>
	<li>Parsing an XMLList style object such as <code><a/><b/><c/></code> as XML</li>
	<li>Misbalanced strings such as <code><a><b></b></a></c></code></li>
	</ul>	
	]]></description>
  </error>
  <error id="1089" label="kXMLAssigmentOneItemLists">Die Zuweisung zu Listen mit mehreren Elementen wird nicht unterstützt.</error>
  <error id="1090" label="kXMLMalformedElement">
    XML-Parserfehler: Element ist fehlerhaft.
    <description><![CDATA[
	An element name is malformed. This example of an element name is malformed because a 
	trailing right angle bracket <code>></code> is missing:
 
	<pre>&lt;a/&gt;&lt;b&gt;&lt;/b</pre>	]]></description>
  </error>
  <error id="1091" label="kXMLUnterminatedCData">XML-Parserfehler: Nicht abgeschlossener CDATA-Abschnitt.</error>
  <error id="1092" label="kXMLUnterminatedXMLDecl">XML-Parserfehler: Nicht abgeschlossene XML-Deklaration.</error>
  <error id="1093" label="kXMLUnterminatedDocTypeDecl">XML-Parserfehler: Nicht abgeschlossene DOCTYPE-Deklaration.</error>
  <error id="1094" label="kXMLUnterminatedComment">XML-Parserfehler: Nicht abgeschlossener Kommentar.</error>
  <error id="1095" label="kXMLUnterminatedAttribute">XML-Parserfehler: Nicht abgeschlossenes Attribut.</error>
  <error id="1096" label="kXMLUnterminatedElement">XML-Parserfehler: Nicht abgeschlossenes Element.</error>
  <error id="1097" label="kXMLUnterminatedProcessingInstruction">XML-Parserfehler: Nicht abgeschlossene Verarbeitungsanweisung.</error>
  <error id="1098" label="kXMLNamespaceWithPrefixAndNoURI">
    Unzulässiges Präfix %1 für Nicht-Namespace.
    <description><![CDATA[
	The namespace constructor throws this error if you try to pass in an empty URI with a 
	non-empty prefix as in this example:
 
<pre>ns = new Namespace ("prefix", "");
	]]></description>
  </error>
  <error id="1100" label="kRegExpFlagsArgumentError">
    Es können keine Flags angegeben werden, wenn ein RegExp aus einem anderen konstruiert wird.
    <description><![CDATA[
	Creating a new regular expression from an existing one also copies its flags. To create a regular expression with 
	different flags, use the <code>new</code> operator and set the flags as desired. For example, this statement 
	creates a regular expression and specifies flag settings:
	<pre<code>var re:RegExp = new RegExp("ali", /s)</code></pre>
	Alternatively, this statement creates a regular expression that has the same flags as re:
	<pre><code>var re2:RegExp = new RegExp(re, ...)</code></pre> 	]]></description>
  </error>
  <error id="1101" label="kNoScopeError">
    Methode %1 mit unbekannten Gültigkeitsbereich kann nicht überprüft werden.
    <description><![CDATA[
		See the <a href="#note">note</a> at the bottom of this table. &#42;
	]]></description>
  </error>
  <error id="1102" label="kIllegalDefaultValue">
    Unzulässiger Standardwert für Typ %1.
    <description><![CDATA[
		See the <a href="#note">note</a> at the bottom of this table. &#42;
	]]></description>
  </error>
  <error id="1103" label="kCannotExtendFinalClass">
    Klasse %1 kann die letzte Basisklasse nicht erweitern.
    <description><![CDATA[
		See the <a href="#note">note</a> at the bottom of this table. &#42;
	]]></description>
  </error>
  <error id="1104" label="kXMLDuplicateAttribute">Attribut "%1" wurde bereits für Element "%2" spezifiziert.</error>
  <error id="1107" label="kCorruptABCError">
    Die ABC-Daten sind beschädigt, versuchtes Lesen außerhalb des gültigen Bereichs.
    <description><![CDATA[
		See the <a href="#note">note</a> at the bottom of this table. &#42;
	]]></description>
  </error>
  <error id="1108" label="kInvalidBaseClassError">
    Der Opcode OP_newclass wurde mit der falschen Basisklasse verwendet.
    <description><![CDATA[
		See the <a href="#note">note</a> at the bottom of this table. &#42;
	]]></description>
  </error>
  <error id="1109" label="kDanglingFunctionError">
    Versuchter direkter Aufruf der nicht gebundenen Funktion %1 von Methode %2.
    <description><![CDATA[
		See the <a href="#note">note</a> at the bottom of this table. &#42;
	]]></description>
  </error>
  <error id="1110" label="kCannotExtendError">
    %1 kann nicht %2 erweitern.
    <description><![CDATA[
		See the <a href="#note">note</a> at the bottom of this table. &#42;
	]]></description>
  </error>
  <error id="1111" label="kCannotImplementError">
    %1 kann nicht %2 implementieren.
    <description><![CDATA[
		See the <a href="#note">note</a> at the bottom of this table. &#42;
	]]></description>
  </error>
  <error id="1112" label="kCoerceArgumentCountError">Nicht übereinstimmende Argumentzählung für Klassenumwandlung.  1 erwartet, %1 erhalten.</error>
  <error id="1113" label="kInvalidNewActivationError">
    OP_newactivation wurde ohne Flag NEED_ACTIVATION in Methode verwendet.
    <description><![CDATA[
		See the <a href="#note">note</a> at the bottom of this table. &#42;
	]]></description>
  </error>
  <error id="1114" label="kNoGlobalScopeError">
    OP_getglobalslot oder OP_setglobalslot ohne globalen Gültigkeitsbereich verwendet.
    <description><![CDATA[
		See the <a href="#note">note</a> at the bottom of this table. &#42;
	]]></description>
  </error>
  <error id="1115" label="kNotConstructorError">%1 ist kein Konstruktor.</error>
  <error id="1116" label="kApplyError">zweites Argument für Function.prototype.apply muss ein Array sein.</error>
  <error id="1117" label="kXMLInvalidName">Ungültiger XML-Name: %1.</error>
  <error id="1118" label="kXMLIllegalCyclicalLoop">Unzulässige zyklische Schleife zwischen Knoten.</error>
  <error id="1119" label="kDeleteTypeError">Delete-Operator mit Operand vom Typ %1 wird nicht unterstützt.</error>
  <error id="1120" label="kDeleteSealedError">Eigenschaft %1 in %2 kann nicht gelöscht werden.</error>
  <error id="1121" label="kDuplicateMethodBodyError">Methode %1 verfügt über doppelten Hauptteil.</error>
  <error id="1122" label="kIllegalInterfaceMethodBodyError">Der Hauptteil der Schnittstellenmethode %1 ist unzulässig.</error>
  <error id="1123" label="kFilterError">Filter-Operator wird für Typ %1 nicht unterstützt.</error>
  <error id="1124" label="kInvalidHasNextError">Für OP_hasnext2 müssen object und index verschiedene Register sein.</error>
  <error id="1500" label="kFileOpenError">Fehler beim Öffnen von Datei %1.</error>
  <error id="1501" label="kFileWriteError">
    Fehler beim Schreiben in Datei %1.
    <description><![CDATA[
		The file you are writing to cannot be opened. Possibly the filename contains an error, the file is read-only, or 
		you do not have access priveleges.
	  	]]></description>
  </error>
  <error id="1502" label="kScriptTimeoutError">
    Ein Skript wurde länger als die Standard-Timeout-Zeit von 15 Sekunden ausgeführt.
    <description><![CDATA[
		A script executed after the timeout period. (The default timeout period is 15 seconds.) After this error occurs, the 
		script can continue to execute for 15 seconds more, after which the script terminates and throws Error 1503.  
	]]></description>
  </error>
  <error id="1503" label="kScriptTerminatedError">
    Ein Skript konnte nach 30 Sekunden nicht abgeschlossen werden und wurde beendet.
    <description><![CDATA[
	  The script was still executing after 30 seconds. (The Flash Player first throws Error 1502 if the script executed more than 15 
	  seconds, which is the default timeout period.) This error occurs 15 seconds after Error 1502 occurs.  
	]]></description>
  </error>
  <error id="1504" label="kEndOfFileError">
    Dateiende.
    <description><![CDATA[
	  The Flash Player unexpectedly encountered the end of the file. Possibly the file was not saved correctly or Flash Player expected more data 
	  in the file.
	]]></description>
  </error>
  <error id="1505" label="kStringIndexOutOfBoundsError">Der String-Index %1 liegt außerhalb des zulässigen Bereichs; muss im Bereich %2 bis %3 liegen.</error>
  <error id="1506" label="kInvalidRangeError">
    Der angegebene Bereich ist ungültig.
    <description><![CDATA[
	The method's <code>start</code> parameter is greater than its <code>end</code> parameter.
	]]></description>
  </error>
  <error id="1507" label="kNullArgumentError">Argument %1 kann nicht null sein.</error>
  <error id="1508" label="kInvalidArgumentError">
    Der angegebene Wert für Argument %1 ist ungültig.
    <description><![CDATA[
	You are possibly trying to pass the wrong data type. For example, the code
	<pre><code>public function doSomething(const:int):void {
	}
	this ["doSomething"] ("str")</code></pre> 
	generates an error at runtime because <code>doSomething</code> is cast as an int data type.	]]></description>
  </error>
  <error id="1509" label="kShellCompressedDataError">
    Fehler beim Dekomprimieren der Daten.
    <description><![CDATA[
	The de-compressor reached the end of the stream, but more data was expected. The compressed data 
	stream is probably corrupted.
	]]></description>
  </error>
  <error id="1034" label="kCheckTypeFailedError">Typumwandlung fehlgeschlagen: %1 kann nicht in %2 umgewandelt werden.</error>
  <error id="1510" label="kArrayFilterNonNullObjectError">Wenn das callback-Argument eine Methode einer Klasse ist, muss das optionale this-Argument null sein.</error>
</errors>
