TEST_ID=e4x/Expressions/11.1.4-08.js, TEST_BRANCH=(1.8.1|1.9.0), TEST_RESULT=FAILED, TEST_BUILDTYPE=(debug|opt), TEST_TYPE=(browser|shell), TEST_OS=(linux|mac|win32), TEST_MACHINE=.*, TEST_PROCESSORTYPE=.*, TEST_KERNEL=.*, TEST_DATE=.*, TEST_TIMEZONE=.*, TEST_DESCRIPTION=Section 50 of test - 11.1.4 - XML Initializer - {} Expressions - 08 expected: true actual: false reason: Expected value 'true', Actual value 'false'
TEST_ID=e4x/Expressions/11.1.4-08.js, TEST_BRANCH=(1.8.1|1.9.0), TEST_RESULT=FAILED, TEST_BUILDTYPE=(debug|opt), TEST_TYPE=(browser|shell), TEST_OS=(linux|mac|win32), TEST_MACHINE=.*, TEST_PROCESSORTYPE=.*, TEST_KERNEL=.*, TEST_DATE=.*, TEST_TIMEZONE=.*, TEST_DESCRIPTION=Section 51 of test - 11.1.4 - XML Initializer - {} Expressions - 08 expected: true actual: false reason: Expected value 'true', Actual value 'false'
TEST_ID=e4x/Expressions/11.1.4-08.js, TEST_BRANCH=(1.8.1|1.9.0), TEST_RESULT=FAILED, TEST_BUILDTYPE=(debug|opt), TEST_TYPE=(browser|shell), TEST_OS=(linux|mac|win32), TEST_MACHINE=.*, TEST_PROCESSORTYPE=.*, TEST_KERNEL=.*, TEST_DATE=.*, TEST_TIMEZONE=.*, TEST_DESCRIPTION=Section 53 of test - 11.1.4 - XML Initializer - {} Expressions - 08 expected: true actual: false reason: Expected value 'true', Actual value 'false'
TEST_ID=e4x/Expressions/11.1.4-08.js, TEST_BRANCH=(1.8.1|1.9.0), TEST_RESULT=FAILED, TEST_BUILDTYPE=(debug|opt), TEST_TYPE=(browser|shell), TEST_OS=(linux|mac|win32), TEST_MACHINE=.*, TEST_PROCESSORTYPE=.*, TEST_KERNEL=.*, TEST_DATE=.*, TEST_TIMEZONE=.*, TEST_DESCRIPTION=Section 54 of test - 11.1.4 - XML Initializer - {} Expressions - 08 expected: true actual: false reason: Expected value 'true', Actual value 'false'
TEST_ID=e4x/Expressions/11.1.4-08.js, TEST_BRANCH=(1.8.1|1.9.0), TEST_RESULT=FAILED, TEST_BUILDTYPE=(debug|opt), TEST_TYPE=(browser|shell), TEST_OS=(linux|mac|win32), TEST_MACHINE=.*, TEST_PROCESSORTYPE=.*, TEST_KERNEL=.*, TEST_DATE=.*, TEST_TIMEZONE=.*, TEST_DESCRIPTION=Section 56 of test - 11.1.4 - XML Initializer - {} Expressions - 08 expected: true actual: false reason: Expected value 'true', Actual value 'false'
TEST_ID=e4x/Global/13.1.2.1.js, TEST_BRANCH=(1.8.1|1.9.0), TEST_RESULT=FAILED, TEST_BUILDTYPE=(debug|opt), TEST_TYPE=(browser|shell), TEST_OS=(linux|mac|win32), TEST_MACHINE=.*, TEST_PROCESSORTYPE=.*, TEST_KERNEL=.*, TEST_DATE=.*, TEST_TIMEZONE=.*, TEST_DESCRIPTION=Section 4 of test - 13.1.2.1 - isXMLName() expected: exception actual: no exception reason: Expected value 'exception', Actual value 'no exception'
TEST_ID=e4x/Global/13.1.2.1.js, TEST_BRANCH=(1.8.1|1.9.0), TEST_RESULT=FAILED, TEST_BUILDTYPE=(debug|opt), TEST_TYPE=(browser|shell), TEST_OS=(linux|mac|win32), TEST_MACHINE=.*, TEST_PROCESSORTYPE=.*, TEST_KERNEL=.*, TEST_DATE=.*, TEST_TIMEZONE=.*, TEST_DESCRIPTION=Section 6 of test - 13.1.2.1 - isXMLName() expected:  actual: 0xAA-0xAA : Invalid char accepted as start : Invalid Char accepted as other NL0xB5-0xB5 : Invalid char accepted as start : Invalid Char accepted as other NL0xB7-0xB7 : Other char not acceptedNL0xBA-0xBA : Invalid char accepted as start : Invalid Char accepted as other NL0x132-0x133 : Invalid char accepted as start : Invalid Char accepted as other NL0x13F-0x140 : Invalid char accepted as start : Invalid Char accepted as other NL0x149-0x149 : Invalid char accepted as start : Invalid Char accepted as other NL0x17F-0x17F : Invalid char accepted as start : Invalid Char accepted as other NL0x1C4-0x1CC : Invalid char accepted as start : Invalid Char accepted as other NL0x1F1-0x1F3 : Invalid char accepted as start : Invalid Char accepted as other NL0x2B0-0x2B8 : Invalid Char accepted as other NL0x2BB-0x2C1 : Start char not acceptedNL0x2E0-0x2E4 : Invalid Char accepted as other NL0x37A-0x37A : Invalid Char accepted as other NL0x387-0x387 : Other char not acceptedNL0x559-0x559 : Start char not acceptedNL0x587-0x587 : Invalid char accepted as start : Invalid Char accepted as other NL0x6E5-0x6E6 : Start char not acceptedNL0xEDC-0xEDD : Invalid char accepted as start : Invalid Char accepted as other NL0x1101-0x1101 : Invalid char accepted as start : Invalid Char accepted as other NL0x1104-0x1104 : Invalid char accepted as start : Invalid Char accepted as other NL0x1108-0x1108 : Invalid char accepted as start : Invalid Char accepted as other NL0x110A-0x110A : Invalid char accepted as start : Invalid Char accepted as other NL0x110D-0x110D : Invalid char accepted as start : Invalid Char accepted as other NL0x1113-0x113B : Invalid char accepted as start : Invalid Char accepted as other NL0x113D-0x113D : Invalid char accepted as start : Invalid Char accepted as other NL0x113F-0x113F : Invalid char accepted as start : Invalid Char accepted as other NL0x1141-0x114B : Invalid char accepted as start : Invalid Char accepted as other NL0x114D-0x114D : Invalid char accepted as start : Invalid Char accepted as other NL0x114F-0x114F : Invalid char accepted as start : Invalid Char accepted as other NL0x1151-0x1153 : Invalid char accepted as start : Invalid Char accepted as other NL0x1156-0x1158 : Invalid char accepted as start : Invalid Char accepted as other NL0x1162-0x1162 : Invalid char accepted as start : Invalid Char accepted as other NL0x1164-0x1164 : Invalid char accepted as start : Invalid Char accepted as other NL0x1166-0x1166 : Invalid char accepted as start : Invalid Char accepted as other NL0x1168-0x1168 : Invalid char accepted as start : Invalid Char accepted as other NL0x116A-0x116C : Invalid char accepted as start : Invalid Char accepted as other NL0x116F-0x1171 : Invalid char accepted as start : Invalid Char accepted as other NL0x1174-0x1174 : Invalid char accepted as start : Invalid Char accepted as other NL0x1176-0x119D : Invalid char accepted as start : Invalid Char accepted as other NL0x119F-0x11A2 : Invalid char accepted as start : Invalid Char accepted as other NL0x11A9-0x11AA : Invalid char accepted as start : Invalid Char accepted as other NL0x11AC-0x11AD : Invalid char accepted as start : Invalid Char accepted as other NL0x11B0-0x11B6 : Invalid char accepted as start : Invalid Char accepted as other NL0x11B9-0x11B9 : Invalid char accepted as start : Invalid Char accepted as other NL0x11BB-0x11BB : Invalid char accepted as start : Invalid Char accepted as other NL0x11C3-0x11EA : Invalid char accepted as start : Invalid Char accepted as other NL0x11EC-0x11EF : Invalid char accepted as start : Invalid Char accepted as other NL0x11F1-0x11F8 : Invalid char accepted as start : Invalid Char accepted as other NL0x207F-0x207F : Invalid char accepted as start : Invalid Char accepted as other NL0x20DD-0x20E0 : Invalid Char accepted as other NL0x2102-0x2102 : Invalid char accepted as start : Invalid Char accepted as other NL0x2107-0x2107 : Invalid char accepted as start : Invalid Char accepted as other NL0x210A-0x2113 : Invalid char accepted as start : Invalid Char accepted as other NL0x2115-0x2115 : Invalid char accepted as start : Invalid Char accepted as other NL0x2118-0x211D : Invalid char accepted as start : Invalid Char accepted as other NL0x2124-0x2124 : Invalid char accepted as start : Invalid Char accepted as other NL0x2128-0x2128 : Invalid char accepted as start : Invalid Char accepted as other NL0x212C-0x212D : Invalid char accepted as start : Invalid Char accepted as other NL0x212F-0x2131 : Invalid char accepted as start : Invalid Char accepted as other NL0x2133-0x2138 : Invalid char accepted as start : Invalid Char accepted as other NL0x2160-0x217F : Invalid char accepted as start : Invalid Char accepted as other NL0x309B-0x309C : Invalid Char accepted as other NL0x3131-0x318E : Invalid char accepted as start : Invalid Char accepted as other NL0xF900-0xFA2D : Invalid char accepted as start : Invalid Char accepted as other NL0xFB00-0xFB06 : Invalid char accepted as start : Invalid Char accepted as other NL0xFB13-0xFB17 : Invalid char accepted as start : Invalid Char accepted as other NL0xFB1E-0xFB1E : Invalid Char accepted as other NL0xFB1F-0xFB28 : Invalid char accepted as start : Invalid Char accepted as other NL0xFB2A-0xFB36 : Invalid char accepted as start : Invalid Char accepted as other NL0xFB38-0xFB3C : Invalid char accepted as start : Invalid Char accepted as other NL0xFB3E-0xFB3E : Invalid char accepted as start : Invalid Char accepted as other NL0xFB40-0xFB41 : Invalid char accepted as start : Invalid Char accepted as other NL0xFB43-0xFB44 : Invalid char accepted as start : Invalid Char accepted as other NL0xFB46-0xFBB1 : Invalid char accepted as start : Invalid Char accepted as other NL0xFBD3-0xFD3D : Invalid char accepted as start : Invalid Char accepted as other NL0xFD50-0xFD8F : Invalid char accepted as start : Invalid Char accepted as other NL0xFD92-0xFDC7 : Invalid char accepted as start : Invalid Char accepted as
TEST_ID=e4x/Namespace/regress-292863.js, TEST_BRANCH=(1.8.1|1.9.0), TEST_RESULT=FAILED, TEST_BUILDTYPE=(debug|opt), TEST_TYPE=(browser|shell), TEST_OS=(linux|mac|win32), TEST_MACHINE=.*, TEST_PROCESSORTYPE=.*, TEST_KERNEL=.*, TEST_DATE=.*, TEST_TIMEZONE=.*, TEST_DESCRIPTION=Section 1 of test - Undeclaring namespace prefix should cause parse error expected: error actual: no error reason: Expected value 'error', Actual value 'no error'
TEST_ID=e4x/Regress/regress-352223.js, TEST_BRANCH=1.8.1, TEST_RESULT=FAILED, TEST_BUILDTYPE=(debug|opt), TEST_TYPE=(browser|shell), TEST_OS=(linux|mac|win32), TEST_MACHINE=.*, TEST_PROCESSORTYPE=.*, TEST_KERNEL=.*, TEST_DATE=.*, TEST_TIMEZONE=.*, TEST_DESCRIPTION=Section 1 of test - Reject invalid spaces in tags expected: SyntaxError: invalid XML name actual:  reason: Expected value 'SyntaxError: invalid XML name', Actual value ''
TEST_ID=e4x/Regress/regress-352223.js, TEST_BRANCH=1.8.1, TEST_RESULT=FAILED, TEST_BUILDTYPE=(debug|opt), TEST_TYPE=(browser|shell), TEST_OS=(linux|mac|win32), TEST_MACHINE=.*, TEST_PROCESSORTYPE=.*, TEST_KERNEL=.*, TEST_DATE=.*, TEST_TIMEZONE=.*, TEST_DESCRIPTION=Section 2 of test - Reject invalid spaces in tags expected: SyntaxError: invalid XML tag syntax actual:  reason: Expected value 'SyntaxError: invalid XML tag syntax', Actual value ''
TEST_ID=e4x/Regress/regress-369032.js, TEST_BRANCH=1.8.1, TEST_RESULT=FAILED, TEST_BUILDTYPE=debug, TEST_TYPE=browser, TEST_OS=(linux|mac), TEST_MACHINE=.*, TEST_PROCESSORTYPE=.*, TEST_KERNEL=.*, TEST_DATE=.*, TEST_TIMEZONE=.*, TEST_DESCRIPTION=EXIT STATUS: CRASHED signal `[`1`-`9`]``[`0`-`9`]``*` (`[`0`-`9`.``]``+` seconds), BUGNUMBER: 369032; STATUS: Do not assert: kid2->parent == xml || !kid2->parent; Assertion failure: kid2->parent == xml || !kid2->parent, at `.``*`jsxml.c:`[`0`-`9`]``+`
TEST_ID=e4x/Regress/regress-369032.js, TEST_BRANCH=1.8.1, TEST_RESULT=FAILED, TEST_BUILDTYPE=debug, TEST_TYPE=browser, TEST_OS=win32, TEST_MACHINE=.*, TEST_PROCESSORTYPE=.*, TEST_KERNEL=.*, TEST_DATE=.*, TEST_TIMEZONE=.*, TEST_DESCRIPTION=EXIT STATUS: CRASHED 3 (`[`0`-`9`.``]``+` seconds), BUGNUMBER: 369032; STATUS: Do not assert: kid2->parent == xml || !kid2->parent
TEST_ID=e4x/Regress/regress-369032.js, TEST_BRANCH=1.8.1, TEST_RESULT=FAILED, TEST_BUILDTYPE=debug, TEST_TYPE=shell, TEST_OS=(linux|mac), TEST_MACHINE=.*, TEST_PROCESSORTYPE=.*, TEST_KERNEL=.*, TEST_DATE=.*, TEST_TIMEZONE=.*, TEST_DESCRIPTION= expected: Expected exit 0 actual: Actual exit 0, signal `[`1`-`9`]``[`0`-`9`]``*` reason: Assertion failure: kid2->parent == xml || !kid2->parent, at jsxml.c:`[`0`-`9`]``+`
TEST_ID=e4x/Regress/regress-369032.js, TEST_BRANCH=1.8.1, TEST_RESULT=FAILED, TEST_BUILDTYPE=debug, TEST_TYPE=shell, TEST_OS=win32, TEST_MACHINE=.*, TEST_PROCESSORTYPE=.*, TEST_KERNEL=.*, TEST_DATE=.*, TEST_TIMEZONE=.*, TEST_DESCRIPTION= expected: Expected exit 0 actual: Actual exit 3, signal 0 reason: Testcase produced no output!
TEST_ID=e4x/Regress/regress-369032.js, TEST_BRANCH=1.8.1, TEST_RESULT=FAILED, TEST_BUILDTYPE=opt, TEST_TYPE=(browser|shell), TEST_OS=(linux|mac|win32), TEST_MACHINE=.*, TEST_PROCESSORTYPE=.*, TEST_KERNEL=.*, TEST_DATE=.*, TEST_TIMEZONE=.*, TEST_DESCRIPTION=Section 2 of test - Do not assert: kid2->parent == xml || !kid2->parent expected: <x>NL  <b>NL    <a>3</a>NL  </b>NL</x> actual: <x>NL  <b>5</b>NL</x> reason: Expected value '<x>NL  <b>NL    <a>3</a>NL  </b>NL</x>', Actual value '<x>NL  <b>5</b>NL</x>'
TEST_ID=e4x/Regress/regress-369740.js, TEST_BRANCH=1.8.1, TEST_RESULT=FAILED, TEST_BUILDTYPE=(debug|opt), TEST_TYPE=(browser|shell), TEST_OS=(linux|mac|win32), TEST_MACHINE=.*, TEST_PROCESSORTYPE=.*, TEST_KERNEL=.*, TEST_DATE=.*, TEST_TIMEZONE=.*, TEST_DESCRIPTION=Section 3 of test - generic code for function:: expected: test actual: TypeError: can't set property @mozilla.org/js/function::toString in XMLList reason: Expected value 'test', Actual value 'TypeError: can't set property @mozilla.org/js/function::toString in XMLList'
TEST_ID=e4x/Regress/regress-370016.js, TEST_BRANCH=1.8.1, TEST_RESULT=FAILED, TEST_BUILDTYPE=(debug|opt), TEST_TYPE=browser, TEST_OS=(linux|mac|win32), TEST_MACHINE=.*, TEST_PROCESSORTYPE=.*, TEST_KERNEL=.*, TEST_DATE=.*, TEST_TIMEZONE=.*, TEST_DESCRIPTION=with (nonxmlobj) function:: Section  expected:  actual: error reason: reference to undefined XML name @mozilla.org/js/function::sin Page: http://`.``*`/e4x/Regress/regress-370016.js Line: `[`0`-`9`]``+`
TEST_ID=e4x/Regress/regress-370016.js, TEST_BRANCH=1.8.1, TEST_RESULT=FAILED, TEST_BUILDTYPE=(debug|opt), TEST_TYPE=shell, TEST_OS=(linux|mac), TEST_MACHINE=.*, TEST_PROCESSORTYPE=.*, TEST_KERNEL=.*, TEST_DATE=.*, TEST_TIMEZONE=.*, TEST_DESCRIPTION= expected: Expected exit 0 actual: Actual exit 3, signal 0 reason: ./e4x/Regress/regress-370016.js:`[`0`-`9`]``+`: ReferenceError: reference to undefined XML name @mozilla.org/js/function::sin BUGNUMBER: 370016 STATUS: with (nonxmlobj) function::
TEST_ID=e4x/Regress/regress-370016.js, TEST_BRANCH=1.8.1, TEST_RESULT=FAILED, TEST_BUILDTYPE=(debug|opt), TEST_TYPE=shell, TEST_OS=win32, TEST_MACHINE=.*, TEST_PROCESSORTYPE=.*, TEST_KERNEL=.*, TEST_DATE=.*, TEST_TIMEZONE=.*, TEST_DESCRIPTION= expected: Expected exit 0 actual: Actual exit 3, signal 0 reason: BUGNUMBER: 370016 STATUS: with (nonxmlobj) function:: ./e4x/Regress/regress-370016.js:`[`0`-`9`]``+`: ReferenceError: reference to undefined XML name @mozilla.org/js/function::sin
TEST_ID=e4x/Regress/regress-370048-01.js, TEST_BRANCH=1.8.1, TEST_RESULT=FAILED, TEST_BUILDTYPE=(debug|opt), TEST_TYPE=browser, TEST_OS=(linux|mac|win32), TEST_MACHINE=.*, TEST_PROCESSORTYPE=.*, TEST_KERNEL=.*, TEST_DATE=.*, TEST_TIMEZONE=.*, TEST_DESCRIPTION=with (obj) function:: with xml lists Section  expected:  actual: error reason: reference to undefined XML name @mozilla.org/js/function::length Page: http://`.``*`/e4x/Regress/regress-370048-01.js Line: `[`0`-`9`]``+`
TEST_ID=e4x/Regress/regress-370048-01.js, TEST_BRANCH=1.8.1, TEST_RESULT=FAILED, TEST_BUILDTYPE=(debug|opt), TEST_TYPE=shell, TEST_OS=(linux|mac), TEST_MACHINE=.*, TEST_PROCESSORTYPE=.*, TEST_KERNEL=.*, TEST_DATE=.*, TEST_TIMEZONE=.*, TEST_DESCRIPTION= expected: Expected exit 0 actual: Actual exit 3, signal 0 reason: ./e4x/Regress/regress-370048-01.js:`[`0`-`9`]``+`: ReferenceError: reference to undefined XML name @mozilla.org/js/function::length BUGNUMBER: 370048 STATUS: with (obj) function:: with xml lists
TEST_ID=e4x/Regress/regress-370048-01.js, TEST_BRANCH=1.8.1, TEST_RESULT=FAILED, TEST_BUILDTYPE=(debug|opt), TEST_TYPE=shell, TEST_OS=win32, TEST_MACHINE=.*, TEST_PROCESSORTYPE=.*, TEST_KERNEL=.*, TEST_DATE=.*, TEST_TIMEZONE=.*, TEST_DESCRIPTION= expected: Expected exit 0 actual: Actual exit 3, signal 0 reason: BUGNUMBER: 370048 STATUS: with (obj) function:: with xml lists ./e4x/Regress/regress-370048-01.js:`[`0`-`9`]``+`: ReferenceError: reference to undefined XML name @mozilla.org/js/function::length
TEST_ID=e4x/Regress/regress-370372.js, TEST_BRANCH=1.8.1, TEST_RESULT=FAILED, TEST_BUILDTYPE=(debug|opt), TEST_TYPE=browser, TEST_OS=(linux|mac|win32), TEST_MACHINE=.*, TEST_PROCESSORTYPE=.*, TEST_KERNEL=.*, TEST_DATE=.*, TEST_TIMEZONE=.*, TEST_DESCRIPTION=with (xmllist) function::name assignments Section  expected:  actual: error reason: reference to undefined XML name @mozilla.org/js/function::toString Page: http://`.``*`/e4x/Regress/regress-370372.js Line: `[`0`-`9`]``+`
TEST_ID=e4x/Regress/regress-370372.js, TEST_BRANCH=1.8.1, TEST_RESULT=FAILED, TEST_BUILDTYPE=(debug|opt), TEST_TYPE=shell, TEST_OS=(linux|mac), TEST_MACHINE=.*, TEST_PROCESSORTYPE=.*, TEST_KERNEL=.*, TEST_DATE=.*, TEST_TIMEZONE=.*, TEST_DESCRIPTION= expected: Expected exit 0 actual: Actual exit 3, signal 0 reason: ./e4x/Regress/regress-370372.js:`[`0`-`9`]``+`: ReferenceError: reference to undefined XML name @mozilla.org/js/function::toString BUGNUMBER: 370372 STATUS: with (xmllist) function::name assignments
TEST_ID=e4x/Regress/regress-370372.js, TEST_BRANCH=1.8.1, TEST_RESULT=FAILED, TEST_BUILDTYPE=(debug|opt), TEST_TYPE=shell, TEST_OS=win32, TEST_MACHINE=.*, TEST_PROCESSORTYPE=.*, TEST_KERNEL=.*, TEST_DATE=.*, TEST_TIMEZONE=.*, TEST_DESCRIPTION= expected: Expected exit 0 actual: Actual exit 3, signal 0 reason: BUGNUMBER: 370372 STATUS: with (xmllist) function::name assignments ./e4x/Regress/regress-370372.js:`[`0`-`9`]``+`: ReferenceError: reference to undefined XML name @mozilla.org/js/function::toString
TEST_ID=e4x/TypeConversion/10.2.1.js, TEST_BRANCH=(1.8.1|1.9.0), TEST_RESULT=FAILED, TEST_BUILDTYPE=(debug|opt), TEST_TYPE=(browser|shell), TEST_OS=(linux|mac|win32), TEST_MACHINE=.*, TEST_PROCESSORTYPE=.*, TEST_KERNEL=.*, TEST_DATE=.*, TEST_TIMEZONE=.*, TEST_DESCRIPTION=Section 5 of test - 10.2.1 - XML.toXMLString expected:
TEST_ID=e4x/XML/13.4.4.26.js, TEST_BRANCH=1.8.1, TEST_RESULT=FAILED, TEST_BUILDTYPE=(debug|opt), TEST_TYPE=(browser|shell), TEST_OS=(linux|mac|win32), TEST_MACHINE=.*, TEST_PROCESSORTYPE=.*, TEST_KERNEL=.*, TEST_DATE=.*, TEST_TIMEZONE=.*, TEST_DESCRIPTION=Section 12 of test - 13.4.4.26 - XML normalize() expected: 1 actual: 0 reason: Expected value '1', Actual value '0'
TEST_ID=e4x/XML/13.4.4.26.js, TEST_BRANCH=1.8.1, TEST_RESULT=FAILED, TEST_BUILDTYPE=(debug|opt), TEST_TYPE=(browser|shell), TEST_OS=(linux|mac|win32), TEST_MACHINE=.*, TEST_PROCESSORTYPE=.*, TEST_KERNEL=.*, TEST_DATE=.*, TEST_TIMEZONE=.*, TEST_DESCRIPTION=Section 13 of test - 13.4.4.26 - XML normalize() expected: 1 actual: 0 reason: Expected value '1', Actual value '0'
TEST_ID=e4x/XML/13.4.4.26.js, TEST_BRANCH=1.8.1, TEST_RESULT=FAILED, TEST_BUILDTYPE=(debug|opt), TEST_TYPE=(browser|shell), TEST_OS=(linux|mac|win32), TEST_MACHINE=.*, TEST_PROCESSORTYPE=.*, TEST_KERNEL=.*, TEST_DATE=.*, TEST_TIMEZONE=.*, TEST_DESCRIPTION=Section 22 of test - 13.4.4.26 - XML normalize() expected: <alpha><beta/> </alpha> actual: <alpha><beta/></alpha> reason: Expected value '<alpha><beta/> </alpha>', Actual value '<alpha><beta/></alpha>'
TEST_ID=e4x/XML/13.4.4.26.js, TEST_BRANCH=1.8.1, TEST_RESULT=FAILED, TEST_BUILDTYPE=(debug|opt), TEST_TYPE=(browser|shell), TEST_OS=(linux|mac|win32), TEST_MACHINE=.*, TEST_PROCESSORTYPE=.*, TEST_KERNEL=.*, TEST_DATE=.*, TEST_TIMEZONE=.*, TEST_DESCRIPTION=Section 23 of test - 13.4.4.26 - XML normalize() expected: 2 actual: 1 reason: Expected value '2', Actual value '1'
TEST_ID=e4x/XML/13.4.4.26.js, TEST_BRANCH=1.8.1, TEST_RESULT=FAILED, TEST_BUILDTYPE=(debug|opt), TEST_TYPE=(browser|shell), TEST_OS=(linux|mac|win32), TEST_MACHINE=.*, TEST_PROCESSORTYPE=.*, TEST_KERNEL=.*, TEST_DATE=.*, TEST_TIMEZONE=.*, TEST_DESCRIPTION=Section 3 of test - 13.4.4.26 - XML normalize() expected: <alpha> <bravo> one </bravo> </alpha> actual: <alpha><bravo> one </bravo></alpha> reason: Expected value '<alpha> <bravo> one </bravo> </alpha>', Actual value '<alpha><bravo> one </bravo></alpha>'
TEST_ID=e4x/XML/13.4.4.26.js, TEST_BRANCH=1.8.1, TEST_RESULT=FAILED, TEST_BUILDTYPE=(debug|opt), TEST_TYPE=(browser|shell), TEST_OS=(linux|mac|win32), TEST_MACHINE=.*, TEST_PROCESSORTYPE=.*, TEST_KERNEL=.*, TEST_DATE=.*, TEST_TIMEZONE=.*, TEST_DESCRIPTION=Section 4 of test - 13.4.4.26 - XML normalize() expected: <alpha>  </alpha> actual: <alpha/> reason: Expected value '<alpha>  </alpha>', Actual value '<alpha/>'
TEST_ID=e4x/XML/13.4.4.26.js, TEST_BRANCH=1.8.1, TEST_RESULT=FAILED, TEST_BUILDTYPE=(debug|opt), TEST_TYPE=(browser|shell), TEST_OS=(linux|mac|win32), TEST_MACHINE=.*, TEST_PROCESSORTYPE=.*, TEST_KERNEL=.*, TEST_DATE=.*, TEST_TIMEZONE=.*, TEST_DESCRIPTION=Section 5 of test - 13.4.4.26 - XML normalize() expected: 2 actual: 0 reason: Expected value '2', Actual value '0'
TEST_ID=e4x/XML/13.4.4.26.js, TEST_BRANCH=1.8.1, TEST_RESULT=FAILED, TEST_BUILDTYPE=(debug|opt), TEST_TYPE=(browser|shell), TEST_OS=(linux|mac|win32), TEST_MACHINE=.*, TEST_PROCESSORTYPE=.*, TEST_KERNEL=.*, TEST_DATE=.*, TEST_TIMEZONE=.*, TEST_DESCRIPTION=Section 6 of test - 13.4.4.26 - XML normalize() expected: <alpha>  </alpha> actual: <alpha/> reason: Expected value '<alpha>  </alpha>', Actual value '<alpha/>'
TEST_ID=e4x/XML/13.4.4.26.js, TEST_BRANCH=1.8.1, TEST_RESULT=FAILED, TEST_BUILDTYPE=(debug|opt), TEST_TYPE=(browser|shell), TEST_OS=(linux|mac|win32), TEST_MACHINE=.*, TEST_PROCESSORTYPE=.*, TEST_KERNEL=.*, TEST_DATE=.*, TEST_TIMEZONE=.*, TEST_DESCRIPTION=Section 7 of test - 13.4.4.26 - XML normalize() expected: 1 actual: 0 reason: Expected value '1', Actual value '0'
TEST_ID=e4x/XML/13.4.4.26.js, TEST_BRANCH=1.8.1, TEST_RESULT=FAILED, TEST_BUILDTYPE=(debug|opt), TEST_TYPE=(browser|shell), TEST_OS=(linux|mac|win32), TEST_MACHINE=.*, TEST_PROCESSORTYPE=.*, TEST_KERNEL=.*, TEST_DATE=.*, TEST_TIMEZONE=.*, TEST_DESCRIPTION=Section 8 of test - 13.4.4.26 - XML normalize() expected: <alpha>  <bravo> fun </bravo></alpha> actual: <alpha><bravo> fun </bravo></alpha> reason: Expected value '<alpha>  <bravo> fun </bravo></alpha>', Actual value '<alpha><bravo> fun </bravo></alpha>'
TEST_ID=e4x/XML/13.4.4.26.js, TEST_BRANCH=1.8.1, TEST_RESULT=FAILED, TEST_BUILDTYPE=(debug|opt), TEST_TYPE=(browser|shell), TEST_OS=(linux|mac|win32), TEST_MACHINE=.*, TEST_PROCESSORTYPE=.*, TEST_KERNEL=.*, TEST_DATE=.*, TEST_TIMEZONE=.*, TEST_DESCRIPTION=Section 9 of test - 13.4.4.26 - XML normalize() expected: 2 actual: 1 reason: Expected value '2', Actual value '1'
TEST_ID=e4x/XML/regress-376773.js, TEST_BRANCH=1.8.1, TEST_RESULT=FAILED, TEST_BUILDTYPE=(debug|opt), TEST_TYPE=browser, TEST_OS=(linux|mac|win32), TEST_MACHINE=.*, TEST_PROCESSORTYPE=.*, TEST_KERNEL=.*, TEST_DATE=.*, TEST_TIMEZONE=.*, TEST_DESCRIPTION=xmlsimple.stringmethod === xmlsimple.function::stringmethod Section 61 expected: t actual: error reason: reference to undefined XML name @mozilla.org/js/function::charAt Page: http://`.``*`/e4x/XML/regress-376773.js Line: `[`0`-`9`]``+`
TEST_ID=e4x/XML/regress-376773.js, TEST_BRANCH=1.8.1, TEST_RESULT=FAILED, TEST_BUILDTYPE=(debug|opt), TEST_TYPE=shell, TEST_OS=(linux|mac), TEST_MACHINE=.*, TEST_PROCESSORTYPE=.*, TEST_KERNEL=.*, TEST_DATE=.*, TEST_TIMEZONE=.*, TEST_DESCRIPTION= expected: Expected exit 0 actual: Actual exit 3, signal 0 reason: BUGNUMBER: 376773 STATUS: xmlsimple.stringmethod === xmlsimple.function::stringmethod PASSED! Section 1 of test - xmlsimple.stringmethod === xmlsimple.function::stringmethod PASSED! Section 2 of test - xmlsimple.stringmethod === xmlsimple.function::stringmethod PASSED! Section 3 of test - xmlsimple.stringmethod === xmlsimple.function::stringmethod PASSED! Section 4 of test - xmlsimple.stringmethod === xmlsimple.function::stringmethod PASSED! Section 5 of test - xmlsimple.stringmethod === xmlsimple.function::stringmethod PASSED! Section 6 of test - xmlsimple.stringmethod === xmlsimple.function::stringmethod PASSED! Section 7 of test - xmlsimple.stringmethod === xmlsimple.function::stringmethod PASSED! Section 8 of test - xmlsimple.stringmethod === xmlsimple.function::stringmethod PASSED! Section 9 of test - xmlsimple.stringmethod === xmlsimple.function::stringmethod PASSED! Section 10 of test - xmlsimple.stringmethod === xmlsimple.function::stringmethod PASSED! Section 11 of test - xmlsimple.stringmethod === xmlsimple.function::stringmethod PASSED! Section 12 of test - xmlsimple.stringmethod === xmlsimple.function::stringmethod PASSED! Section 13 of test - xmlsimple.stringmethod === xmlsimple.function::stringmethod PASSED! Section 14 of test - xmlsimple.stringmethod === xmlsimple.function::stringmethod PASSED! Section 15 of test - xmlsimple.stringmethod === xmlsimple.function::stringmethod PASSED! Section 16 of test - xmlsimple.stringmethod === xmlsimple.function::stringmethod PASSED! Section 17 of test - xmlsimple.stringmethod === xmlsimple.function::stringmethod PASSED! Section 18 of test - xmlsimple.stringmethod === xmlsimple.function::stringmethod PASSED! Section 19 of test - xmlsimple.stringmethod === xmlsimple.function::stringmethod PASSED! Section 20 of test - xmlsimple.stringmethod === xmlsimple.function::stringmethod PASSED! Section 21 of test - xmlsimple.stringmethod === xmlsimple.function::stringmethod PASSED! Section 22 of test - xmlsimple.stringmethod === xmlsimple.function::stringmethod PASSED! Section 23 of test - xmlsimple.stringmethod === xmlsimple.function::stringmethod PASSED! Section 24 of test - xmlsimple.stringmethod === xmlsimple.function::stringmethod PASSED! Section 25 of test - xmlsimple.stringmethod === xmlsimple.function::stringmethod PASSED! Section 26 of test - xmlsimple.stringmethod === xmlsimple.function::stringmethod PASSED! Section 27 of test - xmlsimple.stringmethod === xmlsimple.function::stringmethod PASSED! Section 28 of test - xmlsimple.stringmethod === xmlsimple.function::stringmethod PASSED! Section 29 of test - xmlsimple.stringmethod === xmlsimple.function::stringmethod PASSED! Section 30 of test - xmlsimple.stringmethod === xmlsimple.function::stringmethod PASSED! Section 31 of test - xmlsimple.stringmethod === xmlsimple.function::stringmethod PASSED! Section 32 of test - xmlsimple.stringmethod === xmlsimple.function::stringmethod PASSED! Section 33 of test - xmlsimple.stringmethod === xmlsimple.function::stringmethod PASSED! Section 34 of test - xmlsimple.stringmethod === xmlsimple.function::stringmethod PASSED! Section 35 of test - xmlsimple.stringmethod === xmlsimple.function::stringmethod PASSED! Section 36 of test - xmlsimple.stringmethod === xmlsimple.function::stringmethod PASSED! Section 37 of test - xmlsimple.stringmethod === xmlsimple.function::stringmethod PASSED! Section 38 of test - xmlsimple.stringmethod === xmlsimple.function::stringmethod PASSED! Section 39 of test - xmlsimple.stringmethod === xmlsimple.function::stringmethod PASSED! Section 40 of test - xmlsimple.stringmethod === xmlsimple.function::stringmethod PASSED! Section 41 of test - xmlsimple.stringmethod === xmlsimple.function::stringmethod PASSED! Section 42 of test - xmlsimple.stringmethod === xmlsimple.function::stringmethod PASSED! Section 43 of test - xmlsimple.stringmethod === xmlsimple.function::stringmethod PASSED! Section 44 of test - xmlsimple.stringmethod === xmlsimple.function::stringmethod PASSED! Section 45 of test - xmlsimple.stringmethod === xmlsimple.function::stringmethod PASSED! Sectio./e4x/XML/regress-376773.js:`[`0`-`9`]``+`: ReferenceError: reference to undefined XML name @mozilla.org/js/function::charAt n 46 of test - xmlsimple.stringmethod === xmlsimple.function::stringmethod PASSED! Section 47 of test - xmlsimple.stringmethod === xmlsimple.function::stringmethod PASSED! Section 48 of test - xmlsimple.stringmethod === xmlsimple.function::stringmethod PASSED! Section 49 of test - xmlsimple.stringmethod === xmlsimple.function::stringmethod PASSED! Section 50 of test - xmlsimple.stringmethod === xmlsimple.function::stringmethod PASSED! Section 51 of test - xmlsimple.stringmethod === xmlsimple.function::stringmethod PASSED! Section 52 of test - xmlsimple.stringmethod === xmlsimple.function::stringmethod PASSED! Section 53 of test - xmlsimple.stringmethod === xmlsimple.function::stringmethod PASSED! Section 54 of test - xmlsimple.stringmethod === xmlsimple.function::stringmethod PASSED! Section 55 of test - xmlsimple.stringmethod === xmlsimple.function::stringmethod PASSED! Section 56 of test - xmlsimple.stringmethod === xmlsimple.function::stringmethod PASSED! Section 57 of test - xmlsimple.stringmethod === xmlsimple.function::stringmethod PASSED! Section 58 of test - xmlsimple.stringmethod === xmlsimple.function::stringmethod PASSED! Section 59 of test - xmlsimple.stringmethod === xmlsimple.function::stringmethod PASSED! Section 60 of test - xmlsimple.stringmethod === xmlsimple.function::stringmethod PASSED! Section 61 of test - xmlsimple.stringmethod === xmlsimple.function::stringmethod
TEST_ID=e4x/XML/regress-376773.js, TEST_BRANCH=1.8.1, TEST_RESULT=FAILED, TEST_BUILDTYPE=(debug|opt), TEST_TYPE=shell, TEST_OS=win32, TEST_MACHINE=.*, TEST_PROCESSORTYPE=.*, TEST_KERNEL=.*, TEST_DATE=.*, TEST_TIMEZONE=.*, TEST_DESCRIPTION= expected: Expected exit 0 actual: Actual exit 3, signal 0 reason: BUGNUMBER: 376773 STATUS: xmlsimple.stringmethod === xmlsimple.function::stringmethod PASSED! Section 1 of test - xmlsimple.stringmethod === xmlsimple.function::stringmethod PASSED! Section 2 of test - xmlsimple.stringmethod === xmlsimple.function::stringmethod PASSED! Section 3 of test - xmlsimple.stringmethod === xmlsimple.function::stringmethod PASSED! Section 4 of test - xmlsimple.stringmethod === xmlsimple.function::stringmethod PASSED! Section 5 of test - xmlsimple.stringmethod === xmlsimple.function::stringmethod PASSED! Section 6 of test - xmlsimple.stringmethod === xmlsimple.function::stringmethod PASSED! Section 7 of test - xmlsimple.stringmethod === xmlsimple.function::stringmethod PASSED! Section 8 of test - xmlsimple.stringmethod === xmlsimple.function::stringmethod PASSED! Section 9 of test - xmlsimple.stringmethod === xmlsimple.function::stringmethod PASSED! Section 10 of test - xmlsimple.stringmethod === xmlsimple.function::stringmethod PASSED! Section 11 of test - xmlsimple.stringmethod === xmlsimple.function::stringmethod PASSED! Section 12 of test - xmlsimple.stringmethod === xmlsimple.function::stringmethod PASSED! Section 13 of test - xmlsimple.stringmethod === xmlsimple.function::stringmethod PASSED! Section 14 of test - xmlsimple.stringmethod === xmlsimple.function::stringmethod PASSED! Section 15 of test - xmlsimple.stringmethod === xmlsimple.function::stringmethod PASSED! Section 16 of test - xmlsimple.stringmethod === xmlsimple.function::stringmethod PASSED! Section 17 of test - xmlsimple.stringmethod === xmlsimple.function::stringmethod PASSED! Section 18 of test - xmlsimple.stringmethod === xmlsimple.function::stringmethod PASSED! Section 19 of test - xmlsimple.stringmethod === xmlsimple.function::stringmethod PASSED! Section 20 of test - xmlsimple.stringmethod === xmlsimple.function::stringmethod PASSED! Section 21 of test - xmlsimple.stringmethod === xmlsimple.function::stringmethod PASSED! Section 22 of test - xmlsimple.stringmethod === xmlsimple.function::stringmethod PASSED! Section 23 of test - xmlsimple.stringmethod === xmlsimple.function::stringmethod PASSED! Section 24 of test - xmlsimple.stringmethod === xmlsimple.function::stringmethod PASSED! Section 25 of test - xmlsimple.stringmethod === xmlsimple.function::stringmethod PASSED! Section 26 of test - xmlsimple.stringmethod === xmlsimple.function::stringmethod PASSED! Section 27 of test - xmlsimple.stringmethod === xmlsimple.function::stringmethod PASSED! Section 28 of test - xmlsimple.stringmethod === xmlsimple.function::stringmethod PASSED! Section 29 of test - xmlsimple.stringmethod === xmlsimple.function::stringmethod PASSED! Section 30 of test - xmlsimple.stringmethod === xmlsimple.function::stringmethod PASSED! Section 31 of test - xmlsimple.stringmethod === xmlsimple.function::stringmethod PASSED! Section 32 of test - xmlsimple.stringmethod === xmlsimple.function::stringmethod PASSED! Section 33 of test - xmlsimple.stringmethod === xmlsimple.function::stringmethod PASSED! Section 34 of test - xmlsimple.stringmethod === xmlsimple.function::stringmethod PASSED! Section 35 of test - xmlsimple.stringmethod === xmlsimple.function::stringmethod PASSED! Section 36 of test - xmlsimple.stringmethod === xmlsimple.function::stringmethod PASSED! Section 37 of test - xmlsimple.stringmethod === xmlsimple.function::stringmethod PASSED! Section 38 of test - xmlsimple.stringmethod === xmlsimple.function::stringmethod PASSED! Section 39 of test - xmlsimple.stringmethod === xmlsimple.function::stringmethod PASSED! Section 40 of test - xmlsimple.stringmethod === xmlsimple.function::stringmethod PASSED! Section 41 of test - xmlsimple.stringmethod === xmlsimple.function::stringmethod PASSED! Section 42 of test - xmlsimple.stringmethod === xmlsimple.function::stringmethod PASSED! Section 43 of test - xmlsimple.stringmethod === xmlsimple.function::stringmethod PASSED! Section 44 of test - xmlsimple.stringmethod === xmlsimple.function::stringmethod PASSED! Section 45 of test - xmlsimple.stringmethod === xmlsimple.function::stringmethod PASSED! Section 46 of test - xmlsimple.stringmethod === xmlsimple.function::stringmethod PASSED! Section 47 of test - xmlsimple.stringmethod === xmlsimple.function::stringmethod PASSED! Section 48 of test - xmlsimple.stringmethod === xmlsimple.function::stringmethod PASSED! Section 49 of test - xmlsimple.stringmethod === xmlsimple.function::stringmethod PASSED! Section 50 of test - xmlsimple.stringmethod === xmlsimple.function::stringmethod PASSED! Section 51 of test - xmlsimple.stringmethod === xmlsimple.function::stringmethod PASSED! Section 52 of test - xmlsimple.stringmethod === xmlsimple.function::stringmethod PASSED! Section 53 of test - xmlsimple.stringmethod === xmlsimple.function::stringmethod PASSED! Section 54 of test - xmlsimple.stringmethod === xmlsimple.function::stringmethod PASSED! Section 55 of test - xmlsimple.stringmethod === xmlsimple.function::stringmethod PASSED! Section 56 of test - xmlsimple.stringmethod === xmlsimple.function::stringmethod PASSED! Section 57 of test - xmlsimple.stringmethod === xmlsimple.function::stringmethod PASSED! Section 58 of test - xmlsimple.stringmethod === xmlsimple.function::stringmethod PASSED! Section 59 of test - xmlsimple.stringmethod === xmlsimple.function::stringmethod PASSED! Section 60 of test - xmlsimple.stringmethod === xmlsimple.function::stringmethod PASSED! Section 61 of test - xmlsimple.stringmethod === xmlsimple.function::stringmethod
TEST_ID=e4x/decompilation/decompile-xml-escapes.js, TEST_BRANCH=1.8.1, TEST_RESULT=FAILED, TEST_BUILDTYPE=(debug|opt), TEST_TYPE=(browser|shell), TEST_OS=(linux|mac|win32), TEST_MACHINE=.*, TEST_PROCESSORTYPE=.*, TEST_KERNEL=.*, TEST_DATE=.*, TEST_TIMEZONE=.*, TEST_DESCRIPTION=Section 1 of test - Decompiler escapes line breaks/backslashes in E4X literals expected: false actual: 'function anonymous() {NL    return <![CDATA[\\\\]]>;NL}' does not contain '<![CDATA[\\]]>'! reason: Type mismatch, expected type boolean, actual type string Expected value 'false', Actual value ''function anonymous() {NL    return <![CDATA[\\\\]]>;NL}' does not contain '<![CDATA[\\]]>'!'
TEST_ID=e4x/decompilation/decompile-xml-escapes.js, TEST_BRANCH=1.9.0, TEST_RESULT=FAILED, TEST_BUILDTYPE=(debug|opt), TEST_TYPE=(browser|shell), TEST_OS=(linux|mac|win32), TEST_MACHINE=.*, TEST_PROCESSORTYPE=.*, TEST_KERNEL=.*, TEST_DATE=.*, TEST_TIMEZONE=.*, TEST_DESCRIPTION=Section 1 of test - Decompiler escapes line breaks/backslashes in E4X literals expected: false actual: 'function anonymous() {NL    return <?f bNLNLcNLc?>;NL}' does not contain '<?f bNLNLcNLc?>'! reason: Type mismatch, expected type boolean, actual type string Expected value 'false', Actual value ''function anonymous() {NL    return <?f bNLNLcNLc?>;NL}' does not contain '<?f bNLNLcNLc?>'!'
TEST_ID=e4x/decompilation/regress-352013.js, TEST_BRANCH=1.8.1, TEST_RESULT=FAILED, TEST_BUILDTYPE=(debug|opt), TEST_TYPE=(browser|shell), TEST_OS=(linux|mac|win32), TEST_MACHINE=.*, TEST_PROCESSORTYPE=.*, TEST_KERNEL=.*, TEST_DATE=.*, TEST_TIMEZONE=.*, TEST_DESCRIPTION=Section 11 of test - Decompilation with new operator redeaux expected:  function ( ) { new ( x ( y ) . n : : z ) ; }  actual:  function ( ) { new x ( y ) . n : : z ; }  reason: Expected value ' function ( ) { new ( x ( y ) . n : : z ) ; } ', Actual value ' function ( ) { new x ( y ) . n : : z ; } '
TEST_ID=e4x/decompilation/regress-352013.js, TEST_BRANCH=1.8.1, TEST_RESULT=FAILED, TEST_BUILDTYPE=(debug|opt), TEST_TYPE=(browser|shell), TEST_OS=(linux|mac|win32), TEST_MACHINE=.*, TEST_PROCESSORTYPE=.*, TEST_KERNEL=.*, TEST_DATE=.*, TEST_TIMEZONE=.*, TEST_DESCRIPTION=Section 12 of test - Decompilation with new operator redeaux expected:  function ( ) { new ( x ( y ) . n : : z ) ; }  actual:  function ( ) { new x ( y ) . n : : z ; }  reason: Expected value ' function ( ) { new ( x ( y ) . n : : z ) ; } ', Actual value ' function ( ) { new x ( y ) . n : : z ; } '
TEST_ID=e4x/decompilation/regress-352013.js, TEST_BRANCH=1.8.1, TEST_RESULT=FAILED, TEST_BUILDTYPE=(debug|opt), TEST_TYPE=(browser|shell), TEST_OS=(linux|mac|win32), TEST_MACHINE=.*, TEST_PROCESSORTYPE=.*, TEST_KERNEL=.*, TEST_DATE=.*, TEST_TIMEZONE=.*, TEST_DESCRIPTION=Section 14 of test - Decompilation with new operator redeaux expected:  function ( ) { new ( x ( y ) . n : : [ z ] ) ; }  actual:  function ( ) { new x ( y ) . n : : [ z ] ; }  reason: Expected value ' function ( ) { new ( x ( y ) . n : : [ z ] ) ; } ', Actual value ' function ( ) { new x ( y ) . n : : [ z ] ; } '
TEST_ID=e4x/decompilation/regress-352013.js, TEST_BRANCH=1.8.1, TEST_RESULT=FAILED, TEST_BUILDTYPE=(debug|opt), TEST_TYPE=(browser|shell), TEST_OS=(linux|mac|win32), TEST_MACHINE=.*, TEST_PROCESSORTYPE=.*, TEST_KERNEL=.*, TEST_DATE=.*, TEST_TIMEZONE=.*, TEST_DESCRIPTION=Section 15 of test - Decompilation with new operator redeaux expected:  function ( ) { new ( x ( y ) . n : : [ z ] ) ; }  actual:  function ( ) { new x ( y ) . n : : [ z ] ; }  reason: Expected value ' function ( ) { new ( x ( y ) . n : : [ z ] ) ; } ', Actual value ' function ( ) { new x ( y ) . n : : [ z ] ; } '
TEST_ID=e4x/decompilation/regress-352013.js, TEST_BRANCH=1.8.1, TEST_RESULT=FAILED, TEST_BUILDTYPE=(debug|opt), TEST_TYPE=(browser|shell), TEST_OS=(linux|mac|win32), TEST_MACHINE=.*, TEST_PROCESSORTYPE=.*, TEST_KERNEL=.*, TEST_DATE=.*, TEST_TIMEZONE=.*, TEST_DESCRIPTION=Section 2 of test - Decompilation with new operator redeaux expected:  function ( ) { new ( x ( y ) [ z ] ) ; }  actual:  function ( ) { new x ( y ) [ z ] ; }  reason: Expected value ' function ( ) { new ( x ( y ) [ z ] ) ; } ', Actual value ' function ( ) { new x ( y ) [ z ] ; } '
TEST_ID=e4x/decompilation/regress-352013.js, TEST_BRANCH=1.8.1, TEST_RESULT=FAILED, TEST_BUILDTYPE=(debug|opt), TEST_TYPE=(browser|shell), TEST_OS=(linux|mac|win32), TEST_MACHINE=.*, TEST_PROCESSORTYPE=.*, TEST_KERNEL=.*, TEST_DATE=.*, TEST_TIMEZONE=.*, TEST_DESCRIPTION=Section 3 of test - Decompilation with new operator redeaux expected:  function ( ) { new ( x ( y ) [ z ] ) ; }  actual:  function ( ) { new x ( y ) [ z ] ; }  reason: Expected value ' function ( ) { new ( x ( y ) [ z ] ) ; } ', Actual value ' function ( ) { new x ( y ) [ z ] ; } '
TEST_ID=e4x/decompilation/regress-352013.js, TEST_BRANCH=1.8.1, TEST_RESULT=FAILED, TEST_BUILDTYPE=(debug|opt), TEST_TYPE=(browser|shell), TEST_OS=(linux|mac|win32), TEST_MACHINE=.*, TEST_PROCESSORTYPE=.*, TEST_KERNEL=.*, TEST_DATE=.*, TEST_TIMEZONE=.*, TEST_DESCRIPTION=Section 5 of test - Decompilation with new operator redeaux expected:  function ( ) { new ( x ( y ) . @ a ) ; }  actual:  function ( ) { new x ( y ) . @ a ; }  reason: Expected value ' function ( ) { new ( x ( y ) . @ a ) ; } ', Actual value ' function ( ) { new x ( y ) . @ a ; } '
TEST_ID=e4x/decompilation/regress-352013.js, TEST_BRANCH=1.8.1, TEST_RESULT=FAILED, TEST_BUILDTYPE=(debug|opt), TEST_TYPE=(browser|shell), TEST_OS=(linux|mac|win32), TEST_MACHINE=.*, TEST_PROCESSORTYPE=.*, TEST_KERNEL=.*, TEST_DATE=.*, TEST_TIMEZONE=.*, TEST_DESCRIPTION=Section 6 of test - Decompilation with new operator redeaux expected:  function ( ) { new ( x ( y ) . @ a ) ; }  actual:  function ( ) { new x ( y ) . @ a ; }  reason: Expected value ' function ( ) { new ( x ( y ) . @ a ) ; } ', Actual value ' function ( ) { new x ( y ) . @ a ; } '
TEST_ID=e4x/decompilation/regress-352013.js, TEST_BRANCH=1.8.1, TEST_RESULT=FAILED, TEST_BUILDTYPE=(debug|opt), TEST_TYPE=(browser|shell), TEST_OS=(linux|mac|win32), TEST_MACHINE=.*, TEST_PROCESSORTYPE=.*, TEST_KERNEL=.*, TEST_DATE=.*, TEST_TIMEZONE=.*, TEST_DESCRIPTION=Section 8 of test - Decompilation with new operator redeaux expected:  function ( ) { new ( x ( y ) . @ [ n : : a ] ) ; }  actual:  function ( ) { new x ( y ) . @ [ n : : a ] ; }  reason: Expected value ' function ( ) { new ( x ( y ) . @ [ n : : a ] ) ; } ', Actual value ' function ( ) { new x ( y ) . @ [ n : : a ] ; } '
TEST_ID=e4x/decompilation/regress-352013.js, TEST_BRANCH=1.8.1, TEST_RESULT=FAILED, TEST_BUILDTYPE=(debug|opt), TEST_TYPE=(browser|shell), TEST_OS=(linux|mac|win32), TEST_MACHINE=.*, TEST_PROCESSORTYPE=.*, TEST_KERNEL=.*, TEST_DATE=.*, TEST_TIMEZONE=.*, TEST_DESCRIPTION=Section 9 of test - Decompilation with new operator redeaux expected:  function ( ) { new ( x ( y ) . @ [ n : : a ] ) ; }  actual:  function ( ) { new x ( y ) . @ [ n : : a ] ; }  reason: Expected value ' function ( ) { new ( x ( y ) . @ [ n : : a ] ) ; } ', Actual value ' function ( ) { new x ( y ) . @ [ n : : a ] ; } '
TEST_ID=e4x/decompilation/regress-352789.js, TEST_BRANCH=1.8.1, TEST_RESULT=FAILED, TEST_BUILDTYPE=(debug|opt), TEST_TYPE=(browser|shell), TEST_OS=(linux|mac|win32), TEST_MACHINE=.*, TEST_PROCESSORTYPE=.*, TEST_KERNEL=.*, TEST_DATE=.*, TEST_TIMEZONE=.*, TEST_DESCRIPTION=Section 1 of test - Decompilation of new and .@ expected:  function ( ) { return new ( a ( ) . @ z ) ; }  actual:  function ( ) { return new a . @ z ; }  reason: Expected value ' function ( ) { return new ( a ( ) . @ z ) ; } ', Actual value ' function ( ) { return new a . @ z ; } '
TEST_ID=e4x/extensions/regress-312196.js, TEST_BRANCH=1.9.0, TEST_RESULT=FAILED, TEST_BUILDTYPE=(debug|opt), TEST_TYPE=(browser|shell), TEST_OS=(linux|mac|win32), TEST_MACHINE=.*, TEST_PROCESSORTYPE=.*, TEST_KERNEL=.*, TEST_DATE=.*, TEST_TIMEZONE=.*, TEST_DESCRIPTION=Section 1 of test - Extending E4X XML objects with __noSuchMethod__ expected: <object uri="http://localhost">NL  <request method="sample"/>NL  <parameter>this</parameter>NL  <parameter>is</parameter>NL  <parameter>a</parameter>NL  <parameter>test</parameter>NL</object> actual: TypeError: ws.function::sample is not a function reason: Expected value '<object uri="http://localhost">NL  <request method="sample"/>NL  <parameter>this</parameter>NL  <parameter>is</parameter>NL  <parameter>a</parameter>NL  <parameter>test</parameter>NL</object>', Actual value 'TypeError: ws.function::sample is not a function'
TEST_ID=e4x/extensions/regress-312196.js, TEST_BRANCH=1.9.0, TEST_RESULT=FAILED, TEST_BUILDTYPE=(debug|opt), TEST_TYPE=(browser|shell), TEST_OS=(linux|mac|win32), TEST_MACHINE=.*, TEST_PROCESSORTYPE=.*, TEST_KERNEL=.*, TEST_DATE=.*, TEST_TIMEZONE=.*, TEST_DESCRIPTION=Section 2 of test - Extending E4X XML objects with __noSuchMethod__ expected: <object uri="http://localhost">NL  <request method="sample"/>NL  <parameter>this</parameter>NL  <parameter>is</parameter>NL  <parameter>a</parameter>NL  <parameter>test</parameter>NL  <parameter>this</parameter>NL  <parameter>is</parameter>NL  <parameter>a</parameter>NL  <parameter>test</parameter>NL</object> actual: <object uri="http://localhost">NL  <request method="sample"/>NL  <parameter>this</parameter>NL  <parameter>is</parameter>NL  <parameter>a</parameter>NL  <parameter>test</parameter>NL</object> reason: Expected value '<object uri="http://localhost">NL  <request method="sample"/>NL  <parameter>this</parameter>NL  <parameter>is</parameter>NL  <parameter>a</parameter>NL  <parameter>test</parameter>NL  <parameter>this</parameter>NL  <parameter>is</parameter>NL  <parameter>a</parameter>NL  <parameter>test</parameter>NL</object>', Actual value '<object uri="http://localhost">NL  <request method="sample"/>NL  <parameter>this</parameter>NL  <parameter>is</parameter>NL  <parameter>a</parameter>NL  <parameter>test</parameter>NL</object>'
TEST_ID=e4x/extensions/regress-337226.js, TEST_BRANCH=1.8.1, TEST_RESULT=FAILED, TEST_BUILDTYPE=(debug|opt), TEST_TYPE=browser, TEST_OS=(linux|mac|win32), TEST_MACHINE=.*, TEST_PROCESSORTYPE=.*, TEST_KERNEL=.*, TEST_DATE=.*, TEST_TIMEZONE=.*, TEST_DESCRIPTION=function::globalfunction Section  expected:  actual: error reason: reference to undefined XML name @mozilla.org/js/function::parseInt Page: http://`.``*`/e4x/extensions/regress-337226.js Line: `[`0`-`9`]``+`
TEST_ID=e4x/extensions/regress-337226.js, TEST_BRANCH=1.8.1, TEST_RESULT=FAILED, TEST_BUILDTYPE=(debug|opt), TEST_TYPE=shell, TEST_OS=(linux|mac), TEST_MACHINE=.*, TEST_PROCESSORTYPE=.*, TEST_KERNEL=.*, TEST_DATE=.*, TEST_TIMEZONE=.*, TEST_DESCRIPTION= expected: Expected exit 0 actual: Actual exit 3, signal 0 reason: ./e4x/extensions/regress-337226.js:`[`0`-`9`]``+`: ReferenceError: reference to undefined XML name @mozilla.org/js/function::parseInt BUGNUMBER: 337226 STATUS: function::globalfunction
TEST_ID=e4x/extensions/regress-337226.js, TEST_BRANCH=1.8.1, TEST_RESULT=FAILED, TEST_BUILDTYPE=(debug|opt), TEST_TYPE=shell, TEST_OS=win32, TEST_MACHINE=.*, TEST_PROCESSORTYPE=.*, TEST_KERNEL=.*, TEST_DATE=.*, TEST_TIMEZONE=.*, TEST_DESCRIPTION= expected: Expected exit 0 actual: Actual exit 3, signal 0 reason: BUGNUMBER: 337226 STATUS: function::globalfunction ./e4x/extensions/regress-337226.js:`[`0`-`9`]``+`: ReferenceError: reference to undefined XML name @mozilla.org/js/function::parseInt
TEST_ID=ecma/Math/15.8.2.5.js, TEST_BRANCH=1.8.1, TEST_RESULT=FAILED, TEST_BUILDTYPE=debug, TEST_TYPE=browser, TEST_OS=win32, TEST_MACHINE=.*, TEST_PROCESSORTYPE=.*, TEST_KERNEL=.*, TEST_DATE=.*, TEST_TIMEZONE=.*, TEST_DESCRIPTION=Infinity/Math.atan2(-0, 1) expected: -Infinity actual: Infinity reason: wrong value
TEST_ID=ecma/Math/15.8.2.5.js, TEST_BRANCH=1.8.1, TEST_RESULT=FAILED, TEST_BUILDTYPE=debug, TEST_TYPE=browser, TEST_OS=win32, TEST_MACHINE=.*, TEST_PROCESSORTYPE=.*, TEST_KERNEL=.*, TEST_DATE=.*, TEST_TIMEZONE=.*, TEST_DESCRIPTION=Infinity/Math.atan2(-1, Infinity) expected: -Infinity actual: Infinity reason: wrong value
TEST_ID=ecma/ObjectObjects/15.2.4.2.js, TEST_BRANCH=1.9.0, TEST_RESULT=FAILED, TEST_BUILDTYPE=(debug|opt), TEST_TYPE=browser, TEST_OS=(linux|mac|win32), TEST_MACHINE=.*, TEST_PROCESSORTYPE=.*, TEST_KERNEL=.*, TEST_DATE=.*, TEST_TIMEZONE=.*, TEST_DESCRIPTION=myvar = this;  myvar.toString = Object.prototype.toString; myvar.toString() expected: [object Window] actual: [object XPCCrossOriginWrapper] reason:
TEST_ID=ecma/String/15.5.4.6-2.js, TEST_BRANCH=(1.8.1|1.9.0), TEST_RESULT=FAILED, TEST_BUILDTYPE=debug, TEST_TYPE=browser, TEST_OS=(linux|mac|win32), TEST_MACHINE=.*, TEST_PROCESSORTYPE=.*, TEST_KERNEL=.*, TEST_DATE=.*, TEST_TIMEZONE=.*, TEST_DESCRIPTION=var f = new Object( String.prototype.indexOf ); f('[object Window @ `[`x0`-`9a`-`f`]``+` (native @ `[`x0`-`9a`-`f`]``+`)]') expected: 0 actual: -1 reason: wrong value
TEST_ID=ecma/TypeConversion/9.2.js, TEST_BRANCH=1.8.1, TEST_RESULT=FAILED, TEST_BUILDTYPE=(debug|opt), TEST_TYPE=(browser|shell), TEST_OS=(linux|mac|win32), TEST_MACHINE=.*, TEST_PROCESSORTYPE=.*, TEST_KERNEL=.*, TEST_DATE=.*, TEST_TIMEZONE=.*, TEST_DESCRIPTION=!(0/0) expected: true actual: false reason: wrong value
TEST_ID=ecma/TypeConversion/9.2.js, TEST_BRANCH=1.8.1, TEST_RESULT=FAILED, TEST_BUILDTYPE=(debug|opt), TEST_TYPE=(browser|shell), TEST_OS=(linux|mac|win32), TEST_MACHINE=.*, TEST_PROCESSORTYPE=.*, TEST_KERNEL=.*, TEST_DATE=.*, TEST_TIMEZONE=.*, TEST_DESCRIPTION=1000 % 0 ? true : false expected: false actual: true reason: wrong value
TEST_ID=ecma/TypeConversion/9.3.1-3.js, TEST_BRANCH=(1.8.1|1.9.0), TEST_RESULT=FAILED, TEST_BUILDTYPE=debug, TEST_TYPE=(browser|shell), TEST_OS=linux, TEST_MACHINE=.*, TEST_PROCESSORTYPE=(athlon|i686), TEST_KERNEL=(2.6.18.*el5|2.6.18.*el5PAE|2.6.22.*fc6|2.6.23.*fc7|2.6.23.*fc8), TEST_DATE=.*, TEST_TIMEZONE=.*, TEST_DESCRIPTION=-s2 == -Infinity || -s2 == -1.7976931348623157e+308  expected: true actual: false reason: wrong value
TEST_ID=ecma/TypeConversion/9.3.1-3.js, TEST_BRANCH=(1.8.1|1.9.0), TEST_RESULT=FAILED, TEST_BUILDTYPE=debug, TEST_TYPE=(browser|shell), TEST_OS=linux, TEST_MACHINE=.*, TEST_PROCESSORTYPE=(athlon|i686), TEST_KERNEL=(2.6.18.*el5|2.6.18.*el5PAE|2.6.22.*fc6|2.6.23.*fc7|2.6.23.*fc8), TEST_DATE=.*, TEST_TIMEZONE=.*, TEST_DESCRIPTION=parseInt(s2) == Infinity || parseInt(s2) == 1.7976931348623157e+308 expected: true actual: false reason: wrong value
TEST_ID=ecma/TypeConversion/9.3.1-3.js, TEST_BRANCH=(1.8.1|1.9.0), TEST_RESULT=FAILED, TEST_BUILDTYPE=debug, TEST_TYPE=(browser|shell), TEST_OS=linux, TEST_MACHINE=.*, TEST_PROCESSORTYPE=(athlon|i686), TEST_KERNEL=(2.6.18.*el5|2.6.18.*el5PAE|2.6.22.*fc6|2.6.23.*fc7|2.6.23.*fc8), TEST_DATE=.*, TEST_TIMEZONE=.*, TEST_DESCRIPTION=parseInt(s2,10) == Infinity || parseInt(s2,10) == 1.7976931348623157e+308 expected: true actual: false reason: wrong value
TEST_ID=ecma/TypeConversion/9.3.1-3.js, TEST_BRANCH=(1.8.1|1.9.0), TEST_RESULT=FAILED, TEST_BUILDTYPE=opt, TEST_TYPE=(browser|shell), TEST_OS=mac, TEST_MACHINE=.*, TEST_PROCESSORTYPE=i386, TEST_KERNEL=(8.10.1|8.11.1), TEST_DATE=.*, TEST_TIMEZONE=.*, TEST_DESCRIPTION=-s2 == -Infinity || -s2 == -1.7976931348623157e+308  expected: true actual: false reason: wrong value
TEST_ID=ecma/TypeConversion/9.3.1-3.js, TEST_BRANCH=(1.8.1|1.9.0), TEST_RESULT=FAILED, TEST_BUILDTYPE=opt, TEST_TYPE=(browser|shell), TEST_OS=mac, TEST_MACHINE=.*, TEST_PROCESSORTYPE=i386, TEST_KERNEL=(8.10.1|8.11.1), TEST_DATE=.*, TEST_TIMEZONE=.*, TEST_DESCRIPTION=parseInt(s2) == Infinity || parseInt(s2) == 1.7976931348623157e+308 expected: true actual: false reason: wrong value
TEST_ID=ecma/TypeConversion/9.3.1-3.js, TEST_BRANCH=(1.8.1|1.9.0), TEST_RESULT=FAILED, TEST_BUILDTYPE=opt, TEST_TYPE=(browser|shell), TEST_OS=mac, TEST_MACHINE=.*, TEST_PROCESSORTYPE=i386, TEST_KERNEL=(8.10.1|8.11.1), TEST_DATE=.*, TEST_TIMEZONE=.*, TEST_DESCRIPTION=parseInt(s2,10) == Infinity || parseInt(s2,10) == 1.7976931348623157e+308 expected: true actual: false reason: wrong value
TEST_ID=ecma_3/Array/regress-387501.js, TEST_BRANCH=1.8.1, TEST_RESULT=FAILED, TEST_BUILDTYPE=(debug|opt), TEST_TYPE=(browser|shell), TEST_OS=(linux|mac|win32), TEST_MACHINE=.*, TEST_PROCESSORTYPE=.*, TEST_KERNEL=.*, TEST_DATE=.*, TEST_TIMEZONE=.*, TEST_DESCRIPTION=Array.prototype.toString|toSource|toLocaleString is not generic expected: TypeError: Array.prototype.toLocaleString called on incompatible String actual: f,o,o reason: Expected value 'TypeError: Array.prototype.toLocaleString called on incompatible String', Actual value 'f,o,o'
TEST_ID=ecma_3/Array/regress-387501.js, TEST_BRANCH=1.8.1, TEST_RESULT=FAILED, TEST_BUILDTYPE=(debug|opt), TEST_TYPE=(browser|shell), TEST_OS=(linux|mac|win32), TEST_MACHINE=.*, TEST_PROCESSORTYPE=.*, TEST_KERNEL=.*, TEST_DATE=.*, TEST_TIMEZONE=.*, TEST_DESCRIPTION=Array.prototype.toString|toSource|toLocaleString is not generic expected: TypeError: Array.prototype.toSource called on incompatible String actual: ["f", "o", "o"] reason: Expected value 'TypeError: Array.prototype.toSource called on incompatible String', Actual value '["f", "o", "o"]'
TEST_ID=ecma_3/Array/regress-387501.js, TEST_BRANCH=1.8.1, TEST_RESULT=FAILED, TEST_BUILDTYPE=(debug|opt), TEST_TYPE=(browser|shell), TEST_OS=(linux|mac|win32), TEST_MACHINE=.*, TEST_PROCESSORTYPE=.*, TEST_KERNEL=.*, TEST_DATE=.*, TEST_TIMEZONE=.*, TEST_DESCRIPTION=Array.prototype.toString|toSource|toLocaleString is not generic expected: TypeError: Array.prototype.toString called on incompatible String actual: f,o,o reason: Expected value 'TypeError: Array.prototype.toString called on incompatible String', Actual value 'f,o,o'
TEST_ID=ecma_3/Date/15.9.4.3.js, TEST_BRANCH=1.8.1, TEST_RESULT=FAILED, TEST_BUILDTYPE=(debug|opt), TEST_TYPE=(browser|shell), TEST_OS=(linux|mac|win32), TEST_MACHINE=.*, TEST_PROCESSORTYPE=.*, TEST_KERNEL=.*, TEST_DATE=.*, TEST_TIMEZONE=.*, TEST_DESCRIPTION=15.9.4.3 - Date.UTC edge-case arguments.: date -1 expected: 30 actual: 1 reason: Expected value '30', Actual value '1'
TEST_ID=ecma_3/Date/15.9.4.3.js, TEST_BRANCH=1.8.1, TEST_RESULT=FAILED, TEST_BUILDTYPE=(debug|opt), TEST_TYPE=(browser|shell), TEST_OS=(linux|mac|win32), TEST_MACHINE=.*, TEST_PROCESSORTYPE=.*, TEST_KERNEL=.*, TEST_DATE=.*, TEST_TIMEZONE=.*, TEST_DESCRIPTION=15.9.4.3 - Date.UTC edge-case arguments.: date 0 expected: 31 actual: 1 reason: Expected value '31', Actual value '1'
TEST_ID=ecma_3/Date/15.9.4.3.js, TEST_BRANCH=1.8.1, TEST_RESULT=FAILED, TEST_BUILDTYPE=(debug|opt), TEST_TYPE=(browser|shell), TEST_OS=(linux|mac|win32), TEST_MACHINE=.*, TEST_PROCESSORTYPE=.*, TEST_KERNEL=.*, TEST_DATE=.*, TEST_TIMEZONE=.*, TEST_DESCRIPTION=15.9.4.3 - Date.UTC edge-case arguments.: date null expected: 31 actual: 1 reason: Expected value '31', Actual value '1'
TEST_ID=ecma_3/Date/15.9.5.5-02.js, TEST_BRANCH=1.8.1, TEST_RESULT=FAILED, TEST_BUILDTYPE=(debug|opt), TEST_TYPE=(browser|shell), TEST_OS=(linux|mac|win32), TEST_MACHINE=.*, TEST_PROCESSORTYPE=.*, TEST_KERNEL=.*, TEST_DATE=.*, TEST_TIMEZONE=.*, TEST_DESCRIPTION=`.``*`expected: -271821 actual: null
TEST_ID=ecma_3/Date/15.9.5.5-02.js, TEST_BRANCH=1.8.1, TEST_RESULT=FAILED, TEST_BUILDTYPE=(debug|opt), TEST_TYPE=(browser|shell), TEST_OS=(linux|mac|win32), TEST_MACHINE=.*, TEST_PROCESSORTYPE=.*, TEST_KERNEL=.*, TEST_DATE=.*, TEST_TIMEZONE=.*, TEST_DESCRIPTION=`.``*`expected: 275760 actual: null
TEST_ID=ecma_3/Date/15.9.5.6.js, TEST_BRANCH=1.8.1, TEST_RESULT=FAILED, TEST_BUILDTYPE=debug, TEST_TYPE=browser, TEST_OS=linux, TEST_MACHINE=.*, TEST_PROCESSORTYPE=i686, TEST_KERNEL=2.6.9.*ELsmp, TEST_DATE=.*, TEST_TIMEZONE=-0400, TEST_DESCRIPTION=Date.parse(Fri Dec 31 1999 19:00:00 GMT-0500 (EST)).toLocaleDateString()) expected: 946616400000 actual: 994910400000 reason: wrong value
TEST_ID=ecma_3/ExecutionContexts/10.1.3-2.js, TEST_BRANCH=1.8.1, TEST_RESULT=FAILED, TEST_BUILDTYPE=(opt|debug), TEST_TYPE=(browser|shell), TEST_OS=(linux|mac|win32), TEST_MACHINE=.*, TEST_PROCESSORTYPE=.*, TEST_KERNEL=.*, TEST_DATE=.*, TEST_TIMEZONE=.*, TEST_DESCRIPTION=`.``*`x is not a function
TEST_ID=ecma_3/Expressions/11.10-01.js, TEST_BRANCH=1.8.1, TEST_RESULT=FAILED, TEST_BUILDTYPE=.*, TEST_TYPE=.*, TEST_OS=.*, TEST_MACHINE=.*, TEST_PROCESSORTYPE=.*, TEST_KERNEL=.*, TEST_DATE=.*, TEST_TIMEZONE=.*, TEST_DESCRIPTION=11.10 - & should evaluate operands in order: order expected: o.valueOf, p.valueOf actual: , p.valueOfo.valueOf reason: Expected value 'o.valueOf, p.valueOf', Actual value ', p.valueOfo.valueOf'
TEST_ID=ecma_3/Expressions/11.10-02.js, TEST_BRANCH=1.8.1, TEST_RESULT=FAILED, TEST_BUILDTYPE=.*, TEST_TYPE=.*, TEST_OS=.*, TEST_MACHINE=.*, TEST_PROCESSORTYPE=.*, TEST_KERNEL=.*, TEST_DATE=.*, TEST_TIMEZONE=.*, TEST_DESCRIPTION=11.10 - ^ should evaluate operands in order: order expected: o.valueOf, p.valueOf actual: , p.valueOfo.valueOf reason: Expected value 'o.valueOf, p.valueOf', Actual value ', p.valueOfo.valueOf'
TEST_ID=ecma_3/Expressions/11.10-03.js, TEST_BRANCH=1.8.1, TEST_RESULT=FAILED, TEST_BUILDTYPE=(debug|opt), TEST_TYPE=(browser|shell), TEST_OS=(linux|mac|win32), TEST_MACHINE=.*, TEST_PROCESSORTYPE=.*, TEST_KERNEL=.*, TEST_DATE=.*, TEST_TIMEZONE=.*, TEST_DESCRIPTION=11.10 - | should evaluate operands in order: order expected: o.valueOf, p.valueOf actual: , p.valueOfo.valueOf reason: Expected value 'o.valueOf, p.valueOf', Actual value ', p.valueOfo.valueOf'
TEST_ID=ecma_3/Expressions/11.7.1-01.js, TEST_BRANCH=1.8.1, TEST_RESULT=FAILED, TEST_BUILDTYPE=.*, TEST_TYPE=.*, TEST_OS=.*, TEST_MACHINE=.*, TEST_PROCESSORTYPE=.*, TEST_KERNEL=.*, TEST_DATE=.*, TEST_TIMEZONE=.*, TEST_DESCRIPTION=11.7.1 - << should evaluate operands in order: order expected: o.valueOf, p.valueOf actual: , p.valueOfo.valueOf reason: Expected value 'o.valueOf, p.valueOf', Actual value ', p.valueOfo.valueOf'
TEST_ID=ecma_3/Expressions/11.7.2-01.js, TEST_BRANCH=1.8.1, TEST_RESULT=FAILED, TEST_BUILDTYPE=.*, TEST_TYPE=.*, TEST_OS=.*, TEST_MACHINE=.*, TEST_PROCESSORTYPE=.*, TEST_KERNEL=.*, TEST_DATE=.*, TEST_TIMEZONE=.*, TEST_DESCRIPTION=11.7.2 - >> should evaluate operands in order: order expected: o.valueOf, p.valueOf actual: , p.valueOfo.valueOf reason: Expected value 'o.valueOf, p.valueOf', Actual value ', p.valueOfo.valueOf'
TEST_ID=ecma_3/Expressions/11.7.3-01.js, TEST_BRANCH=1.8.1, TEST_RESULT=FAILED, TEST_BUILDTYPE=.*, TEST_TYPE=.*, TEST_OS=.*, TEST_MACHINE=.*, TEST_PROCESSORTYPE=.*, TEST_KERNEL=.*, TEST_DATE=.*, TEST_TIMEZONE=.*, TEST_DESCRIPTION=11.7.3 - >>> should evaluate operands in order: order expected: o.valueOf, p.valueOf actual: , p.valueOfo.valueOf reason: Expected value 'o.valueOf, p.valueOf', Actual value ', p.valueOfo.valueOf'
TEST_ID=ecma_3/LexicalConventions/7.9.1.js, TEST_BRANCH=1.8.1, TEST_RESULT=FAILED, TEST_BUILDTYPE=(debug|opt), TEST_TYPE=(browser|shell), TEST_OS=(linux|mac|win32), TEST_MACHINE=.*, TEST_PROCESSORTYPE=.*, TEST_KERNEL=.*, TEST_DATE=.*, TEST_TIMEZONE=.*, TEST_DESCRIPTION=Automatic Semicolon insertion in postfix expressions: (xNL)-- y expected: SyntaxError: missing ; before statement actual: 0 reason: Type mismatch, expected type string, actual type number Expected value 'SyntaxError: missing ; before statement', Actual value '0'
TEST_ID=ecma_3/Operators/11.13.1-002.js, TEST_BRANCH=(1.8.1|1.9.0), TEST_RESULT=FAILED, TEST_BUILDTYPE=(debug|opt), TEST_TYPE=(browser|shell), TEST_OS=(linux|mac|win32), TEST_MACHINE=.*, TEST_PROCESSORTYPE=.*, TEST_KERNEL=.*, TEST_DATE=.*, TEST_TIMEZONE=.*, TEST_DESCRIPTION=11.13.1 Simple Assignment should return type of RHS expected: string actual: number reason: Expected value 'string', Actual value 'number'
TEST_ID=ecma_3/RegExp/15.10.2.12.js, TEST_BRANCH=1.8.1, TEST_RESULT=FAILED, TEST_BUILDTYPE=(debug|opt), TEST_TYPE=(browser|shell), TEST_OS=(linux|mac|win32), TEST_MACHINE=.*, TEST_PROCESSORTYPE=.*, TEST_KERNEL=.*, TEST_DATE=.*, TEST_TIMEZONE=.*, TEST_DESCRIPTION=15.10.2.12 - CharacterClassEscape d expected: false actual: true reason: Expected value 'false', Actual value 'true'
TEST_ID=ecma_3/RegExp/regress-367888.js, TEST_BRANCH=1.8.1, TEST_RESULT=FAILED, TEST_BUILDTYPE=(debug|opt), TEST_TYPE=browser, TEST_OS=(mac|win32), TEST_MACHINE=.*, TEST_PROCESSORTYPE=.*, TEST_KERNEL=.*, TEST_DATE=.*, TEST_TIMEZONE=.*, TEST_DESCRIPTION=BUGNUMBER: 367888; STATUS: RegExp /(|)??x/g.exec("y") barfs
TEST_ID=ecma_3/RegExp/regress-367888.js, TEST_BRANCH=1.8.1, TEST_RESULT=FAILED, TEST_BUILDTYPE=(debug|opt), TEST_TYPE=browser, TEST_OS=linux, TEST_MACHINE=.*, TEST_PROCESSORTYPE=(athlon|i686), TEST_KERNEL=(2.6.18.*el5|2.6.18.*el5PAE|2.6.22.*fc6|2.6.23.*fc7|2.6.23.*fc8), TEST_DATE=.*, TEST_TIMEZONE=.*, TEST_DESCRIPTION=BUGNUMBER: 367888; STATUS: RegExp /(|)??x/g.exec("y") barfs
TEST_ID=ecma_3/RegExp/regress-367888.js, TEST_BRANCH=1.8.1, TEST_RESULT=FAILED, TEST_BUILDTYPE=(debug|opt), TEST_TYPE=browser, TEST_OS=linux, TEST_MACHINE=.*, TEST_PROCESSORTYPE=athlon, TEST_KERNEL=2.6.9.*ELsmp, TEST_DATE=.*, TEST_TIMEZONE=.*, TEST_DESCRIPTION=EXIT STATUS: CRASHED `(`signal `)``?``[`4`-`9`]` (`[`0`-`9`.``]``+` seconds), BUGNUMBER: 367888; STATUS: RegExp /(|)??x/g.exec("y") barfs`(`; JavaScript error: `.``*`/ecma_3/RegExp/regress-367888.js, line `[`0`-`9`]``+`: out of memory;`)``?`
TEST_ID=ecma_3/RegExp/regress-367888.js, TEST_BRANCH=1.8.1, TEST_RESULT=FAILED, TEST_BUILDTYPE=(debug|opt), TEST_TYPE=shell, TEST_OS=(linux|mac|win32), TEST_MACHINE=.*, TEST_PROCESSORTYPE=.*, TEST_KERNEL=.*, TEST_DATE=.*, TEST_TIMEZONE=.*, TEST_DESCRIPTION=`.``*`/ecma_3/RegExp/regress-367888.js:`[`0`-`9`]``+`: out of memory
TEST_ID=ecma_3/RegExp/regress-367888.js, TEST_BRANCH=1.8.1, TEST_RESULT=FAILED, TEST_BUILDTYPE=debug, TEST_TYPE=browser, TEST_OS=win32, TEST_MACHINE=.*, TEST_PROCESSORTYPE=.*, TEST_KERNEL=.*, TEST_DATE=.*, TEST_TIMEZONE=.*, TEST_DESCRIPTION=`.``*`/ecma_3/RegExp/regress-367888.js, line `[`0`-`9`]``+`: out of memory
TEST_ID=ecma_3/RegExp/regress-375642.js, TEST_BRANCH=1.8.1, TEST_RESULT=FAILED, TEST_BUILDTYPE=(debug|opt), TEST_TYPE=browser, TEST_OS=(mac|win32), TEST_MACHINE=.*, TEST_PROCESSORTYPE=.*, TEST_KERNEL=.*, TEST_DATE=.*, TEST_TIMEZONE=.*, TEST_DESCRIPTION=BUGNUMBER: 375642; STATUS: RegExp /(?:a??)+?/.exec("")
TEST_ID=ecma_3/RegExp/regress-375642.js, TEST_BRANCH=1.8.1, TEST_RESULT=FAILED, TEST_BUILDTYPE=(debug|opt), TEST_TYPE=browser, TEST_OS=linux, TEST_MACHINE=.*, TEST_PROCESSORTYPE=i686, TEST_KERNEL=.*, TEST_DATE=.*, TEST_TIMEZONE=.*, TEST_DESCRIPTION=BUGNUMBER: 375642; STATUS: RegExp /(?:a??)+?/.exec("")
TEST_ID=ecma_3/RegExp/regress-375642.js, TEST_BRANCH=1.8.1, TEST_RESULT=FAILED, TEST_BUILDTYPE=(debug|opt), TEST_TYPE=shell, TEST_OS=(linux|mac|win32), TEST_MACHINE=.*, TEST_PROCESSORTYPE=.*, TEST_KERNEL=.*, TEST_DATE=.*, TEST_TIMEZONE=.*, TEST_DESCRIPTION= expected: Expected exit 0 `.``*` ./ecma_3/RegExp/regress-375642.js:`.``*`: out of memory
TEST_ID=ecma_3/RegExp/regress-375642.js, TEST_BRANCH=1.8.1, TEST_RESULT=FAILED, TEST_BUILDTYPE=debug, TEST_TYPE=browser, TEST_OS=linux, TEST_MACHINE=.*, TEST_PROCESSORTYPE=(athlon|i686), TEST_KERNEL=2.6.9.*ELsmp, TEST_DATE=.*, TEST_TIMEZONE=.*, TEST_DESCRIPTION=`(`EXIT STATUS: CRASHED `[`4`-`9`]` (`[`0`-`9`.``]``+` seconds), `)``?`BUGNUMBER: 375642; STATUS: RegExp /(?:a??)+?/.exec(""); JavaScript error: `.``*`/ecma_3/RegExp/regress-375642.js, line `[`0`-`9`]``+`: out of memory;
TEST_ID=ecma_3/RegExp/regress-375642.js, TEST_BRANCH=1.8.1, TEST_RESULT=FAILED, TEST_BUILDTYPE=debug, TEST_TYPE=browser, TEST_OS=win32, TEST_MACHINE=.*, TEST_PROCESSORTYPE=.*, TEST_KERNEL=.*, TEST_DATE=.*, TEST_TIMEZONE=.*, TEST_DESCRIPTION=BUGNUMBER: 375642; STATUS: RegExp /(?:a??)+?/.exec(""); JavaScript error: `.``*`/ecma_3/RegExp/regress-375642.js, line `[`0`-`9`]``+`: out of memory;
TEST_ID=ecma_3/RegExp/regress-375642.js, TEST_BRANCH=1.8.1, TEST_RESULT=FAILED, TEST_BUILDTYPE=opt, TEST_TYPE=browser, TEST_OS=linux, TEST_MACHINE=.*, TEST_PROCESSORTYPE=(athlon|i686), TEST_KERNEL=2.6.9.*ELsmp, TEST_DATE=.*, TEST_TIMEZONE=.*, TEST_DESCRIPTION=EXIT STATUS: CRASHED signal `[`1`-`9`]``[`0`-`9`]``*` (`[`0`-`9`.``]``+` seconds), BUGNUMBER: 375642; STATUS: RegExp /(?:a??)+?/.exec("")
TEST_ID=ecma_3/RegExp/regress-375715-01-n.js, TEST_BRANCH=1.8.1, TEST_RESULT=FAILED, TEST_BUILDTYPE=debug, TEST_TYPE=browser, TEST_OS=(linux|mac), TEST_MACHINE=.*, TEST_PROCESSORTYPE=.*, TEST_KERNEL=.*, TEST_DATE=.*, TEST_TIMEZONE=.*, TEST_DESCRIPTION=EXIT STATUS: CRASHED signal `[`1`-`9`]``[`0`-`9`]``*` (`[`0`-`9`.``]``+` seconds), BUGNUMBER: 375715; STATUS: Do not assert: (c2 <= cs->length) && (c1 <= c2); Assertion failure: (c2 <= cs->length) && (c1 <= c2), at `.``*`jsregexp.c:`[`0`-`9`]``+`
TEST_ID=ecma_3/RegExp/regress-375715-01-n.js, TEST_BRANCH=1.8.1, TEST_RESULT=FAILED, TEST_BUILDTYPE=debug, TEST_TYPE=browser, TEST_OS=win32, TEST_MACHINE=.*, TEST_PROCESSORTYPE=.*, TEST_KERNEL=.*, TEST_DATE=.*, TEST_TIMEZONE=.*, TEST_DESCRIPTION=EXIT STATUS: CRASHED 3 (`[`0`-`9`.``]``+` seconds), BUGNUMBER: 375715; STATUS: Do not assert: (c2 <= cs->length) && (c1 <= c2)
TEST_ID=ecma_3/RegExp/regress-375715-01-n.js, TEST_BRANCH=1.8.1, TEST_RESULT=FAILED, TEST_BUILDTYPE=debug, TEST_TYPE=shell, TEST_OS=(linux|mac), TEST_MACHINE=.*, TEST_PROCESSORTYPE=.*, TEST_KERNEL=.*, TEST_DATE=.*, TEST_TIMEZONE=.*, TEST_DESCRIPTION= expected: Expected exit 3 actual: Actual exit 0, signal `[`1`-`9`]``[`0`-`9`]``*` reason: Assertion failure: (c2 <= cs->length) && (c1 <= c2), at jsregexp.c:`[`0`-`9`]``+`
TEST_ID=ecma_3/RegExp/regress-375715-01-n.js, TEST_BRANCH=1.8.1, TEST_RESULT=FAILED, TEST_BUILDTYPE=opt, TEST_TYPE=shell, TEST_OS=(linux|mac|win32), TEST_MACHINE=.*, TEST_PROCESSORTYPE=.*, TEST_KERNEL=.*, TEST_DATE=.*, TEST_TIMEZONE=.*, TEST_DESCRIPTION= expected: Expected exit 3 actual: Actual exit 0, signal 0 reason: BUGNUMBER: 375715 STATUS: Do not assert: (c2 <= cs->length) && (c1 <= c2) PASSED! Do not assert: (c2 <= cs->length) && (c1 <= c2) /[Wb-G]/.exec("")
TEST_ID=ecma_3/RegExp/regress-375715-03.js, TEST_BRANCH=1.8.1, TEST_RESULT=FAILED, TEST_BUILDTYPE=debug, TEST_TYPE=browser, TEST_OS=(linux|mac), TEST_MACHINE=.*, TEST_PROCESSORTYPE=.*, TEST_KERNEL=.*, TEST_DATE=.*, TEST_TIMEZONE=.*, TEST_DESCRIPTION=EXIT STATUS: CRASHED signal `[`1`-`9`]``[`0`-`9`]``*` (`[`0`-`9`.``]``+` seconds), BUGNUMBER: 375715; STATUS: Do not assert: (c2 <= cs->length) && (c1 <= c2); Assertion failure: (c2 <= cs->length) && (c1 <= c2), at `.``*`jsregexp.c:`[`0`-`9`]``+`
TEST_ID=ecma_3/RegExp/regress-375715-03.js, TEST_BRANCH=1.8.1, TEST_RESULT=FAILED, TEST_BUILDTYPE=debug, TEST_TYPE=browser, TEST_OS=win32, TEST_MACHINE=.*, TEST_PROCESSORTYPE=.*, TEST_KERNEL=.*, TEST_DATE=.*, TEST_TIMEZONE=.*, TEST_DESCRIPTION=EXIT STATUS: CRASHED 3 (`[`0`-`9`.``]``+` seconds), BUGNUMBER: 375715; STATUS: Do not assert: (c2 <= cs->length) && (c1 <= c2)
TEST_ID=ecma_3/RegExp/regress-375715-03.js, TEST_BRANCH=1.8.1, TEST_RESULT=FAILED, TEST_BUILDTYPE=debug, TEST_TYPE=shell, TEST_OS=(linux|mac), TEST_MACHINE=.*, TEST_PROCESSORTYPE=.*, TEST_KERNEL=.*, TEST_DATE=.*, TEST_TIMEZONE=.*, TEST_DESCRIPTION= expected: Expected exit 0 actual: Actual exit 0, signal `[`1`-`9`]``[`0`-`9`]``*` reason: Assertion failure: (c2 <= cs->length) && (c1 <= c2), at jsregexp.c:`[`0`-`9`]``+`
TEST_ID=ecma_3/RegExp/regress-375715-03.js, TEST_BRANCH=1.8.1, TEST_RESULT=FAILED, TEST_BUILDTYPE=debug, TEST_TYPE=shell, TEST_OS=win32, TEST_MACHINE=.*, TEST_PROCESSORTYPE=.*, TEST_KERNEL=.*, TEST_DATE=.*, TEST_TIMEZONE=.*, TEST_DESCRIPTION= expected: Expected exit 0 actual: Actual exit 3, signal 0 reason: Testcase produced no output!
TEST_ID=ecma_3/RegExp/regress-375715-04.js, TEST_BRANCH=1.8.1, TEST_RESULT=FAILED, TEST_BUILDTYPE=debug, TEST_TYPE=browser, TEST_OS=(linux|mac), TEST_MACHINE=.*, TEST_PROCESSORTYPE=.*, TEST_KERNEL=.*, TEST_DATE=.*, TEST_TIMEZONE=.*, TEST_DESCRIPTION=EXIT STATUS: CRASHED signal `[`1`-`9`]``[`0`-`9`]``*` (`[`0`-`9`.``]``+` seconds), BUGNUMBER: 375715; STATUS: Do not assert: (c2 <= cs->length) && (c1 <= c2); Assertion failure: (c2 <= cs->length) && (c1 <= c2), at `.``*`jsregexp.c:`[`0`-`9`]``+`
TEST_ID=ecma_3/RegExp/regress-375715-04.js, TEST_BRANCH=1.8.1, TEST_RESULT=FAILED, TEST_BUILDTYPE=debug, TEST_TYPE=browser, TEST_OS=win32, TEST_MACHINE=.*, TEST_PROCESSORTYPE=.*, TEST_KERNEL=.*, TEST_DATE=.*, TEST_TIMEZONE=.*, TEST_DESCRIPTION=EXIT STATUS: CRASHED 3 (`[`0`-`9`.``]``+` seconds), BUGNUMBER: 375715; STATUS: Do not assert: (c2 <= cs->length) && (c1 <= c2)
TEST_ID=ecma_3/RegExp/regress-375715-04.js, TEST_BRANCH=1.8.1, TEST_RESULT=FAILED, TEST_BUILDTYPE=debug, TEST_TYPE=shell, TEST_OS=(linux|mac), TEST_MACHINE=.*, TEST_PROCESSORTYPE=.*, TEST_KERNEL=.*, TEST_DATE=.*, TEST_TIMEZONE=.*, TEST_DESCRIPTION= expected: Expected exit 0 actual: Actual exit 0, signal `[`1`-`9`]``[`0`-`9`]``*` reason: Assertion failure: (c2 <= cs->length) && (c1 <= c2), at jsregexp.c:`[`0`-`9`]``+`
TEST_ID=ecma_3/RegExp/regress-375715-04.js, TEST_BRANCH=1.8.1, TEST_RESULT=FAILED, TEST_BUILDTYPE=debug, TEST_TYPE=shell, TEST_OS=win32, TEST_MACHINE=.*, TEST_PROCESSORTYPE=.*, TEST_KERNEL=.*, TEST_DATE=.*, TEST_TIMEZONE=.*, TEST_DESCRIPTION= expected: Expected exit 0 actual: Actual exit 3, signal 0 reason: Testcase produced no output!
TEST_ID=ecma_3/extensions/regress-274152.js, TEST_BRANCH=1.8.1, TEST_RESULT=FAILED, TEST_BUILDTYPE=(debug|opt), TEST_TYPE=(browser|shell), TEST_OS=(linux|mac|win32), TEST_MACHINE=.*, TEST_PROCESSORTYPE=.*, TEST_KERNEL=.*, TEST_DATE=.*, TEST_TIMEZONE=.*, TEST_DESCRIPTION=Do not ignore unicode format-control characters: `[`0`-`2`]` expected: SyntaxError: illegal character actual:  reason: Expected value 'SyntaxError: illegal character', Actual value ''
TEST_ID=ecma_3/extensions/regress-368516.js, TEST_BRANCH=1.8.1, TEST_RESULT=FAILED, TEST_BUILDTYPE=(debug|opt), TEST_TYPE=(browser|shell), TEST_OS=(linux|mac|win32), TEST_MACHINE=.*, TEST_PROCESSORTYPE=.*, TEST_KERNEL=.*, TEST_DATE=.*, TEST_TIMEZONE=.*, TEST_DESCRIPTION=Ignore unicode BOM characters: `[`0`-`1`]` expected: No Error actual: SyntaxError: illegal character reason: Expected value 'No Error', Actual value 'SyntaxError: illegal character'
TEST_ID=js1_2/function/regexparg-1.js, TEST_BRANCH=1.8.1, TEST_RESULT=FAILED, TEST_BUILDTYPE=(debug|opt), TEST_TYPE=(browser|shell), TEST_OS=(linux|mac|win32), TEST_MACHINE=.*, TEST_PROCESSORTYPE=.*, TEST_KERNEL=.*, TEST_DATE=.*, TEST_TIMEZONE=.*, TEST_DESCRIPTION=typeof f(/abc/) expected: object actual: function reason: wrong value
TEST_ID=js1_2/function/regexparg-1.js, TEST_BRANCH=1.8.1, TEST_RESULT=FAILED, TEST_BUILDTYPE=(debug|opt), TEST_TYPE=(browser|shell), TEST_OS=(linux|mac|win32), TEST_MACHINE=.*, TEST_PROCESSORTYPE=.*, TEST_KERNEL=.*, TEST_DATE=.*, TEST_TIMEZONE=.*, TEST_DESCRIPTION=typeof new f(/abc/) expected: object actual: function reason: wrong value
TEST_ID=js1_5/Array/11.1.4.js, TEST_BRANCH=(1.8.1|1.9.0), TEST_RESULT=FAILED, TEST_BUILDTYPE=(debug|opt), TEST_TYPE=(browser|shell), TEST_OS=(linux|mac|win32), TEST_MACHINE=.*, TEST_PROCESSORTYPE=.*, TEST_KERNEL=.*, TEST_DATE=.*, TEST_TIMEZONE=.*, TEST_DESCRIPTION=Elisons in Array literals should not be enumed Section 1 of test -  [,1]  expected: 1 actual: 01 reason: Expected value '1', Actual value '01'
TEST_ID=js1_5/Array/11.1.4.js, TEST_BRANCH=(1.8.1|1.9.0), TEST_RESULT=FAILED, TEST_BUILDTYPE=(debug|opt), TEST_TYPE=(browser|shell), TEST_OS=(linux|mac|win32), TEST_MACHINE=.*, TEST_PROCESSORTYPE=.*, TEST_KERNEL=.*, TEST_DATE=.*, TEST_TIMEZONE=.*, TEST_DESCRIPTION=Elisons in Array literals should not be enumed Section 2 of test -  [,,1]  expected: 2 actual: 012 reason: Expected value '2', Actual value '012'
TEST_ID=js1_5/Array/11.1.4.js, TEST_BRANCH=(1.8.1|1.9.0), TEST_RESULT=FAILED, TEST_BUILDTYPE=(debug|opt), TEST_TYPE=(browser|shell), TEST_OS=(linux|mac|win32), TEST_MACHINE=.*, TEST_PROCESSORTYPE=.*, TEST_KERNEL=.*, TEST_DATE=.*, TEST_TIMEZONE=.*, TEST_DESCRIPTION=Elisons in Array literals should not be enumed Section 4 of test -  [1,,]  expected: 0 actual: 01 reason: Expected value '0', Actual value '01'
TEST_ID=js1_5/Array/regress-101964.js, TEST_BRANCH=(1.8.1|1.9.0), TEST_RESULT=FAILED, TEST_BUILDTYPE=(debug|opt), TEST_TYPE=(browser|shell), TEST_OS=(linux|mac|win32), TEST_MACHINE=.*, TEST_PROCESSORTYPE=.*, TEST_KERNEL=.*, TEST_DATE=.*, TEST_TIMEZONE=.*, TEST_DESCRIPTION=Section 1 of test -  expected: Truncation took less than `[`0`-`9`]``+` ms actual: Truncation took `[`0`-`9`]``+` ms reason: Expected value 'Truncation took less than `[`0`-`9`]``+` ms', Actual value 'Truncation took `[`0`-`9`]``+` ms'
TEST_ID=js1_5/Array/regress-157652.js, TEST_BRANCH=(1.8.1|1.9.0), TEST_RESULT=FAILED, TEST_BUILDTYPE=(debug|opt), TEST_TYPE=browser, TEST_OS=(linux|mac|win32), TEST_MACHINE=.*, TEST_PROCESSORTYPE=.*, TEST_KERNEL=.*, TEST_DATE=.*, TEST_TIMEZONE=.*, TEST_DESCRIPTION=BUGNUMBER: 157652; STATUS: Testing that Array.sort() doesn't crash on very large arrays; --- NOTE: IN THIS TESTCASE, WE EXPECT EXIT CODE 5 ---
TEST_ID=js1_5/Error/regress-354246.js, TEST_BRANCH=1.8.1, TEST_RESULT=FAILED, TEST_BUILDTYPE=(debug|opt), TEST_TYPE=browser, TEST_OS=(linux|mac|win32), TEST_MACHINE=.*, TEST_PROCESSORTYPE=.*, TEST_KERNEL=.*, TEST_DATE=.*, TEST_TIMEZONE=.*, TEST_DESCRIPTION=Unknown expected: Unknown actual: error reason: x is not defined Page: http://`.``*`/js1_5/Error/regress-354246.js Line: `[`0`-`9`]``+`
TEST_ID=js1_5/Error/regress-354246.js, TEST_BRANCH=1.8.1, TEST_RESULT=FAILED, TEST_BUILDTYPE=(debug|opt), TEST_TYPE=shell, TEST_OS=(linux|mac), TEST_MACHINE=.*, TEST_PROCESSORTYPE=.*, TEST_KERNEL=.*, TEST_DATE=.*, TEST_TIMEZONE=.*, TEST_DESCRIPTION= expected: Expected exit 0 actual: Actual exit 3, signal 0 reason: ./js1_5/Error/regress-354246.js:`[`0`-`9`]``+`: x is not defined BUGNUMBER: 354246 STATUS: calling Error constructor with object with bad toString
TEST_ID=js1_5/Error/regress-354246.js, TEST_BRANCH=1.8.1, TEST_RESULT=FAILED, TEST_BUILDTYPE=(debug|opt), TEST_TYPE=shell, TEST_OS=win32, TEST_MACHINE=.*, TEST_PROCESSORTYPE=.*, TEST_KERNEL=.*, TEST_DATE=.*, TEST_TIMEZONE=.*, TEST_DESCRIPTION= expected: Expected exit 0 actual: Actual exit 3, signal 0 reason: BUGNUMBER: 354246 STATUS: calling Error constructor with object with bad toString ./js1_5/Error/regress-354246.js:`[`0`-`9`]``+`: x is not defined
TEST_ID=js1_5/Expressions/regress-394673.js, TEST_BRANCH=1.8.1, TEST_RESULT=FAILED, TEST_BUILDTYPE=(opt|debug), TEST_TYPE=(browser|shell), TEST_OS=(linux|mac|win32), TEST_MACHINE=.*, TEST_PROCESSORTYPE=.*, TEST_KERNEL=.*, TEST_DATE=.*, TEST_TIMEZONE=.*, TEST_DESCRIPTION=`.``*``?``(`InternalError:`|`error reason:`)` too much recursion
TEST_ID=js1_5/Function/regress-338001.js, TEST_BRANCH=(1.8.1|1.9.0), TEST_RESULT=FAILED, TEST_BUILDTYPE=(debug|opt), TEST_TYPE=browser, TEST_OS=(linux|mac|win32), TEST_MACHINE=.*, TEST_PROCESSORTYPE=.*, TEST_KERNEL=.*, TEST_DATE=.*, TEST_TIMEZONE=.*, TEST_DESCRIPTION=BUGNUMBER: 338001; STATUS: integer overflow in jsfun.c:Function; --- NOTE: IN THIS TESTCASE, WE EXPECT EXIT CODE 0 ---; --- NOTE: IN THIS TESTCASE, WE EXPECT EXIT CODE 5 ---
TEST_ID=js1_5/Function/regress-338121-03.js, TEST_BRANCH=1.8.1, TEST_RESULT=FAILED, TEST_BUILDTYPE=(debug|opt), TEST_TYPE=browser, TEST_OS=(linux|mac|win32), TEST_MACHINE=.*, TEST_PROCESSORTYPE=.*, TEST_KERNEL=.*, TEST_DATE=.*, TEST_TIMEZONE=.*, TEST_DESCRIPTION=BUGNUMBER: 338121; STATUS: Issues with JS_ARENA_ALLOCATE_CAST
TEST_ID=js1_5/Function/regress-338121-03.js, TEST_BRANCH=1.8.1, TEST_RESULT=FAILED, TEST_BUILDTYPE=(debug|opt), TEST_TYPE=shell, TEST_OS=(linux|mac), TEST_MACHINE=.*, TEST_PROCESSORTYPE=.*, TEST_KERNEL=.*, TEST_DATE=.*, TEST_TIMEZONE=.*, TEST_DESCRIPTION= expected: Expected exit 0 actual: Actual exit 5, signal 0 reason: `.``*`./js1_5/Function/regress-338121-03.js:`[`0`-`9`]``+`: out of memory BUGNUMBER: 338121 STATUS: Issues with JS_ARENA_ALLOCATE_CAST
TEST_ID=js1_5/Function/regress-338121-03.js, TEST_BRANCH=1.8.1, TEST_RESULT=FAILED, TEST_BUILDTYPE=(debug|opt), TEST_TYPE=shell, TEST_OS=mac, TEST_MACHINE=.*, TEST_PROCESSORTYPE=powerpc, TEST_KERNEL=8.10.0, TEST_DATE=.*, TEST_TIMEZONE=.*, TEST_DESCRIPTION= expected: Expected exit 0 actual: Actual exit 5, signal 0 reason: `.``*` ./js1_5/Function/regress-338121-03.js:58: out of memory BUGNUMBER: 338121 STATUS: Issues with JS_ARENA_ALLOCATE_CAST
TEST_ID=js1_5/Function/regress-338121-03.js, TEST_BRANCH=1.8.1, TEST_RESULT=FAILED, TEST_BUILDTYPE=(debug|opt), TEST_TYPE=shell, TEST_OS=win32, TEST_MACHINE=.*, TEST_PROCESSORTYPE=.*, TEST_KERNEL=.*, TEST_DATE=.*, TEST_TIMEZONE=.*, TEST_DESCRIPTION= expected: Expected exit 0 actual: Actual exit 5, signal 0 reason: BUGNUMBER: 338121 STATUS: Issues with JS_ARENA_ALLOCATE_CAST ./js1_5/Function/regress-338121-03.js:`[`0`-`9`]``+`: out of memory
TEST_ID=js1_5/Function/regress-338121-03.js, TEST_BRANCH=1.8.1, TEST_RESULT=FAILED, TEST_BUILDTYPE=debug, TEST_TYPE=browser, TEST_OS=(linux|win32), TEST_MACHINE=.*, TEST_PROCESSORTYPE=.*, TEST_KERNEL=.*, TEST_DATE=.*, TEST_TIMEZONE=.*, TEST_DESCRIPTION=BUGNUMBER: 338121; STATUS: Issues with JS_ARENA_ALLOCATE_CAST; JavaScript error: `.``*`/js1_5/Function/regress-338121-03.js, line `[`0`-`9`]``+`: out of memory;
TEST_ID=js1_5/GC/regress-383269-01.js, TEST_BRANCH=1.8.1, TEST_RESULT=FAILED, TEST_BUILDTYPE=(debug|opt), TEST_TYPE=shell, TEST_OS=(linux|mac), TEST_MACHINE=.*, TEST_PROCESSORTYPE=.*, TEST_KERNEL=.*, TEST_DATE=.*, TEST_TIMEZONE=.*, TEST_DESCRIPTION= expected: Expected exit 0 actual: Actual exit 3, signal 0 reason: uncaught exception: generate_big_object_graph() leaked
TEST_ID=js1_5/GC/regress-383269-01.js, TEST_BRANCH=1.8.1, TEST_RESULT=FAILED, TEST_BUILDTYPE=(debug|opt), TEST_TYPE=shell, TEST_OS=win32, TEST_MACHINE=.*, TEST_PROCESSORTYPE=.*, TEST_KERNEL=.*, TEST_DATE=.*, TEST_TIMEZONE=.*, TEST_DESCRIPTION= expected: Expected exit 0 actual: Actual exit 3, signal 0 reason: BUGNUMBER: 383269 STATUS: Leak related to arguments object `.``*` uncaught exception: generate_big_object_graph() leaked
TEST_ID=js1_5/GC/regress-383269-02.js, TEST_BRANCH=1.8.1, TEST_RESULT=FAILED, TEST_BUILDTYPE=(debug|opt), TEST_TYPE=shell, TEST_OS=(linux|mac), TEST_MACHINE=.*, TEST_PROCESSORTYPE=.*, TEST_KERNEL=.*, TEST_DATE=.*, TEST_TIMEZONE=.*, TEST_DESCRIPTION= expected: Expected exit 0 actual: Actual exit 3, signal 0 reason: uncaught exception: generate_big_object_graph() leaked
TEST_ID=js1_5/GC/regress-383269-02.js, TEST_BRANCH=1.8.1, TEST_RESULT=FAILED, TEST_BUILDTYPE=(debug|opt), TEST_TYPE=shell, TEST_OS=linux, TEST_MACHINE=.*, TEST_PROCESSORTYPE=athlon, TEST_KERNEL=2.6.18.*el5, TEST_DATE=.*, TEST_TIMEZONE=.*, TEST_DESCRIPTION= expected: Expected exit 0 actual: Actual exit 3, signal 0 reason: uncaught exception: generate_big_object_graph() leaked
TEST_ID=js1_5/GC/regress-383269-02.js, TEST_BRANCH=1.8.1, TEST_RESULT=FAILED, TEST_BUILDTYPE=(debug|opt), TEST_TYPE=shell, TEST_OS=win32, TEST_MACHINE=.*, TEST_PROCESSORTYPE=.*, TEST_KERNEL=.*, TEST_DATE=.*, TEST_TIMEZONE=.*, TEST_DESCRIPTION= expected: Expected exit 0 actual: Actual exit 3, signal 0 reason: BUGNUMBER: 383269 STATUS: Leak related to arguments object `.``*` uncaught exception: generate_big_object_graph() leaked
TEST_ID=js1_5/Regress/regress-303213.js, TEST_BRANCH=(1.8.1|1.9.0), TEST_RESULT=FAILED, TEST_BUILDTYPE=(debug|opt), TEST_TYPE=browser, TEST_OS=(linux|mac), TEST_MACHINE=.*, TEST_PROCESSORTYPE=.*, TEST_KERNEL=.*, TEST_DATE=.*, TEST_TIMEZONE=.*, TEST_DESCRIPTION=BUGNUMBER: 303213; STATUS: integer overflow in js; STATUS: This bug passes if no crash occurs; --- NOTE: IN THIS TESTCASE, WE EXPECT EXIT CODE 5 ---; STATUS: done generating
TEST_ID=js1_5/Regress/regress-303213.js, TEST_BRANCH=(1.8.1|1.9.0), TEST_RESULT=FAILED, TEST_BUILDTYPE=(debug|opt), TEST_TYPE=browser, TEST_OS=(linux|mac|win32), TEST_MACHINE=.*, TEST_PROCESSORTYPE=.*, TEST_KERNEL=.*, TEST_DATE=.*, TEST_TIMEZONE=.*, TEST_DESCRIPTION=BUGNUMBER: 303213; STATUS: integer overflow in js; STATUS: This bug passes if no crash occurs; --- NOTE: IN THIS TESTCASE, WE EXPECT EXIT CODE 5 ---
TEST_ID=js1_5/Regress/regress-303213.js, TEST_BRANCH=(1.8.1|1.9.0), TEST_RESULT=FAILED, TEST_BUILDTYPE=debug, TEST_TYPE=browser, TEST_OS=win32, TEST_MACHINE=.*, TEST_PROCESSORTYPE=.*, TEST_KERNEL=.*, TEST_DATE=.*, TEST_TIMEZONE=.*, TEST_DESCRIPTION=BUGNUMBER: 303213; STATUS: integer overflow in js; STATUS: This bug passes if no crash occurs; --- NOTE: IN THIS TESTCASE, WE EXPECT EXIT CODE 5 ---; JavaScript error: `.``*`/js1_5/Regress/regress-303213.js, line `[`0`-`9`]``+`: out of memory;
TEST_ID=js1_5/Regress/regress-319384.js, TEST_BRANCH=1.8.1, TEST_RESULT=FAILED, TEST_BUILDTYPE=(debug|opt), TEST_TYPE=browser, TEST_OS=(linux|mac|win32), TEST_MACHINE=.*, TEST_PROCESSORTYPE=.*, TEST_KERNEL=.*, TEST_DATE=.*, TEST_TIMEZONE=.*, TEST_DESCRIPTION=Unknown expected: Unknown actual: error reason: can't convert "foo" to an integer Page: http://`.``*`/js1_5/Regress/regress-319384.js Line: `[`0`-`9`]``+`
TEST_ID=js1_5/Regress/regress-320119.js, TEST_BRANCH=1.9.0, TEST_RESULT=FAILED, TEST_BUILDTYPE=(debug|opt), TEST_TYPE=(browser|shell), TEST_OS=(linux|mac|win32), TEST_MACHINE=.*, TEST_PROCESSORTYPE=.*, TEST_KERNEL=.*, TEST_DATE=.*, TEST_TIMEZONE=.*, TEST_DESCRIPTION=delegating objects and arguments, arity, caller, name: arguments no longer shared expected: false actual: true reason: Expected value 'false', Actual value 'true'
TEST_ID=js1_5/Regress/regress-320119.js, TEST_BRANCH=1.9.0, TEST_RESULT=FAILED, TEST_BUILDTYPE=(debug|opt), TEST_TYPE=(browser|shell), TEST_OS=(linux|mac|win32), TEST_MACHINE=.*, TEST_PROCESSORTYPE=.*, TEST_KERNEL=.*, TEST_DATE=.*, TEST_TIMEZONE=.*, TEST_DESCRIPTION=delegating objects and arguments, arity, caller, name: arity no longer shared expected: false actual: true reason: Expected value 'false', Actual value 'true'
TEST_ID=js1_5/Regress/regress-320119.js, TEST_BRANCH=1.9.0, TEST_RESULT=FAILED, TEST_BUILDTYPE=(debug|opt), TEST_TYPE=(browser|shell), TEST_OS=(linux|mac|win32), TEST_MACHINE=.*, TEST_PROCESSORTYPE=.*, TEST_KERNEL=.*, TEST_DATE=.*, TEST_TIMEZONE=.*, TEST_DESCRIPTION=delegating objects and arguments, arity, caller, name: caller no longer shared expected: false actual: true reason: Expected value 'false', Actual value 'true'
TEST_ID=js1_5/Regress/regress-320119.js, TEST_BRANCH=1.9.0, TEST_RESULT=FAILED, TEST_BUILDTYPE=(debug|opt), TEST_TYPE=(browser|shell), TEST_OS=(linux|mac|win32), TEST_MACHINE=.*, TEST_PROCESSORTYPE=.*, TEST_KERNEL=.*, TEST_DATE=.*, TEST_TIMEZONE=.*, TEST_DESCRIPTION=delegating objects and arguments, arity, caller, name: name no longer shared expected: false actual: true reason: Expected value 'false', Actual value 'true'
TEST_ID=js1_5/Regress/regress-328897.js, TEST_BRANCH=1.8.1, TEST_RESULT=FAILED, TEST_BUILDTYPE=(debug|opt), TEST_TYPE=browser, TEST_OS=(linux|mac|win32), TEST_MACHINE=.*, TEST_PROCESSORTYPE=.*, TEST_KERNEL=.*, TEST_DATE=.*, TEST_TIMEZONE=.*, TEST_DESCRIPTION=Unknown expected: Unknown actual: error reason: uncaught exception: Permission denied to get property UnnamedClass.classes Page:  Line: 0
TEST_ID=js1_5/Regress/regress-328897.js, TEST_BRANCH=1.9.0, TEST_RESULT=FAILED, TEST_BUILDTYPE=(debug|opt), TEST_TYPE=browser, TEST_OS=(linux|mac|win32), TEST_MACHINE=.*, TEST_PROCESSORTYPE=.*, TEST_KERNEL=.*, TEST_DATE=.*, TEST_TIMEZONE=.*, TEST_DESCRIPTION=JS_ReportPendingException should expected: Error actual: No Error reason: Expected value 'Error', Actual value 'No Error'
TEST_ID=js1_5/Regress/regress-328897.js, TEST_BRANCH=1.9.0, TEST_RESULT=FAILED, TEST_BUILDTYPE=(debug|opt), TEST_TYPE=browser, TEST_OS=(linux|mac|win32), TEST_MACHINE=.*, TEST_PROCESSORTYPE=.*, TEST_KERNEL=.*, TEST_DATE=.*, TEST_TIMEZONE=.*, TEST_DESCRIPTION=Unknown expected: Unknown actual: error reason: uncaught exception: Permission denied to get property XPCComponents.classes Page:  Line: 0
TEST_ID=js1_5/Regress/regress-329530.js, TEST_BRANCH=1.8.1, TEST_RESULT=FAILED, TEST_BUILDTYPE=opt, TEST_TYPE=browser, TEST_OS=win32, TEST_MACHINE=.*, TEST_PROCESSORTYPE=.*, TEST_KERNEL=.*, TEST_DATE=.*, TEST_TIMEZONE=.*, TEST_DESCRIPTION=BUGNUMBER: 329530; STATUS: Do not crash when calling toString on a deeply nested function; --- NOTE: IN THIS TESTCASE, WE EXPECT EXIT CODE 0 ---; --- NOTE: IN THIS TESTCASE, WE EXPECT EXIT CODE 5 ---
TEST_ID=js1_5/Regress/regress-330352.js, TEST_BRANCH=1.8.1, TEST_RESULT=FAILED, TEST_BUILDTYPE=(debug|opt), TEST_TYPE=browser, TEST_OS=(linux|mac|win32), TEST_MACHINE=.*, TEST_PROCESSORTYPE=.*, TEST_KERNEL=.*, TEST_DATE=.*, TEST_TIMEZONE=.*, TEST_DESCRIPTION=`(`EXIT STATUS: CRASHED `(`signal `)``?``[`4`-`9`]` (`[`0`-`9`.``]``+` seconds), `)``?`BUGNUMBER: 330352; STATUS: Very non-greedy regexp causes crash in jsregexp.c; --- NOTE: IN THIS TESTCASE, WE EXPECT EXIT CODE 0 ---; --- NOTE: IN THIS TESTCASE, WE EXPECT EXIT CODE 5 ---`(`; JavaScript error: `.``*`/js1_5/Regress/regress-330352.js, line `[`0`-`9`]``+`: out of memory;`)``?`
TEST_ID=js1_5/Regress/regress-330352.js, TEST_BRANCH=1.8.1, TEST_RESULT=FAILED, TEST_BUILDTYPE=(debug|opt), TEST_TYPE=shell, TEST_OS=linux, TEST_MACHINE=.*, TEST_PROCESSORTYPE=.*, TEST_KERNEL=2.6.9.*ELsmp, TEST_DATE=.*, TEST_TIMEZONE=.*, TEST_DESCRIPTION=`.``*`/js1_5/Regress/regress-330352.js`.``*`: out of memory
TEST_ID=js1_5/Regress/regress-346237.js, TEST_BRANCH=1.8.1, TEST_RESULT=FAILED, TEST_BUILDTYPE=(debug|opt), TEST_TYPE=browser, TEST_OS=(mac|win32), TEST_MACHINE=.*, TEST_PROCESSORTYPE=.*, TEST_KERNEL=.*, TEST_DATE=.*, TEST_TIMEZONE=.*, TEST_DESCRIPTION=BUGNUMBER: 346237; STATUS: RegExp - /(|)??x/g.exec("y")
TEST_ID=js1_5/Regress/regress-346237.js, TEST_BRANCH=1.8.1, TEST_RESULT=FAILED, TEST_BUILDTYPE=(debug|opt), TEST_TYPE=browser, TEST_OS=linux, TEST_MACHINE=.*, TEST_PROCESSORTYPE=(athlon|i686), TEST_KERNEL=(2.6.18.*el5|2.6.18.*el5PAE|2.6.22.*fc6|2.6.23.*fc7|2.6.23.*fc8), TEST_DATE=.*, TEST_TIMEZONE=.*, TEST_DESCRIPTION=BUGNUMBER: 346237; STATUS: RegExp - /(|)??x/g.exec("y")
TEST_ID=js1_5/Regress/regress-346237.js, TEST_BRANCH=1.8.1, TEST_RESULT=FAILED, TEST_BUILDTYPE=(debug|opt), TEST_TYPE=shell, TEST_OS=(linux|mac|win32), TEST_MACHINE=.*, TEST_PROCESSORTYPE=.*, TEST_KERNEL=.*, TEST_DATE=.*, TEST_TIMEZONE=.*, TEST_DESCRIPTION=`.``*`/js1_5/Regress/regress-346237.js`.``*`: out of memory
TEST_ID=js1_5/Regress/regress-346237.js, TEST_BRANCH=1.8.1, TEST_RESULT=FAILED, TEST_BUILDTYPE=debug, TEST_TYPE=browser, TEST_OS=linux, TEST_MACHINE=.*, TEST_PROCESSORTYPE=.*, TEST_KERNEL=.*, TEST_DATE=.*, TEST_TIMEZONE=.*, TEST_DESCRIPTION=`(`EXIT STATUS: CRASHED `[`4`-`9`]` (`[`0`-`9`.``]``+` seconds), `)``?`BUGNUMBER: 346237; STATUS: RegExp - /(|)??x/g.exec("y"); JavaScript error: `.``*`/js1_5/Regress/regress-346237.js, line `[`0`-`9`]``+`: out of memory;
TEST_ID=js1_5/Regress/regress-346237.js, TEST_BRANCH=1.8.1, TEST_RESULT=FAILED, TEST_BUILDTYPE=debug, TEST_TYPE=browser, TEST_OS=win32, TEST_MACHINE=.*, TEST_PROCESSORTYPE=.*, TEST_KERNEL=.*, TEST_DATE=.*, TEST_TIMEZONE=.*, TEST_DESCRIPTION=`.``*`/js1_5/Regress/regress-346237.js`.``*`: out of memory
TEST_ID=js1_5/Regress/regress-346237.js, TEST_BRANCH=1.8.1, TEST_RESULT=FAILED, TEST_BUILDTYPE=opt, TEST_TYPE=browser, TEST_OS=linux, TEST_MACHINE=.*, TEST_PROCESSORTYPE=(athlon|i686), TEST_KERNEL=2.6.9.*ELsmp, TEST_DATE=.*, TEST_TIMEZONE=.*, TEST_DESCRIPTION=EXIT STATUS: CRASHED signal `[`1`-`9`]``[`0`-`9`]``*` (`[`0`-`9`.``]``+` seconds), BUGNUMBER: 346237; STATUS: RegExp - /(|)??x/g.exec("y")
TEST_ID=js1_5/Regress/regress-350268.js, TEST_BRANCH=1.8.1, TEST_RESULT=FAILED, TEST_BUILDTYPE=(debug|opt), TEST_TYPE=(browser|shell), TEST_OS=(linux|mac|win32), TEST_MACHINE=.*, TEST_PROCESSORTYPE=.*, TEST_KERNEL=.*, TEST_DATE=.*, TEST_TIMEZONE=.*, TEST_DESCRIPTION=new Function with unbalanced braces expected: SyntaxError actual: No Error reason: Expected value 'SyntaxError', Actual value 'No Error'
TEST_ID=js1_5/Regress/regress-3649-n.js, TEST_BRANCH=(1.8.1|1.9.0), TEST_RESULT=FAILED, TEST_BUILDTYPE=(debug|opt), TEST_TYPE=browser, TEST_OS=(mac|win32), TEST_MACHINE=.*, TEST_PROCESSORTYPE=.*, TEST_KERNEL=.*, TEST_DATE=.*, TEST_TIMEZONE=.*, TEST_DESCRIPTION=BUGNUMBER: 3649; STATUS: gc-checking branch callback.; --- NOTE: IN THIS TESTCASE, WE EXPECT EXIT CODE 0 ---; --- NOTE: IN THIS TESTCASE, WE EXPECT EXIT CODE 5 ---
TEST_ID=js1_5/Regress/regress-3649-n.js, TEST_BRANCH=(1.8.1|1.9.0), TEST_RESULT=FAILED, TEST_BUILDTYPE=(debug|opt), TEST_TYPE=browser, TEST_OS=linux, TEST_MACHINE=.*, TEST_PROCESSORTYPE=.*, TEST_KERNEL=(2.6.18.*el5|2.6.18.*el5PAE|2.6.22.*fc6|2.6.23.*fc7|2.6.23.*fc8), TEST_DATE=.*, TEST_TIMEZONE=.*, TEST_DESCRIPTION=BUGNUMBER: 3649; STATUS: gc-checking branch callback.; --- NOTE: IN THIS TESTCASE, WE EXPECT EXIT CODE 0 ---; --- NOTE: IN THIS TESTCASE, WE EXPECT EXIT CODE 5 ---
TEST_ID=js1_5/Regress/regress-3649-n.js, TEST_BRANCH=(1.8.1|1.9.0), TEST_RESULT=FAILED, TEST_BUILDTYPE=(debug|opt), TEST_TYPE=shell, TEST_OS=linux, TEST_MACHINE=.*, TEST_PROCESSORTYPE=athlon, TEST_KERNEL=2.6.9.*ELsmp, TEST_DATE=.*, TEST_TIMEZONE=.*, TEST_DESCRIPTION=`.``*`/js1_5/Regress/regress-3649-n.js`.``*`: out of memory
TEST_ID=js1_5/Regress/regress-3649-n.js, TEST_BRANCH=(1.8.1|1.9.0), TEST_RESULT=FAILED, TEST_BUILDTYPE=debug, TEST_TYPE=browser, TEST_OS=win32, TEST_MACHINE=.*, TEST_PROCESSORTYPE=.*, TEST_KERNEL=.*, TEST_DATE=.*, TEST_TIMEZONE=.*, TEST_DESCRIPTION=`.``*`/js1_5/Regress/regress-3649-n.js`.``*`: out of memory
TEST_ID=js1_5/Regress/regress-3649-n.js, TEST_BRANCH=1.9.0, TEST_RESULT=FAILED, TEST_BUILDTYPE=opt, TEST_TYPE=browser, TEST_OS=linux, TEST_MACHINE=.*, TEST_PROCESSORTYPE=(athlon|i686), TEST_KERNEL=2.6.9.*ELsmp, TEST_DATE=.*, TEST_TIMEZONE=.*, TEST_DESCRIPTION=EXIT STATUS: TIMED OUT (`[`0`-`9`.``]``+` seconds), BUGNUMBER: 3649; STATUS: gc-checking branch callback.; --- NOTE: IN THIS TESTCASE, WE EXPECT EXIT CODE 0 ---; --- NOTE: IN THIS TESTCASE, WE EXPECT EXIT CODE 5 ---
TEST_ID=js1_5/Regress/regress-3649-n.js, TEST_BRANCH=1.9.0, TEST_RESULT=FAILED, TEST_BUILDTYPE=opt, TEST_TYPE=browser, TEST_OS=linux, TEST_MACHINE=.*, TEST_PROCESSORTYPE=athlon, TEST_KERNEL=2.6.9.*ELsmp, TEST_DATE=.*, TEST_TIMEZONE=.*, TEST_DESCRIPTION=EXIT STATUS: CRASHED signal `[`1`-`9`]``[`0`-`9`]``*` (`.``*` seconds), BUGNUMBER: 3649; STATUS: gc-checking branch callback.; --- NOTE: IN THIS TESTCASE, WE EXPECT EXIT CODE 0 ---; --- NOTE: IN THIS TESTCASE, WE EXPECT EXIT CODE 5 ---
TEST_ID=js1_5/Regress/regress-383674.js, TEST_BRANCH=1.8.1, TEST_RESULT=FAILED, TEST_BUILDTYPE=(debug|opt), TEST_TYPE=(browser|shell), TEST_OS=(linux|mac|win32), TEST_MACHINE=.*, TEST_PROCESSORTYPE=.*, TEST_KERNEL=.*, TEST_DATE=.*, TEST_TIMEZONE=.*, TEST_DESCRIPTION=Statement that implicitly calls toString should not be optimized away as a "useless expression": 1 expected: toString called actual: toString not called reason: Expected value 'toString called', Actual value 'toString not called'
TEST_ID=js1_5/Regress/regress-383674.js, TEST_BRANCH=1.8.1, TEST_RESULT=FAILED, TEST_BUILDTYPE=(debug|opt), TEST_TYPE=(browser|shell), TEST_OS=(linux|mac|win32), TEST_MACHINE=.*, TEST_PROCESSORTYPE=.*, TEST_KERNEL=.*, TEST_DATE=.*, TEST_TIMEZONE=.*, TEST_DESCRIPTION=Statement that implicitly calls toString should not be optimized away as a "useless expression": 2 expected: toString called actual: toString not called reason: Expected value 'toString called', Actual value 'toString not called'
TEST_ID=js1_5/decompilation/regress-351219.js, TEST_BRANCH=1.8.1, TEST_RESULT=FAILED, TEST_BUILDTYPE=(debug|opt), TEST_TYPE=(browser|shell), TEST_OS=(linux|mac|win32), TEST_MACHINE=.*, TEST_PROCESSORTYPE=.*, TEST_KERNEL=.*, TEST_DATE=.*, TEST_TIMEZONE=.*, TEST_DESCRIPTION=Decompilation of immutable infinity, NaN decompile Infinity as 1/0 expected:  function ( ) { return 1 / 0 ; }  actual:  function ( ) { return Infinity ; }  reason: Expected value ' function ( ) { return 1 / 0 ; } ', Actual value ' function ( ) { return Infinity ; } '
TEST_ID=js1_5/decompilation/regress-351219.js, TEST_BRANCH=1.8.1, TEST_RESULT=FAILED, TEST_BUILDTYPE=(debug|opt), TEST_TYPE=(browser|shell), TEST_OS=(linux|mac|win32), TEST_MACHINE=.*, TEST_PROCESSORTYPE=.*, TEST_KERNEL=.*, TEST_DATE=.*, TEST_TIMEZONE=.*, TEST_DESCRIPTION=Decompilation of immutable infinity, NaN: decompile NaN as 0/0 expected:  function ( ) { var NaN = 0 / 0 ; return NaN ; }  actual:  function ( ) { var NaN = NaN ; return NaN ; }  reason: Expected value ' function ( ) { var NaN = 0 / 0 ; return NaN ; } ', Actual value ' function ( ) { var NaN = NaN ; return NaN ; } '
TEST_ID=js1_5/decompilation/regress-352013.js, TEST_BRANCH=1.8.1, TEST_RESULT=FAILED, TEST_BUILDTYPE=(debug|opt), TEST_TYPE=(browser|shell), TEST_OS=(linux|mac|win32), TEST_MACHINE=.*, TEST_PROCESSORTYPE=.*, TEST_KERNEL=.*, TEST_DATE=.*, TEST_TIMEZONE=.*, TEST_DESCRIPTION=decompilation of new parenthetic expressions expected:  function ( ) { new ( x ( y ) ( z ) ) ; }  actual:  function ( ) { new x ( y ) ( z ) ; }  reason: Expected value ' function ( ) { new ( x ( y ) ( z ) ) ; } ', Actual value ' function ( ) { new x ( y ) ( z ) ; } '
TEST_ID=js1_5/decompilation/regress-352013.js, TEST_BRANCH=1.8.1, TEST_RESULT=FAILED, TEST_BUILDTYPE=(debug|opt), TEST_TYPE=(browser|shell), TEST_OS=(linux|mac|win32), TEST_MACHINE=.*, TEST_PROCESSORTYPE=.*, TEST_KERNEL=.*, TEST_DATE=.*, TEST_TIMEZONE=.*, TEST_DESCRIPTION=decompilation of new parenthetic expressions expected:  function ( ) { new ( x ( y ) . z ) ; }  actual:  function ( ) { new x ( y ) . z ; }  reason: Expected value ' function ( ) { new ( x ( y ) . z ) ; } ', Actual value ' function ( ) { new x ( y ) . z ; } '
TEST_ID=js1_5/decompilation/regress-352013.js, TEST_BRANCH=1.8.1, TEST_RESULT=FAILED, TEST_BUILDTYPE=(debug|opt), TEST_TYPE=(browser|shell), TEST_OS=(linux|mac|win32), TEST_MACHINE=.*, TEST_PROCESSORTYPE=.*, TEST_KERNEL=.*, TEST_DATE=.*, TEST_TIMEZONE=.*, TEST_DESCRIPTION=decompilation of new parenthetic expressions expected:  function ( ) { new ( x ( z ) ) ( w ) ; }  actual:  function ( ) { new x ( z ) ( w ) ; }  reason: Expected value ' function ( ) { new ( x ( z ) ) ( w ) ; } ', Actual value ' function ( ) { new x ( z ) ( w ) ; } '
TEST_ID=js1_5/decompilation/regress-352360.js, TEST_BRANCH=1.8.1, TEST_RESULT=FAILED, TEST_BUILDTYPE=(debug|opt), TEST_TYPE=(browser|shell), TEST_OS=(linux|mac|win32), TEST_MACHINE=.*, TEST_PROCESSORTYPE=.*, TEST_KERNEL=.*, TEST_DATE=.*, TEST_TIMEZONE=.*, TEST_DESCRIPTION=Decompilation of negative 0 expected:  function ( ) { return - 0 ; }  actual:  function ( ) { return 0 ; }  reason: Expected value ' function ( ) { return - 0 ; } ', Actual value ' function ( ) { return 0 ; } '
TEST_ID=js1_5/decompilation/regress-352360.js, TEST_BRANCH=1.8.1, TEST_RESULT=FAILED, TEST_BUILDTYPE=(debug|opt), TEST_TYPE=(browser|shell), TEST_OS=(linux|mac|win32), TEST_MACHINE=.*, TEST_PROCESSORTYPE=.*, TEST_KERNEL=.*, TEST_DATE=.*, TEST_TIMEZONE=.*, TEST_DESCRIPTION=Decompilation of negative 0: 8 / eval("" + f)() expected: -Infinity actual: Infinity reason: Expected value '-Infinity', Actual value 'Infinity'
TEST_ID=js1_5/decompilation/regress-352453.js, TEST_BRANCH=1.8.1, TEST_RESULT=FAILED, TEST_BUILDTYPE=(debug|opt), TEST_TYPE=browser, TEST_OS=(linux|mac|win32), TEST_MACHINE=.*, TEST_PROCESSORTYPE=.*, TEST_KERNEL=.*, TEST_DATE=.*, TEST_TIMEZONE=.*, TEST_DESCRIPTION=Unknown expected: Unknown actual: error reason: invalid decrement operand Page: http://`.``*`/js1_5/decompilation/regress-352453.js Line: `[`0`-`9`]``+`
TEST_ID=js1_5/decompilation/regress-352453.js, TEST_BRANCH=1.8.1, TEST_RESULT=FAILED, TEST_BUILDTYPE=(debug|opt), TEST_TYPE=shell, TEST_OS=(linux|mac|win32), TEST_MACHINE=.*, TEST_PROCESSORTYPE=.*, TEST_KERNEL=.*, TEST_DATE=.*, TEST_TIMEZONE=.*, TEST_DESCRIPTION= expected: Expected exit 0 actual: Actual exit 3, signal 0 reason: ./js1_5/decompilation/regress-352453.js:`[`0`-`9`]``+`: SyntaxError: invalid decrement operand: ./js1_5/decompilation/regress-352453.js:`[`0`-`9`]``+`:   var f = function() { (eval)(x)-- }; ./js1_5/decompilation/regress-352453.js:`[`0`-`9`]``+`: ................................^
TEST_ID=js1_5/decompilation/regress-353146.js, TEST_BRANCH=1.8.1, TEST_RESULT=FAILED, TEST_BUILDTYPE=(debug|opt), TEST_TYPE=(browser|shell), TEST_OS=(linux|mac|win32), TEST_MACHINE=.*, TEST_PROCESSORTYPE=.*, TEST_KERNEL=.*, TEST_DATE=.*, TEST_TIMEZONE=.*, TEST_DESCRIPTION=Decompilation of new expressions revisited expected:  function ( ) { return new ( p ( 2 ) [ 1 ] ) ; }  actual:  function ( ) { return new p ( 2 ) [ 1 ] ; }  reason: Expected value ' function ( ) { return new ( p ( 2 ) [ 1 ] ) ; } ', Actual value ' function ( ) { return new p ( 2 ) [ 1 ] ; } '
TEST_ID=js1_5/decompilation/regress-356083.js, TEST_BRANCH=1.8.1, TEST_RESULT=FAILED, TEST_BUILDTYPE=(debug|opt), TEST_TYPE=(browser|shell), TEST_OS=(linux|mac|win32), TEST_MACHINE=.*, TEST_PROCESSORTYPE=.*, TEST_KERNEL=.*, TEST_DATE=.*, TEST_TIMEZONE=.*, TEST_DESCRIPTION=decompilation for ({this setter: function () { } })  expected:  function ( ) { return { this setter : function ( ) { } } ; }  actual:  function ( ) { return { ' this ' setter : function ( ) { } } ; }  reason: Expected value ' function ( ) { return { this setter : function ( ) { } } ; } ', Actual value ' function ( ) { return { ' this ' setter : function ( ) { } } ; } '
TEST_ID=js1_5/decompilation/regress-356248.js, TEST_BRANCH=1.8.1, TEST_RESULT=FAILED, TEST_BUILDTYPE=(debug|opt), TEST_TYPE=(browser|shell), TEST_OS=(linux|mac|win32), TEST_MACHINE=.*, TEST_PROCESSORTYPE=.*, TEST_KERNEL=.*, TEST_DATE=.*, TEST_TIMEZONE=.*, TEST_DESCRIPTION=Decompilation of object literal with named getter expected:  function ( ) { return { set p y ( ) { } } ; }  actual:  function ( ) { return { set py ( ) { } } ; }  reason: Expected value ' function ( ) { return { set p y ( ) { } } ; } ', Actual value ' function ( ) { return { set py ( ) { } } ; } '
TEST_ID=js1_5/decompilation/regress-371692.js, TEST_BRANCH=1.8.1, TEST_RESULT=FAILED, TEST_BUILDTYPE=(debug|opt), TEST_TYPE=(browser|shell), TEST_OS=(linux|mac|win32), TEST_MACHINE=.*, TEST_PROCESSORTYPE=.*, TEST_KERNEL=.*, TEST_DATE=.*, TEST_TIMEZONE=.*, TEST_DESCRIPTION=Keep extra parentheses in conditional tests expected:  function ( ) { if ( ( i = 1 ) ) { a = 2 ; } }  actual:  function ( ) { if ( i = 1 ) { a = 2 ; } }  reason: Expected value ' function ( ) { if ( ( i = 1 ) ) { a = 2 ; } } ', Actual value ' function ( ) { if ( i = 1 ) { a = 2 ; } } '
TEST_ID=js1_5/decompilation/regress-375882.js, TEST_BRANCH=1.8.1, TEST_RESULT=FAILED, TEST_BUILDTYPE=(debug|opt), TEST_TYPE=(browser|shell), TEST_OS=(linux|mac|win32), TEST_MACHINE=.*, TEST_PROCESSORTYPE=.*, TEST_KERNEL=.*, TEST_DATE=.*, TEST_TIMEZONE=.*, TEST_DESCRIPTION=Decompilation of switch with case 0/0 expected:  function ( ) { switch ( a ) { case 0 / 0 : a ; case 1 / 0 : b ; case 1 / - 0 : c ; case - 0 : d ; default : ; } }  actual:  function ( ) { switch ( a ) { case NaN : a ; case Infinity : b ; case - Infinity : c ; case 0 : d ; default : ; } }  reason: Expected value ' function ( ) { switch ( a ) { case 0 / 0 : a ; case 1 / 0 : b ; case 1 / - 0 : c ; case - 0 : d ; default : ; } } ', Actual value ' function ( ) { switch ( a ) { case NaN : a ; case Infinity : b ; case - Infinity : c ; case 0 : d ; default : ; } } '
TEST_ID=js1_5/decompilation/regress-376564.js, TEST_BRANCH=1.8.1, TEST_RESULT=FAILED, TEST_BUILDTYPE=(debug|opt), TEST_TYPE=(browser|shell), TEST_OS=(linux|mac|win32), TEST_MACHINE=.*, TEST_PROCESSORTYPE=.*, TEST_KERNEL=.*, TEST_DATE=.*, TEST_TIMEZONE=.*, TEST_DESCRIPTION=Decompilation of new (eval()) expected:  function ( ) { new ( eval ( ) ) ; }  actual:  function ( ) { new eval ; }  reason: Expected value ' function ( ) { new ( eval ( ) ) ; } ', Actual value ' function ( ) { new eval ; } '
TEST_ID=js1_5/decompilation/regress-376564.js, TEST_BRANCH=1.8.1, TEST_RESULT=FAILED, TEST_BUILDTYPE=(debug|opt), TEST_TYPE=(browser|shell), TEST_OS=(linux|mac|win32), TEST_MACHINE=.*, TEST_PROCESSORTYPE=.*, TEST_KERNEL=.*, TEST_DATE=.*, TEST_TIMEZONE=.*, TEST_DESCRIPTION=Decompilation of new (eval()) expected:  function ( ) { new ( g ( ) ) ; }  actual:  function ( ) { new g ; }  reason: Expected value ' function ( ) { new ( g ( ) ) ; } ', Actual value ' function ( ) { new g ; } '
TEST_ID=js1_5/decompilation/regress-383721.js, TEST_BRANCH=1.8.1, TEST_RESULT=FAILED, TEST_BUILDTYPE=(debug|opt), TEST_TYPE=(browser|shell), TEST_OS=win32, TEST_MACHINE=.*, TEST_PROCESSORTYPE=.*, TEST_KERNEL=.*, TEST_DATE=.*, TEST_TIMEZONE=.*, TEST_DESCRIPTION=decompiling Tabs: toString expected:  function ( ) { return "\ t "; }  actual:  function ( ) { return " "; }  reason: Expected value ' function ( ) { return "\ t "; } ', Actual value ' function ( ) { return " "; } '
TEST_ID=js1_5/decompilation/regress-383721.js, TEST_BRANCH=1.8.1, TEST_RESULT=FAILED, TEST_BUILDTYPE=(debug|opt), TEST_TYPE=(browser|shell), TEST_OS=win32, TEST_MACHINE=.*, TEST_PROCESSORTYPE=.*, TEST_KERNEL=.*, TEST_DATE=.*, TEST_TIMEZONE=.*, TEST_DESCRIPTION=decompiling Tabs: uneval expected:  ( function ( ) { return "\ t "; } )  actual:  ( function ( ) { return " "; } )  reason: Expected value ' ( function ( ) { return "\ t "; } ) ', Actual value ' ( function ( ) { return " "; } ) '
TEST_ID=js1_5/extensions/regress-226507.js, TEST_BRANCH=1.8.1, TEST_RESULT=FAILED, TEST_BUILDTYPE=opt, TEST_TYPE=browser, TEST_OS=linux, TEST_MACHINE=.*, TEST_PROCESSORTYPE=.*, TEST_KERNEL=.*, TEST_DATE=.*, TEST_TIMEZONE=.*, TEST_DESCRIPTION=Unknown expected: Unknown actual: error reason: too much recursion Page: http://`.``*`/js1_5/extensions/regress-226507.js Line: `[`0`-`9`]``+`
TEST_ID=js1_5/extensions/regress-226507.js, TEST_BRANCH=1.8.1, TEST_RESULT=FAILED, TEST_BUILDTYPE=opt, TEST_TYPE=browser, TEST_OS=mac, TEST_MACHINE=.*, TEST_PROCESSORTYPE=i386, TEST_KERNEL=(8.10.1|8.11.1), TEST_DATE=.*, TEST_TIMEZONE=.*, TEST_DESCRIPTION=Unknown expected: Unknown actual: error reason: too much recursion Page: http://`.``*`/js1_5/extensions/regress-226507.js Line: `[`0`-`9`]``+`
TEST_ID=js1_5/extensions/regress-226507.js, TEST_BRANCH=1.8.1, TEST_RESULT=FAILED, TEST_BUILDTYPE=opt, TEST_TYPE=shell, TEST_OS=linux, TEST_MACHINE=.*, TEST_PROCESSORTYPE=.*, TEST_KERNEL=(2.6.18.*el5|2.6.18.*el5PAE|2.6.22.*fc6|2.6.23.*fc7|2.6.23.*fc8), TEST_DATE=.*, TEST_TIMEZONE=.*, TEST_DESCRIPTION= expected: Expected exit 0 actual: Actual exit 3, signal 0 reason: ./js1_5/extensions/regress-226507.js:`[`0`-`9`]``+`: InternalError: too much recursion
TEST_ID=js1_5/extensions/regress-304897.js, TEST_BRANCH=1.8.1, TEST_RESULT=FAILED, TEST_BUILDTYPE=(debug|opt), TEST_TYPE=(browser|shell), TEST_OS=win32, TEST_MACHINE=.*, TEST_PROCESSORTYPE=.*, TEST_KERNEL=.*, TEST_DATE=.*, TEST_TIMEZONE=.*, TEST_DESCRIPTION=uneval("\t"), uneval("\x09") expected: "\t" actual: "	" reason: Expected value '"\t"', Actual value '"	"'
TEST_ID=js1_5/extensions/regress-314874.js, TEST_BRANCH=1.8.1, TEST_RESULT=FAILED, TEST_BUILDTYPE=(debug|opt), TEST_TYPE=(browser|shell), TEST_OS=(linux|mac|win32), TEST_MACHINE=.*, TEST_PROCESSORTYPE=.*, TEST_KERNEL=.*, TEST_DATE=.*, TEST_TIMEZONE=.*, TEST_DESCRIPTION=Function.call/apply with non-primitive argument expected: ({a:"a", b:"b"}) actual: ({valueOf:(function () {return {a:"a", b:"b"};})}) reason: Expected value '({a:"a", b:"b"})', Actual value '({valueOf:(function () {return {a:"a", b:"b"};})})'
TEST_ID=js1_5/extensions/regress-322957.js, TEST_BRANCH=(1.8.1|1.9.0), TEST_RESULT=FAILED, TEST_BUILDTYPE=(debug|opt), TEST_TYPE=(browser|shell), TEST_OS=(linux|mac|win32), TEST_MACHINE=.*, TEST_PROCESSORTYPE=.*, TEST_KERNEL=.*, TEST_DATE=.*, TEST_TIMEZONE=.*, TEST_DESCRIPTION=TryMethod should not eat getter exceptions expected: true actual: -1 reason: Type mismatch, expected type boolean, actual type number Expected value 'true', Actual value '-1'
TEST_ID=js1_5/extensions/regress-330569.js, TEST_BRANCH=1.8.1, TEST_RESULT=FAILED TIMED OUT, TEST_BUILDTYPE=(debug|opt), TEST_TYPE=shell, TEST_OS=(linux|mac|win32), TEST_MACHINE=.*, TEST_PROCESSORTYPE=.*, TEST_KERNEL=.*, TEST_DATE=.*, TEST_TIMEZONE=.*, TEST_DESCRIPTION= expected:  actual:  reason: Testcase produced no output!
TEST_ID=js1_5/extensions/regress-330569.js, TEST_BRANCH=1.8.1, TEST_RESULT=FAILED, TEST_BUILDTYPE=(debug|opt), TEST_TYPE=browser, TEST_OS=(linux|mac|win32), TEST_MACHINE=.*, TEST_PROCESSORTYPE=.*, TEST_KERNEL=.*, TEST_DATE=.*, TEST_TIMEZONE=.*, TEST_DESCRIPTION=EXIT STATUS: TIMED OUT (`[`0`-`9`.``]``+` seconds), BUGNUMBER: 330569; STATUS: RegExp - throw InternalError on too complex regular expressions
TEST_ID=js1_5/extensions/regress-351448.js, TEST_BRANCH=1.8.1, TEST_RESULT=FAILED TIMED OUT, TEST_BUILDTYPE=(debug|opt), TEST_TYPE=shell, TEST_OS=(linux|mac|win32), TEST_MACHINE=.*, TEST_PROCESSORTYPE=.*, TEST_KERNEL=.*, TEST_DATE=.*, TEST_TIMEZONE=.*, TEST_DESCRIPTION= expected:  actual:  reason: Testcase produced no output!
TEST_ID=js1_5/extensions/regress-351448.js, TEST_BRANCH=1.8.1, TEST_RESULT=FAILED, TEST_BUILDTYPE=(debug|opt), TEST_TYPE=browser, TEST_OS=(linux|mac|win32), TEST_MACHINE=.*, TEST_PROCESSORTYPE=.*, TEST_KERNEL=.*, TEST_DATE=.*, TEST_TIMEZONE=.*, TEST_DESCRIPTION=EXIT STATUS: TIMED OUT (`[`0`-`9`.``]``+` seconds), BUGNUMBER: 351448; STATUS: RegExp - throw InternalError on too complex regular expressions
TEST_ID=js1_5/extensions/regress-351463-01.js, TEST_BRANCH=1.8.1, TEST_RESULT=FAILED, TEST_BUILDTYPE=(debug|opt), TEST_TYPE=(browser|shell), TEST_OS=(linux|mac|win32), TEST_MACHINE=.*, TEST_PROCESSORTYPE=.*, TEST_KERNEL=.*, TEST_DATE=.*, TEST_TIMEZONE=.*, TEST_DESCRIPTION=`.``*`/([\d-\S]+)/.exec("a0- z") expected: a0-,a0- actual: SyntaxError: invalid range in character class reason: Expected value 'a0-,a0-', Actual value 'SyntaxError: invalid range in character class'
TEST_ID=js1_5/extensions/regress-351463-01.js, TEST_BRANCH=1.8.1, TEST_RESULT=FAILED, TEST_BUILDTYPE=(debug|opt), TEST_TYPE=(browser|shell), TEST_OS=(linux|mac|win32), TEST_MACHINE=.*, TEST_PROCESSORTYPE=.*, TEST_KERNEL=.*, TEST_DATE=.*, TEST_TIMEZONE=.*, TEST_DESCRIPTION=`.``*`/([\d-\s]+)/.exec("a0- z") expected: 0- ,0-  actual: SyntaxError: invalid range in character class reason: Expected value '0- ,0- ', Actual value 'SyntaxError: invalid range in character class'
TEST_ID=js1_5/extensions/regress-352455.js, TEST_BRANCH=1.8.1, TEST_RESULT=FAILED, TEST_BUILDTYPE=(debug|opt), TEST_TYPE=(browser|shell), TEST_OS=(linux|mac|win32), TEST_MACHINE=.*, TEST_PROCESSORTYPE=.*, TEST_KERNEL=.*, TEST_DATE=.*, TEST_TIMEZONE=.*, TEST_DESCRIPTION=Eval object with non-function getters/setters expected: SyntaxError: invalid getter usage actual:  reason: Expected value 'SyntaxError: invalid getter usage', Actual value ''
TEST_ID=js1_5/extensions/regress-353214.js, TEST_BRANCH=1.8.1, TEST_RESULT=FAILED, TEST_BUILDTYPE=(debug|opt), TEST_TYPE=(browser|shell), TEST_OS=(linux|mac|win32), TEST_MACHINE=.*, TEST_PROCESSORTYPE=.*, TEST_KERNEL=.*, TEST_DATE=.*, TEST_TIMEZONE=.*, TEST_DESCRIPTION=decompilation of |function() { (function ([x]) { })(); eval("return 3;") }| expected:  function ( ) { ( function ( [ x ] ) { } ( ) ) ; eval ( " return 3 ;" ) ; }  actual:  function ( ) { ( function ( [ x ] ) { } ) ( ) ; eval ( " return 3 ;" ) ; }  reason: Expected value ' function ( ) { ( function ( [ x ] ) { } ( ) ) ; eval ( " return 3 ;" ) ; } ', Actual value ' function ( ) { ( function ( [ x ] ) { } ) ( ) ; eval ( " return 3 ;" ) ; } '
TEST_ID=js1_5/extensions/regress-355736.js, TEST_BRANCH=1.8.1, TEST_RESULT=FAILED, TEST_BUILDTYPE=(debug|opt), TEST_TYPE=(browser|shell), TEST_OS=(linux|mac|win32), TEST_MACHINE=.*, TEST_PROCESSORTYPE=.*, TEST_KERNEL=.*, TEST_DATE=.*, TEST_TIMEZONE=.*, TEST_DESCRIPTION=Decompilation of "[reserved]" has extra quotes: 1 expected:  function ( ) { [ super ] = q ; }  actual:  function ( ) { [ " super " ] = q ; }  reason: Expected value ' function ( ) { [ super ] = q ; } ', Actual value ' function ( ) { [ " super " ] = q ; } '
TEST_ID=js1_5/extensions/regress-355736.js, TEST_BRANCH=1.8.1, TEST_RESULT=FAILED, TEST_BUILDTYPE=(debug|opt), TEST_TYPE=(browser|shell), TEST_OS=(linux|mac|win32), TEST_MACHINE=.*, TEST_PROCESSORTYPE=.*, TEST_KERNEL=.*, TEST_DATE=.*, TEST_TIMEZONE=.*, TEST_DESCRIPTION=Decompilation of "[reserved]" has extra quotes: 1: compile actual expected: No Error actual: SyntaxError: invalid assignment left-hand side reason: Expected value 'No Error', Actual value 'SyntaxError: invalid assignment left-hand side'
TEST_ID=js1_5/extensions/regress-355736.js, TEST_BRANCH=1.8.1, TEST_RESULT=FAILED, TEST_BUILDTYPE=(debug|opt), TEST_TYPE=(browser|shell), TEST_OS=(linux|mac|win32), TEST_MACHINE=.*, TEST_PROCESSORTYPE=.*, TEST_KERNEL=.*, TEST_DATE=.*, TEST_TIMEZONE=.*, TEST_DESCRIPTION=Decompilation of "[reserved]" has extra quotes: 2 expected:  function ( ) { return { super getter : function ( ) { } } ; }  actual:  function ( ) { return { ' super ' getter : function ( ) { } } ; }  reason: Expected value ' function ( ) { return { super getter : function ( ) { } } ; } ', Actual value ' function ( ) { return { ' super ' getter : function ( ) { } } ; } '
TEST_ID=js1_5/extensions/regress-355736.js, TEST_BRANCH=1.8.1, TEST_RESULT=FAILED, TEST_BUILDTYPE=(debug|opt), TEST_TYPE=(browser|shell), TEST_OS=(linux|mac|win32), TEST_MACHINE=.*, TEST_PROCESSORTYPE=.*, TEST_KERNEL=.*, TEST_DATE=.*, TEST_TIMEZONE=.*, TEST_DESCRIPTION=Decompilation of "[reserved]" has extra quotes: 3 expected:  function ( ) { [ goto ] = a ; }  actual:  function ( ) { [ " goto " ] = a ; }  reason: Expected value ' function ( ) { [ goto ] = a ; } ', Actual value ' function ( ) { [ " goto " ] = a ; } '
TEST_ID=js1_5/extensions/regress-355736.js, TEST_BRANCH=1.8.1, TEST_RESULT=FAILED, TEST_BUILDTYPE=(debug|opt), TEST_TYPE=(browser|shell), TEST_OS=(linux|mac|win32), TEST_MACHINE=.*, TEST_PROCESSORTYPE=.*, TEST_KERNEL=.*, TEST_DATE=.*, TEST_TIMEZONE=.*, TEST_DESCRIPTION=Decompilation of "[reserved]" has extra quotes: 3: compile actual expected: No Error actual: SyntaxError: invalid assignment left-hand side reason: Expected value 'No Error', Actual value 'SyntaxError: invalid assignment left-hand side'
TEST_ID=js1_5/extensions/regress-355820.js, TEST_BRANCH=1.8.1, TEST_RESULT=FAILED, TEST_BUILDTYPE=(debug|opt), TEST_TYPE=(browser|shell), TEST_OS=(linux|mac|win32), TEST_MACHINE=.*, TEST_PROCESSORTYPE=.*, TEST_KERNEL=.*, TEST_DATE=.*, TEST_TIMEZONE=.*, TEST_DESCRIPTION=Remove non-standard Script object expected: undefined actual: function reason: Expected value 'undefined', Actual value 'function'
TEST_ID=js1_5/extensions/regress-356085.js, TEST_BRANCH=1.8.1, TEST_RESULT=FAILED, TEST_BUILDTYPE=(debug|opt), TEST_TYPE=(browser|shell), TEST_OS=(linux|mac|win32), TEST_MACHINE=.*, TEST_PROCESSORTYPE=.*, TEST_KERNEL=.*, TEST_DATE=.*, TEST_TIMEZONE=.*, TEST_DESCRIPTION=js_obj_toString for getter/setter expected:  ( { set p y ( ) { } } )  actual:  ( { set p ( ) { } } )  reason: Expected value ' ( { set p y ( ) { } } ) ', Actual value ' ( { set p ( ) { } } ) '
TEST_ID=js1_5/extensions/regress-363258.js, TEST_BRANCH=1.8.1, TEST_RESULT=FAILED, TEST_BUILDTYPE=(debug|opt), TEST_TYPE=(browser|shell), TEST_OS=win32, TEST_MACHINE=.*, TEST_PROCESSORTYPE=.*, TEST_KERNEL=.*, TEST_DATE=.*, TEST_TIMEZONE=.*, TEST_DESCRIPTION=Timer resolution expected: true actual: false reason: Expected value 'true', Actual value 'false'
TEST_ID=js1_5/extensions/regress-363258.js, TEST_BRANCH=1.9.0, TEST_RESULT=FAILED, TEST_BUILDTYPE=(debug|opt), TEST_TYPE=browser, TEST_OS=win32, TEST_MACHINE=.*, TEST_PROCESSORTYPE=.*, TEST_KERNEL=.*, TEST_DATE=.*, TEST_TIMEZONE=.*, TEST_DESCRIPTION=Timer resolution expected: true actual: false reason: Expected value 'true', Actual value 'false'
TEST_ID=js1_5/extensions/regress-365869.js, TEST_BRANCH=1.8.1, TEST_RESULT=FAILED, TEST_BUILDTYPE=(debug|opt), TEST_TYPE=(browser|shell), TEST_OS=(linux|mac|win32), TEST_MACHINE=.*, TEST_PROCESSORTYPE=.*, TEST_KERNEL=.*, TEST_DATE=.*, TEST_TIMEZONE=.*, TEST_DESCRIPTION=strict warning for object literal with duplicate propery names expected: TypeError: redeclaration of property 1 actual: No warning reason: Expected value 'TypeError: redeclaration of property 1', Actual value 'No warning'
TEST_ID=js1_5/extensions/regress-365869.js, TEST_BRANCH=1.8.1, TEST_RESULT=FAILED, TEST_BUILDTYPE=(debug|opt), TEST_TYPE=(browser|shell), TEST_OS=(linux|mac|win32), TEST_MACHINE=.*, TEST_PROCESSORTYPE=.*, TEST_KERNEL=.*, TEST_DATE=.*, TEST_TIMEZONE=.*, TEST_DESCRIPTION=strict warning for object literal with duplicate propery names expected: TypeError: redeclaration of property a actual: No warning reason: Expected value 'TypeError: redeclaration of property a', Actual value 'No warning'
TEST_ID=js1_5/extensions/regress-367923.js, TEST_BRANCH=1.8.1, TEST_RESULT=FAILED, TEST_BUILDTYPE=(debug|opt), TEST_TYPE=(browser|shell), TEST_OS=(linux|mac|win32), TEST_MACHINE=.*, TEST_PROCESSORTYPE=.*, TEST_KERNEL=.*, TEST_DATE=.*, TEST_TIMEZONE=.*, TEST_DESCRIPTION=strict warning for variable redeclares argument expected: TypeError: variable v redeclares argument actual: TypeError: variable v hides argument reason: Expected value 'TypeError: variable v redeclares argument', Actual value 'TypeError: variable v hides argument'
TEST_ID=js1_5/extensions/regress-371636.js, TEST_BRANCH=1.8.1, TEST_RESULT=FAILED, TEST_BUILDTYPE=(debug|opt), TEST_TYPE=browser, TEST_OS=(linux|mac|win32), TEST_MACHINE=.*, TEST_PROCESSORTYPE=.*, TEST_KERNEL=.*, TEST_DATE=.*, TEST_TIMEZONE=.*, TEST_DESCRIPTION=Numeric sort performance expected: (tint/tstr < 3)=true actual: (tint/tstr < 3)=false
TEST_ID=js1_5/extensions/regress-371636.js, TEST_BRANCH=1.8.1, TEST_RESULT=FAILED, TEST_BUILDTYPE=(debug|opt), TEST_TYPE=shell, TEST_OS=(linux|mac|win32), TEST_MACHINE=.*, TEST_PROCESSORTYPE=.*, TEST_KERNEL=.*, TEST_DATE=.*, TEST_TIMEZONE=.*, TEST_DESCRIPTION=`.``*`out of memory
TEST_ID=js1_5/extensions/regress-375801.js, TEST_BRANCH=1.8.1, TEST_RESULT=FAILED, TEST_BUILDTYPE=(debug|opt), TEST_TYPE=(browser|shell), TEST_OS=(linux|mac|win32), TEST_MACHINE=.*, TEST_PROCESSORTYPE=.*, TEST_KERNEL=.*, TEST_DATE=.*, TEST_TIMEZONE=.*, TEST_DESCRIPTION=uneval should use "(void 0)" instead of "undefined": uneval expected:  ( { a : ( void 0 ) } )  actual:  ( { a : undefined } )  reason: Expected value ' ( { a : ( void 0 ) } ) ', Actual value ' ( { a : undefined } ) '
TEST_ID=js1_5/extensions/regress-376052.js, TEST_BRANCH=1.8.1, TEST_RESULT=FAILED, TEST_BUILDTYPE=(debug|opt), TEST_TYPE=shell, TEST_OS=(linux|mac|win32), TEST_MACHINE=.*, TEST_PROCESSORTYPE=.*, TEST_KERNEL=.*, TEST_DATE=.*, TEST_TIMEZONE=.*, TEST_DESCRIPTION=javascript.options.anonfunfix to allow function (){} expressions: 3 expected: SyntaxError: syntax error actual: No Error reason: Expected value 'SyntaxError: syntax error', Actual value 'No Error'
TEST_ID=js1_5/extensions/regress-380831.js, TEST_BRANCH=1.8.1, TEST_RESULT=FAILED, TEST_BUILDTYPE=(debug|opt), TEST_TYPE=(browser|shell), TEST_OS=(linux|mac|win32), TEST_MACHINE=.*, TEST_PROCESSORTYPE=.*, TEST_KERNEL=.*, TEST_DATE=.*, TEST_TIMEZONE=.*, TEST_DESCRIPTION=uneval trying to output a getter function that is a sharp definition expected:  ( { b getter : # 1 = ( function ( ) { } ) , c getter : # 1 # } )  actual:  ( { b getter : # 1 = ( ) { } , c getter : # 1 # } )  reason: Expected value ' ( { b getter : # 1 = ( function ( ) { } ) , c getter : # 1 # } ) ', Actual value ' ( { b getter : # 1 = ( ) { } , c getter : # 1 # } ) '
TEST_ID=js1_5/extensions/regress-380889.js, TEST_BRANCH=1.8.1, TEST_RESULT=FAILED, TEST_BUILDTYPE=debug, TEST_TYPE=shell, TEST_OS=(linux|mac), TEST_MACHINE=.*, TEST_PROCESSORTYPE=.*, TEST_KERNEL=.*, TEST_DATE=.*, TEST_TIMEZONE=.*, TEST_DESCRIPTION= expected: Expected exit 0 actual: Actual exit 0, signal `[`1`-`9`]``[`0`-`9`]``*` reason: Assertion failure: op == JSOP_LOOKUPSWITCH, at js.c:`[`0`-`9`]``+`
TEST_ID=js1_5/extensions/regress-380889.js, TEST_BRANCH=1.8.1, TEST_RESULT=FAILED, TEST_BUILDTYPE=debug, TEST_TYPE=shell, TEST_OS=win32, TEST_MACHINE=.*, TEST_PROCESSORTYPE=.*, TEST_KERNEL=.*, TEST_DATE=.*, TEST_TIMEZONE=.*, TEST_DESCRIPTION= expected: Expected exit 0 actual: Actual exit 3, signal 0 reason: Testcase produced no output!
TEST_ID=js1_5/extensions/regress-381205.js, TEST_BRANCH=1.8.1, TEST_RESULT=FAILED, TEST_BUILDTYPE=(debug|opt), TEST_TYPE=(browser|shell), TEST_OS=(linux|mac|win32), TEST_MACHINE=.*, TEST_PROCESSORTYPE=.*, TEST_KERNEL=.*, TEST_DATE=.*, TEST_TIMEZONE=.*, TEST_DESCRIPTION=uneval with special getter functions: global expected: ({get x p() {print(4);}}) actual: ({get x () {print(4);}) reason: Expected value '({get x p() {print(4);}})', Actual value '({get x () {print(4);})'
TEST_ID=js1_5/extensions/regress-382509.js, TEST_BRANCH=1.8.1, TEST_RESULT=FAILED, TEST_BUILDTYPE=(debug|opt), TEST_TYPE=(browser|shell), TEST_OS=(linux|mac|win32), TEST_MACHINE=.*, TEST_PROCESSORTYPE=.*, TEST_KERNEL=.*, TEST_DATE=.*, TEST_TIMEZONE=.*, TEST_DESCRIPTION=Disallow non-global indirect eval: local indirect expected: EvalError: function eval must be called directly, and not by way of a function of another name actual: local indirect reason: Expected value 'EvalError: function eval must be called directly, and not by way of a function of another name', Actual value 'local indirect'
TEST_ID=js1_5/extensions/regress-385134.js, TEST_BRANCH=1.8.1, TEST_RESULT=FAILED, TEST_BUILDTYPE=(debug|opt), TEST_TYPE=shell, TEST_OS=(linux|mac), TEST_MACHINE=.*, TEST_PROCESSORTYPE=.*, TEST_KERNEL=.*, TEST_DATE=.*, TEST_TIMEZONE=.*, TEST_DESCRIPTION= expected: Expected exit 0 actual: Actual exit 0, signal `[`1`-`9`]``[`0`-`9`]``*` reason: Testcase produced no output!
TEST_ID=js1_5/extensions/regress-385134.js, TEST_BRANCH=1.8.1, TEST_RESULT=FAILED, TEST_BUILDTYPE=(debug|opt), TEST_TYPE=shell, TEST_OS=win32, TEST_MACHINE=.*, TEST_PROCESSORTYPE=.*, TEST_KERNEL=.*, TEST_DATE=.*, TEST_TIMEZONE=.*, TEST_DESCRIPTION= expected: Expected exit 0 actual: Actual exit 4, signal 0 reason: Testcase produced no output!
TEST_ID=js1_5/extensions/toLocaleFormat-01.js, TEST_BRANCH=1.8.1, TEST_RESULT=FAILED, TEST_BUILDTYPE=(debug|opt), TEST_TYPE=(browser|shell), TEST_OS=linux, TEST_MACHINE=.*, TEST_PROCESSORTYPE=.*, TEST_KERNEL=.*, TEST_DATE=.*, TEST_TIMEZONE=.*, TEST_DESCRIPTION=Date.toLocaleFormat("xxxx%Y%Y%Y%Y%Y%Y%Y%Y%Y%Y%Y%Y%Y%Y%Y%Y%Y%Y%Y%Y%Y%Y%Y%Y") expected: Sat Jan 01 -0051 00:00:00 `.``*` actual: xxxx-51-51-51-51-51-51-51-51-51-51-51-51-51-51-51-51-51-51-51-51-51-51-51-51 reason: Expected value 'Sat Jan 01 -0051 00:00:00 `.``*`', Actual value 'xxxx-51-51-51-51-51-51-51-51-51-51-51-51-51-51-51-51-51-51-51-51-51-51-51-51'
TEST_ID=js1_5/extensions/toLocaleFormat-01.js, TEST_BRANCH=1.8.1, TEST_RESULT=FAILED, TEST_BUILDTYPE=(debug|opt), TEST_TYPE=(browser|shell), TEST_OS=mac, TEST_MACHINE=.*, TEST_PROCESSORTYPE=.*, TEST_KERNEL=.*, TEST_DATE=.*, TEST_TIMEZONE=.*, TEST_DESCRIPTION=Date.toLocaleFormat("%Y %y") expected: -1 99 actual: -001 -1 reason: Expected value '-1 99', Actual value '-001 -1'
TEST_ID=js1_5/extensions/toLocaleFormat-01.js, TEST_BRANCH=1.8.1, TEST_RESULT=FAILED, TEST_BUILDTYPE=(debug|opt), TEST_TYPE=(browser|shell), TEST_OS=mac, TEST_MACHINE=.*, TEST_PROCESSORTYPE=.*, TEST_KERNEL=.*, TEST_DATE=.*, TEST_TIMEZONE=.*, TEST_DESCRIPTION=Date.toLocaleFormat("%Y %y") expected: -51 49 actual: -051 -51 reason: Expected value '-51 49', Actual value '-051 -51'
TEST_ID=js1_5/extensions/toLocaleFormat-01.js, TEST_BRANCH=1.8.1, TEST_RESULT=FAILED, TEST_BUILDTYPE=(debug|opt), TEST_TYPE=(browser|shell), TEST_OS=mac, TEST_MACHINE=.*, TEST_PROCESSORTYPE=.*, TEST_KERNEL=.*, TEST_DATE=.*, TEST_TIMEZONE=.*, TEST_DESCRIPTION=Date.toLocaleFormat("%Y%Y%Y%Y%Y%Y%Y%Y%Y%Y%Y%Y%Y%Y%Y%Y%Y%Y%Y%Y%Y%Y") expected: -51-51-51-51-51-51-51-51-51-51-51-51-51-51-51-51-51-51-51-51-51-51 actual: -051-051-051-051-051-051-051-051-051-051-051-051-051-051-051-051-051-051-051-051-051-051 reason: Expected value '-51-51-51-51-51-51-51-51-51-51-51-51-51-51-51-51-51-51-51-51-51-51', Actual value '-051-051-051-051-051-051-051-051-051-051-051-051-051-051-051-051-051-051-051-051-051-051'
TEST_ID=js1_5/extensions/toLocaleFormat-01.js, TEST_BRANCH=1.8.1, TEST_RESULT=FAILED, TEST_BUILDTYPE=(debug|opt), TEST_TYPE=(browser|shell), TEST_OS=mac, TEST_MACHINE=.*, TEST_PROCESSORTYPE=.*, TEST_KERNEL=.*, TEST_DATE=.*, TEST_TIMEZONE=.*, TEST_DESCRIPTION=Date.toLocaleFormat("xxx%Y%Y%Y%Y%Y%Y%Y%Y%Y%Y%Y%Y%Y%Y%Y%Y%Y%Y%Y%Y%Y%Y%Y%Y") expected: xxx-51-51-51-51-51-51-51-51-51-51-51-51-51-51-51-51-51-51-51-51-51-51-51-51 actual: xxx-051-051-051-051-051-051-051-051-051-051-051-051-051-051-051-051-051-051-051-051-051-051-051-051 reason: Expected value 'xxx-51-51-51-51-51-51-51-51-51-51-51-51-51-51-51-51-51-51-51-51-51-51-51-51', Actual value 'xxx-051-051-051-051-051-051-051-051-051-051-051-051-051-051-051-051-051-051-051-051-051-051-051-051'
TEST_ID=js1_5/extensions/toLocaleFormat-01.js, TEST_BRANCH=1.8.1, TEST_RESULT=FAILED, TEST_BUILDTYPE=(debug|opt), TEST_TYPE=(browser|shell), TEST_OS=win32, TEST_MACHINE=.*, TEST_PROCESSORTYPE=.*, TEST_KERNEL=.*, TEST_DATE=.*, TEST_TIMEZONE=.*, TEST_DESCRIPTION=Date.toLocaleFormat("%Y %y") expected: -1 99 actual: 000/ 0/ reason: Expected value '-1 99', Actual value '000/ 0/'
TEST_ID=js1_5/extensions/toLocaleFormat-01.js, TEST_BRANCH=1.8.1, TEST_RESULT=FAILED, TEST_BUILDTYPE=(debug|opt), TEST_TYPE=(browser|shell), TEST_OS=win32, TEST_MACHINE=.*, TEST_PROCESSORTYPE=.*, TEST_KERNEL=.*, TEST_DATE=.*, TEST_TIMEZONE=.*, TEST_DESCRIPTION=Date.toLocaleFormat("%Y %y") expected: -100 00 actual: 0/00 00 reason: Expected value '-100 00', Actual value '0/00 00'
TEST_ID=js1_5/extensions/toLocaleFormat-01.js, TEST_BRANCH=1.8.1, TEST_RESULT=FAILED, TEST_BUILDTYPE=(debug|opt), TEST_TYPE=(browser|shell), TEST_OS=win32, TEST_MACHINE=.*, TEST_PROCESSORTYPE=.*, TEST_KERNEL=.*, TEST_DATE=.*, TEST_TIMEZONE=.*, TEST_DESCRIPTION=Date.toLocaleFormat("%Y %y") expected: -51 49 actual: 00+/ +/ reason: Expected value '-51 49', Actual value '00+/ +/'
TEST_ID=js1_5/extensions/toLocaleFormat-01.js, TEST_BRANCH=1.8.1, TEST_RESULT=FAILED, TEST_BUILDTYPE=(debug|opt), TEST_TYPE=(browser|shell), TEST_OS=win32, TEST_MACHINE=.*, TEST_PROCESSORTYPE=.*, TEST_KERNEL=.*, TEST_DATE=.*, TEST_TIMEZONE=.*, TEST_DESCRIPTION=Date.toLocaleFormat("%Y %y") expected: 1851 51 actual: 1851 ,' reason: Expected value '1851 51', Actual value '1851 ,''
TEST_ID=js1_5/extensions/toLocaleFormat-01.js, TEST_BRANCH=1.8.1, TEST_RESULT=FAILED, TEST_BUILDTYPE=(debug|opt), TEST_TYPE=(browser|shell), TEST_OS=win32, TEST_MACHINE=.*, TEST_PROCESSORTYPE=.*, TEST_KERNEL=.*, TEST_DATE=.*, TEST_TIMEZONE=.*, TEST_DESCRIPTION=Date.toLocaleFormat("%Y %y") expected: 1899 99 actual: 1899 0/ reason: Expected value '1899 99', Actual value '1899 0/'
TEST_ID=js1_5/extensions/toLocaleFormat-01.js, TEST_BRANCH=1.8.1, TEST_RESULT=FAILED, TEST_BUILDTYPE=(debug|opt), TEST_TYPE=(browser|shell), TEST_OS=win32, TEST_MACHINE=.*, TEST_PROCESSORTYPE=.*, TEST_KERNEL=.*, TEST_DATE=.*, TEST_TIMEZONE=.*, TEST_DESCRIPTION=Date.toLocaleFormat("%Y%Y%Y%Y%Y%Y%Y%Y%Y%Y%Y%Y%Y%Y%Y%Y%Y%Y%Y") expected: -9999-9999-9999-9999-9999-9999-9999-9999-9999-9999-9999-9999-9999-9999-9999-9999-9999-9999-9999 actual: '''''''''''''''''''''''''''''''''''''''''''''''''''''''''''''''''''''''''''' reason: Expected value '-9999-9999-9999-9999-9999-9999-9999-9999-9999-9999-9999-9999-9999-9999-9999-9999-9999-9999-9999', Actual value ''''''''''''''''''''''''''''''''''''''''''''''''''''''''''''''''''''''''''''''
TEST_ID=js1_5/extensions/toLocaleFormat-01.js, TEST_BRANCH=1.8.1, TEST_RESULT=FAILED, TEST_BUILDTYPE=(debug|opt), TEST_TYPE=(browser|shell), TEST_OS=win32, TEST_MACHINE=.*, TEST_PROCESSORTYPE=.*, TEST_KERNEL=.*, TEST_DATE=.*, TEST_TIMEZONE=.*, TEST_DESCRIPTION=Date.toLocaleFormat("%Y%Y%Y%Y%Y%Y%Y%Y%Y%Y%Y%Y%Y%Y%Y%Y%Y%Y%Y") expected: 32767327673276732767327673276732767327673276732767327673276732767327673276732767327673276732767 actual: 2767276727672767276727672767276727672767276727672767276727672767276727672767 reason: Expected value '32767327673276732767327673276732767327673276732767327673276732767327673276732767327673276732767', Actual value '2767276727672767276727672767276727672767276727672767276727672767276727672767'
TEST_ID=js1_5/extensions/toLocaleFormat-01.js, TEST_BRANCH=1.8.1, TEST_RESULT=FAILED, TEST_BUILDTYPE=(debug|opt), TEST_TYPE=(browser|shell), TEST_OS=win32, TEST_MACHINE=.*, TEST_PROCESSORTYPE=.*, TEST_KERNEL=.*, TEST_DATE=.*, TEST_TIMEZONE=.*, TEST_DESCRIPTION=Date.toLocaleFormat("%Y%Y%Y%Y%Y%Y%Y%Y%Y%Y%Y%Y%Y%Y%Y%Y%Y%Y%Y%Y%Y%Y") expected: -51-51-51-51-51-51-51-51-51-51-51-51-51-51-51-51-51-51-51-51-51-51 actual: 00+/00+/00+/00+/00+/00+/00+/00+/00+/00+/00+/00+/00+/00+/00+/00+/00+/00+/00+/00+/00+/00+/ reason: Expected value '-51-51-51-51-51-51-51-51-51-51-51-51-51-51-51-51-51-51-51-51-51-51', Actual value '00+/00+/00+/00+/00+/00+/00+/00+/00+/00+/00+/00+/00+/00+/00+/00+/00+/00+/00+/00+/00+/00+/'
TEST_ID=js1_5/extensions/toLocaleFormat-01.js, TEST_BRANCH=1.8.1, TEST_RESULT=FAILED, TEST_BUILDTYPE=(debug|opt), TEST_TYPE=(browser|shell), TEST_OS=win32, TEST_MACHINE=.*, TEST_PROCESSORTYPE=.*, TEST_KERNEL=.*, TEST_DATE=.*, TEST_TIMEZONE=.*, TEST_DESCRIPTION=Date.toLocaleFormat("xxx%Y%Y%Y%Y%Y%Y%Y%Y%Y%Y%Y%Y%Y%Y%Y%Y%Y%Y%Y%Y%Y%Y%Y%Y") expected: xxx-51-51-51-51-51-51-51-51-51-51-51-51-51-51-51-51-51-51-51-51-51-51-51-51 actual: xxx00+/00+/00+/00+/00+/00+/00+/00+/00+/00+/00+/00+/00+/00+/00+/00+/00+/00+/00+/00+/00+/00+/00+/00+/ reason: Expected value 'xxx-51-51-51-51-51-51-51-51-51-51-51-51-51-51-51-51-51-51-51-51-51-51-51-51', Actual value 'xxx00+/00+/00+/00+/00+/00+/00+/00+/00+/00+/00+/00+/00+/00+/00+/00+/00+/00+/00+/00+/00+/00+/00+/00+/'
TEST_ID=js1_5/extensions/toLocaleFormat-01.js, TEST_BRANCH=1.8.1, TEST_RESULT=FAILED, TEST_BUILDTYPE=(debug|opt), TEST_TYPE=(browser|shell), TEST_OS=win32, TEST_MACHINE=.*, TEST_PROCESSORTYPE=.*, TEST_KERNEL=.*, TEST_DATE=.*, TEST_TIMEZONE=.*, TEST_DESCRIPTION=Date.toLocaleFormat("xxxx%Y%Y%Y%Y%Y%Y%Y%Y%Y%Y%Y%Y%Y%Y%Y%Y%Y%Y%Y") expected: xxxx-9999-9999-9999-9999-9999-9999-9999-9999-9999-9999-9999-9999-9999-9999-9999-9999-9999-9999-9999 actual: xxxx'''''''''''''''''''''''''''''''''''''''''''''''''''''''''''''''''''''''''''' reason: Expected value 'xxxx-9999-9999-9999-9999-9999-9999-9999-9999-9999-9999-9999-9999-9999-9999-9999-9999-9999-9999-9999', Actual value 'xxxx'''''''''''''''''''''''''''''''''''''''''''''''''''''''''''''''''''''''''''''
TEST_ID=js1_5/extensions/toLocaleFormat-01.js, TEST_BRANCH=1.8.1, TEST_RESULT=FAILED, TEST_BUILDTYPE=(debug|opt), TEST_TYPE=(browser|shell), TEST_OS=win32, TEST_MACHINE=.*, TEST_PROCESSORTYPE=.*, TEST_KERNEL=.*, TEST_DATE=.*, TEST_TIMEZONE=.*, TEST_DESCRIPTION=Date.toLocaleFormat("xxxx%Y%Y%Y%Y%Y%Y%Y%Y%Y%Y%Y%Y%Y%Y%Y%Y%Y%Y%Y") expected: xxxx32767327673276732767327673276732767327673276732767327673276732767327673276732767327673276732767 actual: xxxx2767276727672767276727672767276727672767276727672767276727672767276727672767 reason: Expected value 'xxxx32767327673276732767327673276732767327673276732767327673276732767327673276732767327673276732767', Actual value 'xxxx2767276727672767276727672767276727672767276727672767276727672767276727672767'
TEST_ID=js1_5/extensions/toLocaleFormat-01.js, TEST_BRANCH=1.8.1, TEST_RESULT=FAILED, TEST_BUILDTYPE=(debug|opt), TEST_TYPE=(browser|shell), TEST_OS=win32, TEST_MACHINE=.*, TEST_PROCESSORTYPE=.*, TEST_KERNEL=.*, TEST_DATE=.*, TEST_TIMEZONE=.*, TEST_DESCRIPTION=Date.toLocaleFormat("xxxx%Y%Y%Y%Y%Y%Y%Y%Y%Y%Y%Y%Y%Y%Y%Y%Y%Y%Y%Y%Y%Y%Y") expected: Mon Jan 01 -9999 00:00:00 `.``*` actual: xxxx'''''''''''''''''''''''''''''''''''''''''''''''''''''''''''''''''''''''''''''''''''''''' reason: Expected value 'Mon Jan 01 -9999 00:00:00 `.``*`', Actual value 'xxxx'''''''''''''''''''''''''''''''''''''''''''''''''''''''''''''''''''''''''''''''''''''''''
TEST_ID=js1_5/extensions/toLocaleFormat-01.js, TEST_BRANCH=1.8.1, TEST_RESULT=FAILED, TEST_BUILDTYPE=(debug|opt), TEST_TYPE=(browser|shell), TEST_OS=win32, TEST_MACHINE=.*, TEST_PROCESSORTYPE=.*, TEST_KERNEL=.*, TEST_DATE=.*, TEST_TIMEZONE=.*, TEST_DESCRIPTION=Date.toLocaleFormat("xxxx%Y%Y%Y%Y%Y%Y%Y%Y%Y%Y%Y%Y%Y%Y%Y%Y%Y%Y%Y%Y%Y%Y") expected: Sun Jan 01 32767 00:00:00 `.``*` actual: xxxx2767276727672767276727672767276727672767276727672767276727672767276727672767276727672767 reason: Expected value 'Sun Jan 01 32767 00:00:00 `.``*`', Actual value 'xxxx2767276727672767276727672767276727672767276727672767276727672767276727672767276727672767'
TEST_ID=js1_5/extensions/toLocaleFormat-01.js, TEST_BRANCH=1.8.1, TEST_RESULT=FAILED, TEST_BUILDTYPE=(debug|opt), TEST_TYPE=(browser|shell), TEST_OS=win32, TEST_MACHINE=.*, TEST_PROCESSORTYPE=.*, TEST_KERNEL=.*, TEST_DATE=.*, TEST_TIMEZONE=.*, TEST_DESCRIPTION=Date.toLocaleFormat("xxxxx%Y%Y%Y%Y%Y%Y%Y%Y%Y%Y%Y%Y%Y%Y%Y%Y%Y%Y%Y") expected: Sun Jan 01 32767 00:00:00 `.``*` actual: xxxxx2767276727672767276727672767276727672767276727672767276727672767276727672767 reason: Expected value 'Sun Jan 01 32767 00:00:00 `.``*`', Actual value 'xxxxx2767276727672767276727672767276727672767276727672767276727672767276727672767'
TEST_ID=js1_5/extensions/toLocaleFormat-02.js, TEST_BRANCH=(1.8.1|1.9.0), TEST_RESULT=FAILED, TEST_BUILDTYPE=(debug|opt), TEST_TYPE=(browser|shell), TEST_OS=win32, TEST_MACHINE=.*, TEST_PROCESSORTYPE=.*, TEST_KERNEL=.*, TEST_DATE=.*, TEST_TIMEZONE=(-0400|-0500), TEST_DESCRIPTION=Date.toLocaleFormat("%H:%M") == Date.toLocaleFormat("%R") expected: 20:00 actual: Sat Jun 04 2005 `.``*` reason: Expected value '20:00', Actual value 'Sat Jun 04 2005 `.``*`'
TEST_ID=js1_5/extensions/toLocaleFormat-02.js, TEST_BRANCH=(1.8.1|1.9.0), TEST_RESULT=FAILED, TEST_BUILDTYPE=(debug|opt), TEST_TYPE=(browser|shell), TEST_OS=win32, TEST_MACHINE=.*, TEST_PROCESSORTYPE=.*, TEST_KERNEL=.*, TEST_DATE=.*, TEST_TIMEZONE=(-0400|-0500), TEST_DESCRIPTION=Date.toLocaleFormat("%H:%M:%S") == Date.toLocaleFormat("%T") expected: 20:00:00 actual: Sat Jun 04 2005 `.``*` reason: Expected value '20:00:00', Actual value 'Sat Jun 04 2005 `.``*`'
TEST_ID=js1_5/extensions/toLocaleFormat-02.js, TEST_BRANCH=(1.8.1|1.9.0), TEST_RESULT=FAILED, TEST_BUILDTYPE=(debug|opt), TEST_TYPE=(browser|shell), TEST_OS=win32, TEST_MACHINE=.*, TEST_PROCESSORTYPE=.*, TEST_KERNEL=.*, TEST_DATE=.*, TEST_TIMEZONE=(-0400|-0500), TEST_DESCRIPTION=Date.toLocaleFormat("%I:%M:%S %p") == Date.toLocaleFormat("%r") expected: 08:00:00 PM actual: Sat Jun 04 2005 `.``*` reason: Expected value '08:00:00 PM', Actual value 'Sat Jun 04 2005 `.``*`'
TEST_ID=js1_5/extensions/toLocaleFormat-02.js, TEST_BRANCH=(1.8.1|1.9.0), TEST_RESULT=FAILED, TEST_BUILDTYPE=(debug|opt), TEST_TYPE=(browser|shell), TEST_OS=win32, TEST_MACHINE=.*, TEST_PROCESSORTYPE=.*, TEST_KERNEL=.*, TEST_DATE=.*, TEST_TIMEZONE=(-0400|-0500|-0700|-0800), TEST_DESCRIPTION=Date.toLocaleFormat("%C") expected: 20 actual: Sat Jun 04 2005 `.``*` reason: Expected value '20', Actual value 'Sat Jun 04 2005 `.``*`'
TEST_ID=js1_5/extensions/toLocaleFormat-02.js, TEST_BRANCH=(1.8.1|1.9.0), TEST_RESULT=FAILED, TEST_BUILDTYPE=(debug|opt), TEST_TYPE=(browser|shell), TEST_OS=win32, TEST_MACHINE=.*, TEST_PROCESSORTYPE=.*, TEST_KERNEL=.*, TEST_DATE=.*, TEST_TIMEZONE=(-0400|-0500|-0700|-0800), TEST_DESCRIPTION=Date.toLocaleFormat("%G") expected: 2005 actual: Sat Jun 04 2005 `.``*` reason: Expected value '2005', Actual value 'Sat Jun 04 2005 `.``*`'
TEST_ID=js1_5/extensions/toLocaleFormat-02.js, TEST_BRANCH=(1.8.1|1.9.0), TEST_RESULT=FAILED, TEST_BUILDTYPE=(debug|opt), TEST_TYPE=(browser|shell), TEST_OS=win32, TEST_MACHINE=.*, TEST_PROCESSORTYPE=.*, TEST_KERNEL=.*, TEST_DATE=.*, TEST_TIMEZONE=(-0400|-0500|-0700|-0800), TEST_DESCRIPTION=Date.toLocaleFormat("%V") expected: 22 actual: Sat Jun 04 2005 `.``*` reason: Expected value '22', Actual value 'Sat Jun 04 2005 `.``*`'
TEST_ID=js1_5/extensions/toLocaleFormat-02.js, TEST_BRANCH=(1.8.1|1.9.0), TEST_RESULT=FAILED, TEST_BUILDTYPE=(debug|opt), TEST_TYPE=(browser|shell), TEST_OS=win32, TEST_MACHINE=.*, TEST_PROCESSORTYPE=.*, TEST_KERNEL=.*, TEST_DATE=.*, TEST_TIMEZONE=(-0400|-0500|-0700|-0800), TEST_DESCRIPTION=Date.toLocaleFormat("%Y-%m-%d") == Date.toLocaleFormat("%F") expected: 2005-06-04 actual: Sat Jun 04 2005 `.``*` reason: Expected value '2005-06-04', Actual value 'Sat Jun 04 2005 `.``*`'
TEST_ID=js1_5/extensions/toLocaleFormat-02.js, TEST_BRANCH=(1.8.1|1.9.0), TEST_RESULT=FAILED, TEST_BUILDTYPE=(debug|opt), TEST_TYPE=(browser|shell), TEST_OS=win32, TEST_MACHINE=.*, TEST_PROCESSORTYPE=.*, TEST_KERNEL=.*, TEST_DATE=.*, TEST_TIMEZONE=(-0400|-0500|-0700|-0800), TEST_DESCRIPTION=Date.toLocaleFormat("%b") == Date.toLocaleFormat("%h") expected: Jun actual: Sat Jun 04 2005 `.``*` reason: Expected value 'Jun', Actual value 'Sat Jun 04 2005 `.``*`'
TEST_ID=js1_5/extensions/toLocaleFormat-02.js, TEST_BRANCH=(1.8.1|1.9.0), TEST_RESULT=FAILED, TEST_BUILDTYPE=(debug|opt), TEST_TYPE=(browser|shell), TEST_OS=win32, TEST_MACHINE=.*, TEST_PROCESSORTYPE=.*, TEST_KERNEL=.*, TEST_DATE=.*, TEST_TIMEZONE=(-0400|-0500|-0700|-0800), TEST_DESCRIPTION=Date.toLocaleFormat("%e") expected:  4 actual: Sat Jun 04 2005 `.``*` reason: Expected value ' 4', Actual value 'Sat Jun 04 2005 `.``*`'
TEST_ID=js1_5/extensions/toLocaleFormat-02.js, TEST_BRANCH=(1.8.1|1.9.0), TEST_RESULT=FAILED, TEST_BUILDTYPE=(debug|opt), TEST_TYPE=(browser|shell), TEST_OS=win32, TEST_MACHINE=.*, TEST_PROCESSORTYPE=.*, TEST_KERNEL=.*, TEST_DATE=.*, TEST_TIMEZONE=(-0400|-0500|-0700|-0800), TEST_DESCRIPTION=Date.toLocaleFormat("%g") expected: 05 actual: Sat Jun 04 2005 `.``*` reason: Expected value '05', Actual value 'Sat Jun 04 2005 `.``*`'
TEST_ID=js1_5/extensions/toLocaleFormat-02.js, TEST_BRANCH=(1.8.1|1.9.0), TEST_RESULT=FAILED, TEST_BUILDTYPE=(debug|opt), TEST_TYPE=(browser|shell), TEST_OS=win32, TEST_MACHINE=.*, TEST_PROCESSORTYPE=.*, TEST_KERNEL=.*, TEST_DATE=.*, TEST_TIMEZONE=(-0400|-0500|-0700|-0800), TEST_DESCRIPTION=Date.toLocaleFormat("%m/%d/%y") == Date.toLocaleFormat("%D") expected: 06/04/05 actual: Sat Jun 04 2005 `.``*` reason: Expected value '06/04/05', Actual value 'Sat Jun 04 2005 `.``*`'
TEST_ID=js1_5/extensions/toLocaleFormat-02.js, TEST_BRANCH=(1.8.1|1.9.0), TEST_RESULT=FAILED, TEST_BUILDTYPE=(debug|opt), TEST_TYPE=(browser|shell), TEST_OS=win32, TEST_MACHINE=.*, TEST_PROCESSORTYPE=.*, TEST_KERNEL=.*, TEST_DATE=.*, TEST_TIMEZONE=(-0400|-0500|-0700|-0800), TEST_DESCRIPTION=Date.toLocaleFormat("%m/%d/%y) == Date.toLocaleFormat("%x") expected: 06/04/2005 actual: 2005-06-04 reason: Expected value '06/04/2005', Actual value '2005-06-04'
TEST_ID=js1_5/extensions/toLocaleFormat-02.js, TEST_BRANCH=(1.8.1|1.9.0), TEST_RESULT=FAILED, TEST_BUILDTYPE=(debug|opt), TEST_TYPE=(browser|shell), TEST_OS=win32, TEST_MACHINE=.*, TEST_PROCESSORTYPE=.*, TEST_KERNEL=.*, TEST_DATE=.*, TEST_TIMEZONE=(-0400|-0500|-0700|-0800), TEST_DESCRIPTION=Date.toLocaleFormat("%n") == "NL" expected: NL actual: Sat Jun 04 2005 `.``*` reason: Expected value 'NL', Actual value 'Sat Jun 04 2005 `.``*`'
TEST_ID=js1_5/extensions/toLocaleFormat-02.js, TEST_BRANCH=(1.8.1|1.9.0), TEST_RESULT=FAILED, TEST_BUILDTYPE=(debug|opt), TEST_TYPE=(browser|shell), TEST_OS=win32, TEST_MACHINE=.*, TEST_PROCESSORTYPE=.*, TEST_KERNEL=.*, TEST_DATE=.*, TEST_TIMEZONE=(-0400|-0500|-0700|-0800), TEST_DESCRIPTION=Date.toLocaleFormat("%t") == "\t" expected: 	 actual: Sat Jun 04 2005 `.``*` reason: Expected value '	', Actual value 'Sat Jun 04 2005 `.``*`'
TEST_ID=js1_5/extensions/toLocaleFormat-02.js, TEST_BRANCH=(1.8.1|1.9.0), TEST_RESULT=FAILED, TEST_BUILDTYPE=(debug|opt), TEST_TYPE=(browser|shell), TEST_OS=win32, TEST_MACHINE=.*, TEST_PROCESSORTYPE=.*, TEST_KERNEL=.*, TEST_DATE=.*, TEST_TIMEZONE=(-0400|-0500|-0700|-0800), TEST_DESCRIPTION=Date.toLocaleFormat("%u") expected: 6 actual: Sat Jun 04 2005 `.``*` reason: Expected value '6', Actual value 'Sat Jun 04 2005 `.``*`'
TEST_ID=js1_5/extensions/toLocaleFormat-02.js, TEST_BRANCH=(1.8.1|1.9.0), TEST_RESULT=FAILED, TEST_BUILDTYPE=(debug|opt), TEST_TYPE=(browser|shell), TEST_OS=win32, TEST_MACHINE=.*, TEST_PROCESSORTYPE=.*, TEST_KERNEL=.*, TEST_DATE=.*, TEST_TIMEZONE=(-0700|-0800), TEST_DESCRIPTION=Date.toLocaleFormat("%H:%M") == Date.toLocaleFormat("%R") expected: 17:00 actual: Sat Jun 04 2005 `.``*` reason: Expected value '17:00', Actual value 'Sat Jun 04 2005 `.``*`'
TEST_ID=js1_5/extensions/toLocaleFormat-02.js, TEST_BRANCH=(1.8.1|1.9.0), TEST_RESULT=FAILED, TEST_BUILDTYPE=(debug|opt), TEST_TYPE=(browser|shell), TEST_OS=win32, TEST_MACHINE=.*, TEST_PROCESSORTYPE=.*, TEST_KERNEL=.*, TEST_DATE=.*, TEST_TIMEZONE=(-0700|-0800), TEST_DESCRIPTION=Date.toLocaleFormat("%H:%M:%S") == Date.toLocaleFormat("%T") expected: 17:00:00 actual: Sat Jun 04 2005 `.``*` reason: Expected value '17:00:00', Actual value 'Sat Jun 04 2005 `.``*`'
TEST_ID=js1_5/extensions/toLocaleFormat-02.js, TEST_BRANCH=(1.8.1|1.9.0), TEST_RESULT=FAILED, TEST_BUILDTYPE=(debug|opt), TEST_TYPE=(browser|shell), TEST_OS=win32, TEST_MACHINE=.*, TEST_PROCESSORTYPE=.*, TEST_KERNEL=.*, TEST_DATE=.*, TEST_TIMEZONE=(-0700|-0800), TEST_DESCRIPTION=Date.toLocaleFormat("%I:%M:%S %p") == Date.toLocaleFormat("%r") expected: 05:00:00 PM actual: Sat Jun 04 2005 `.``*` reason: Expected value '05:00:00 PM', Actual value 'Sat Jun 04 2005 `.``*`'
TEST_ID=js1_5/extensions/toLocaleFormat-02.js, TEST_BRANCH=1.8.1, TEST_RESULT=FAILED, TEST_BUILDTYPE=(debug|opt), TEST_TYPE=(browser|shell), TEST_OS=win32, TEST_MACHINE=.*, TEST_PROCESSORTYPE=.*, TEST_KERNEL=.*, TEST_DATE=.*, TEST_TIMEZONE=(-0500|-0800), TEST_DESCRIPTION=Date.toLocaleFormat("%C%y") == Date.toLocaleFormat("%Y") expected: 05 actual: 2005 reason: Expected value '05', Actual value '2005'
TEST_ID=js1_5/extensions/toLocaleFormat-02.js, TEST_BRANCH=1.9.0, TEST_RESULT=FAILED, TEST_BUILDTYPE=(debug|opt), TEST_TYPE=(browser|shell), TEST_OS=win32, TEST_MACHINE=.*, TEST_PROCESSORTYPE=.*, TEST_KERNEL=.*, TEST_DATE=.*, TEST_TIMEZONE=(-0500|-0800), TEST_DESCRIPTION=Date.toLocaleFormat("%C%y") == Date.toLocaleFormat("%Y") expected: Sat Jun 04 2005 `.``*` actual: 2005 reason: Expected value 'Sat Jun 04 2005 `.``*`, Actual value '2005'
TEST_ID=js1_6/Array/regress-320887.js, TEST_BRANCH=(1.8.1|1.9.0), TEST_RESULT=FAILED, TEST_BUILDTYPE=(debug|opt), TEST_TYPE=(browser|shell), TEST_OS=(linux|mac|win32), TEST_MACHINE=.*, TEST_PROCESSORTYPE=.*, TEST_KERNEL=.*, TEST_DATE=.*, TEST_TIMEZONE=.*, TEST_DESCRIPTION=var x should not throw a ReferenceError expected: No error actual: ReferenceError: x is not defined reason: Expected value 'No error', Actual value 'ReferenceError: x is not defined'
TEST_ID=js1_6/Array/regress-386030.js, TEST_BRANCH=1.8.1, TEST_RESULT=FAILED, TEST_BUILDTYPE=(debug|opt), TEST_TYPE=(browser|shell), TEST_OS=(linux|mac|win32), TEST_MACHINE=.*, TEST_PROCESSORTYPE=.*, TEST_KERNEL=.*, TEST_DATE=.*, TEST_TIMEZONE=.*, TEST_DESCRIPTION=Array.reduce should ignore holes: 1 expected: PASS actual: FAIL, reduce reason: Expected value 'PASS', Actual value 'FAIL, reduce'
TEST_ID=js1_6/Array/regress-386030.js, TEST_BRANCH=1.8.1, TEST_RESULT=FAILED, TEST_BUILDTYPE=(debug|opt), TEST_TYPE=(browser|shell), TEST_OS=(linux|mac|win32), TEST_MACHINE=.*, TEST_PROCESSORTYPE=.*, TEST_KERNEL=.*, TEST_DATE=.*, TEST_TIMEZONE=.*, TEST_DESCRIPTION=Array.reduce should ignore holes: 2 expected: PASS actual: FAIL, reduceRight reason: Expected value 'PASS', Actual value 'FAIL, reduceRight'
TEST_ID=js1_6/Regress/regress-353078.js, TEST_BRANCH=(1.8.1|1.9.0), TEST_RESULT=FAILED, TEST_BUILDTYPE=(debug|opt), TEST_TYPE=browser, TEST_OS=(linux|mac|win32), TEST_MACHINE=.*, TEST_PROCESSORTYPE=.*, TEST_KERNEL=.*, TEST_DATE=.*, TEST_TIMEZONE=.*, TEST_DESCRIPTION=Do not assert with bogus toString, map, split expected: TypeError: can't convert global to string actual: No Crash reason: Expected value 'TypeError: can't convert global to string', Actual value 'No Crash'
TEST_ID=js1_6/Regress/regress-382509.js, TEST_BRANCH=1.8.1, TEST_RESULT=FAILED, TEST_BUILDTYPE=(debug|opt), TEST_TYPE=(browser|shell), TEST_OS=(linux|mac|win32), TEST_MACHINE=.*, TEST_PROCESSORTYPE=.*, TEST_KERNEL=.*, TEST_DATE=.*, TEST_TIMEZONE=.*, TEST_DESCRIPTION=Disallow non-global indirect eval: local indirect expected: EvalError: function eval must be called directly, and not by way of a function of another name actual: global indirect reason: Expected value 'EvalError: function eval must be called directly, and not by way of a function of another name', Actual value 'global indirect'
TEST_ID=js1_7/block/regress-352609.js, TEST_BRANCH=1.8.1, TEST_RESULT=FAILED, TEST_BUILDTYPE=(debug|opt), TEST_TYPE=(browser|shell), TEST_OS=(linux|mac|win32), TEST_MACHINE=.*, TEST_PROCESSORTYPE=.*, TEST_KERNEL=.*, TEST_DATE=.*, TEST_TIMEZONE=.*, TEST_DESCRIPTION=p = {}; (p.z = [let (x = 3, y = 4) x])() expected: true actual: false reason: Expected match to '/TypeError: (p.z = \[let \(x = 3, y = 4\) x\]|.*Array.*) is not a function/', Actual value 'TypeError: p.z = [(let (x = 3, y = 4) x)] is not a function'
TEST_ID=js1_7/decompilation/regress-346642-01.js, TEST_BRANCH=1.8.1, TEST_RESULT=FAILED, TEST_BUILDTYPE=(debug|opt), TEST_TYPE=(browser|shell), TEST_OS=(linux|mac|win32), TEST_MACHINE=.*, TEST_PROCESSORTYPE=.*, TEST_KERNEL=.*, TEST_DATE=.*, TEST_TIMEZONE=.*, TEST_DESCRIPTION=decompilation of destructuring assignment: 14 expected:  function ( ) { while ( [ ] = e ) { } }  actual:  function ( ) { while ( ( [ ] = e ) ) { } }  reason: Expected value ' function ( ) { while ( [ ] = e ) { } } ', Actual value ' function ( ) { while ( ( [ ] = e ) ) { } } '
TEST_ID=js1_7/decompilation/regress-346642-01.js, TEST_BRANCH=1.8.1, TEST_RESULT=FAILED, TEST_BUILDTYPE=(debug|opt), TEST_TYPE=(browser|shell), TEST_OS=(linux|mac|win32), TEST_MACHINE=.*, TEST_PROCESSORTYPE=.*, TEST_KERNEL=.*, TEST_DATE=.*, TEST_TIMEZONE=.*, TEST_DESCRIPTION=decompilation of destructuring assignment: 15 expected:  function ( ) { while ( [ ] = a ( b ) ) { } }  actual:  function ( ) { while ( ( [ ] = a ( b ) ) ) { } }  reason: Expected value ' function ( ) { while ( [ ] = a ( b ) ) { } } ', Actual value ' function ( ) { while ( ( [ ] = a ( b ) ) ) { } } '
TEST_ID=js1_7/decompilation/regress-350704.js, TEST_BRANCH=1.8.1, TEST_RESULT=FAILED, TEST_BUILDTYPE=(debug|opt), TEST_TYPE=(browser|shell), TEST_OS=(linux|mac|win32), TEST_MACHINE=.*, TEST_PROCESSORTYPE=.*, TEST_KERNEL=.*, TEST_DATE=.*, TEST_TIMEZONE=.*, TEST_DESCRIPTION=decompilation of let nested in for expected:  function ( ) { try { } catch ( y ) { for ( z ( let ( y = 3 ) 4 ) ;; ) { } } }  actual:  function ( ) { try { } catch ( y ) { for ( z ( ( let ( y = 3 ) 4 ) ) ;; ) { } } }  reason: Expected value ' function ( ) { try { } catch ( y ) { for ( z ( let ( y = 3 ) 4 ) ;; ) { } } } ', Actual value ' function ( ) { try { } catch ( y ) { for ( z ( ( let ( y = 3 ) 4 ) ) ;; ) { } } } '
TEST_ID=js1_7/decompilation/regress-352026.js, TEST_BRANCH=1.8.1, TEST_RESULT=FAILED, TEST_BUILDTYPE=(debug|opt), TEST_TYPE=(browser|shell), TEST_OS=(linux|mac|win32), TEST_MACHINE=.*, TEST_PROCESSORTYPE=.*, TEST_KERNEL=.*, TEST_DATE=.*, TEST_TIMEZONE=.*, TEST_DESCRIPTION=decompilation of yield in argument lists expected:  function f ( ) { g ( ( ( let ( a = b ) c ) , d ) , e ) ; }  actual:  function f ( ) { g ( ( let ( a = b ) c , d ) , e ) ; }  reason: Expected value ' function f ( ) { g ( ( ( let ( a = b ) c ) , d ) , e ) ; } ', Actual value ' function f ( ) { g ( ( let ( a = b ) c , d ) , e ) ; } '
TEST_ID=js1_7/decompilation/regress-352079.js, TEST_BRANCH=1.8.1, TEST_RESULT=FAILED, TEST_BUILDTYPE=(debug|opt), TEST_TYPE=(browser|shell), TEST_OS=(linux|mac|win32), TEST_MACHINE=.*, TEST_PROCESSORTYPE=.*, TEST_KERNEL=.*, TEST_DATE=.*, TEST_TIMEZONE=.*, TEST_DESCRIPTION=decompilation of various operators expected:  function ( ) { f ( let ( y = 3 ) 4 ) ++; }  actual:  function ( ) { f ( ( let ( y = 3 ) 4 ) ) ++; }  reason: Expected value ' function ( ) { f ( let ( y = 3 ) 4 ) ++; } ', Actual value ' function ( ) { f ( ( let ( y = 3 ) 4 ) ) ++; } '
TEST_ID=js1_7/decompilation/regress-352272.js, TEST_BRANCH=1.8.1, TEST_RESULT=FAILED, TEST_BUILDTYPE=(debug|opt), TEST_TYPE=(browser|shell), TEST_OS=(linux|mac|win32), TEST_MACHINE=.*, TEST_PROCESSORTYPE=.*, TEST_KERNEL=.*, TEST_DATE=.*, TEST_TIMEZONE=.*, TEST_DESCRIPTION=decompilation of |let| in arg to lvalue returning function expected:  function ( ) { f ( let ( y = 3 ) 4 ) ++; }  actual:  function ( ) { f ( ( let ( y = 3 ) 4 ) ) ++; }  reason: Expected value ' function ( ) { f ( let ( y = 3 ) 4 ) ++; } ', Actual value ' function ( ) { f ( ( let ( y = 3 ) 4 ) ) ++; } '
TEST_ID=js1_7/decompilation/regress-355786.js, TEST_BRANCH=1.8.1, TEST_RESULT=FAILED, TEST_BUILDTYPE=(debug|opt), TEST_TYPE=(browser|shell), TEST_OS=(linux|mac|win32), TEST_MACHINE=.*, TEST_PROCESSORTYPE=.*, TEST_KERNEL=.*, TEST_DATE=.*, TEST_TIMEZONE=.*, TEST_DESCRIPTION=Decompilation of for (a[b, this] in []) { } expected:  function ( ) { for ( a [ b , this ] in [ ] ) { } }  actual:  function ( ) { for ( let a [ ( b , this ) ] in [ ] ) { } }  reason: Expected value ' function ( ) { for ( a [ b , this ] in [ ] ) { } } ', Actual value ' function ( ) { for ( let a [ ( b , this ) ] in [ ] ) { } } '
TEST_ID=js1_7/decompilation/regress-355786.js, TEST_BRANCH=1.8.1, TEST_RESULT=FAILED, TEST_BUILDTYPE=(debug|opt), TEST_TYPE=(browser|shell), TEST_OS=(linux|mac|win32), TEST_MACHINE=.*, TEST_PROCESSORTYPE=.*, TEST_KERNEL=.*, TEST_DATE=.*, TEST_TIMEZONE=.*, TEST_DESCRIPTION=Decompilation of for (a[b, this] in []) { }: compile actual expected: No Error actual: SyntaxError: missing ; after for-loop initializer reason: Expected value 'No Error', Actual value 'SyntaxError: missing ; after for-loop initializer'
TEST_ID=js1_7/decompilation/regress-356247.js, TEST_BRANCH=1.8.1, TEST_RESULT=FAILED, TEST_BUILDTYPE=(debug|opt), TEST_TYPE=(browser|shell), TEST_OS=(linux|mac|win32), TEST_MACHINE=.*, TEST_PROCESSORTYPE=.*, TEST_KERNEL=.*, TEST_DATE=.*, TEST_TIMEZONE=.*, TEST_DESCRIPTION=Decompilation of let {} = [1] in a loop expected:  function ( ) { for ( let x in [ ] ) let [ ] = [ 1 ] ; }  actual:  function ( ) { for ( let x in [ ] ) { let [ ] = [ 1 ] ; } }  reason: Expected value ' function ( ) { for ( let x in [ ] ) let [ ] = [ 1 ] ; } ', Actual value ' function ( ) { for ( let x in [ ] ) { let [ ] = [ 1 ] ; } } '
TEST_ID=js1_7/decompilation/regress-356247.js, TEST_BRANCH=1.8.1, TEST_RESULT=FAILED, TEST_BUILDTYPE=(debug|opt), TEST_TYPE=(browser|shell), TEST_OS=(linux|mac|win32), TEST_MACHINE=.*, TEST_PROCESSORTYPE=.*, TEST_KERNEL=.*, TEST_DATE=.*, TEST_TIMEZONE=.*, TEST_DESCRIPTION=Decompilation of let {} = [1] in a loop expected:  function ( ) { while ( 0 ) let [ ] = [ 1 ] ; }  actual:  function ( ) { while ( 0 ) { let [ ] = [ 1 ] ; } }  reason: Expected value ' function ( ) { while ( 0 ) let [ ] = [ 1 ] ; } ', Actual value ' function ( ) { while ( 0 ) { let [ ] = [ 1 ] ; } } '
TEST_ID=js1_7/decompilation/regress-375794.js, TEST_BRANCH=1.8.1, TEST_RESULT=FAILED, TEST_BUILDTYPE=(debug|opt), TEST_TYPE=(browser|shell), TEST_OS=(linux|mac|win32), TEST_MACHINE=.*, TEST_PROCESSORTYPE=.*, TEST_KERNEL=.*, TEST_DATE=.*, TEST_TIMEZONE=.*, TEST_DESCRIPTION=Decompilation of array comprehension with catch guard expected:  function ( ) { try { } catch ( a if [ b for each ( c in [ ] ) ] ) { } }  actual:  function ( ) { try { } catch ( a if [ b for each ( [ ] in [ ] ) ] ) { } }  reason: Expected value ' function ( ) { try { } catch ( a if [ b for each ( c in [ ] ) ] ) { } } ', Actual value ' function ( ) { try { } catch ( a if [ b for each ( [ ] in [ ] ) ] ) { } } '
TEST_ID=js1_7/decompilation/regress-375794.js, TEST_BRANCH=1.8.1, TEST_RESULT=FAILED, TEST_BUILDTYPE=(debug|opt), TEST_TYPE=(browser|shell), TEST_OS=(linux|mac|win32), TEST_MACHINE=.*, TEST_PROCESSORTYPE=.*, TEST_KERNEL=.*, TEST_DATE=.*, TEST_TIMEZONE=.*, TEST_DESCRIPTION=Decompilation of array comprehension with catch guard: compile actual expected: No Error actual: SyntaxError: invalid for/in left-hand side reason: Expected value 'No Error', Actual value 'SyntaxError: invalid for/in left-hand side'
TEST_ID=js1_7/decompilation/regress-380506.js, TEST_BRANCH=1.8.1, TEST_RESULT=FAILED, TEST_BUILDTYPE=(debug|opt), TEST_TYPE=(browser|shell), TEST_OS=(linux|mac|win32), TEST_MACHINE=.*, TEST_PROCESSORTYPE=.*, TEST_KERNEL=.*, TEST_DATE=.*, TEST_TIMEZONE=.*, TEST_DESCRIPTION=Decompilation of nested-for and for-if comprehensions expected:  function ( ) { return [ i * i for ( i in [ 0 ] ) if ( i % 2 ) ] ; }  actual:  function ( ) { return [ i * i for ( i in [ 0 ] ) ] ; }  reason: Expected value ' function ( ) { return [ i * i for ( i in [ 0 ] ) if ( i % 2 ) ] ; } ', Actual value ' function ( ) { return [ i * i for ( i in [ 0 ] ) ] ; } '
TEST_ID=js1_7/decompilation/regress-380506.js, TEST_BRANCH=1.8.1, TEST_RESULT=FAILED, TEST_BUILDTYPE=(debug|opt), TEST_TYPE=(browser|shell), TEST_OS=(linux|mac|win32), TEST_MACHINE=.*, TEST_PROCESSORTYPE=.*, TEST_KERNEL=.*, TEST_DATE=.*, TEST_TIMEZONE=.*, TEST_DESCRIPTION=Decompilation of nested-for and for-if comprehensions expected:  function ( ) { return [ i * j for ( i in [ 0 ] ) for ( j in [ 1 ] ) ] ; }  actual:  function ( ) { return [ i * j for ( i in [ 0 ] ) ] ; }  reason: Expected value ' function ( ) { return [ i * j for ( i in [ 0 ] ) for ( j in [ 1 ] ) ] ; } ', Actual value ' function ( ) { return [ i * j for ( i in [ 0 ] ) ] ; } '
TEST_ID=js1_7/decompilation/regress-381108.js, TEST_BRANCH=1.8.1, TEST_RESULT=FAILED, TEST_BUILDTYPE=(debug|opt), TEST_TYPE=(browser|shell), TEST_OS=(linux|mac|win32), TEST_MACHINE=.*, TEST_PROCESSORTYPE=.*, TEST_KERNEL=.*, TEST_DATE=.*, TEST_TIMEZONE=.*, TEST_DESCRIPTION=decompilation of object literal should have space following : expected: true actual: false reason: Expected value 'true', Actual value 'false'
TEST_ID=js1_7/extensions/regress-351102-04.js, TEST_BRANCH=1.8.1, TEST_RESULT=FAILED, TEST_BUILDTYPE=debug, TEST_TYPE=browser, TEST_OS=(linux|mac), TEST_MACHINE=.*, TEST_PROCESSORTYPE=.*, TEST_KERNEL=.*, TEST_DATE=.*, TEST_TIMEZONE=.*, TEST_DESCRIPTION=EXIT STATUS: CRASHED signal `[`1`-`9`]``[`0`-`9`]``*` (`[`0`-`9`.``]``+` seconds), BUGNUMBER: 351102; STATUS: try/catch-guard/finally GC issues; Assertion failure: !fp->blockChain || OBJ_GET_PARENT(cx, obj) == fp->blockChain, at `.``*`jsinterp.c:`[`0`-`9`]``+`
TEST_ID=js1_7/extensions/regress-351102-04.js, TEST_BRANCH=1.8.1, TEST_RESULT=FAILED, TEST_BUILDTYPE=debug, TEST_TYPE=browser, TEST_OS=win32, TEST_MACHINE=.*, TEST_PROCESSORTYPE=.*, TEST_KERNEL=.*, TEST_DATE=.*, TEST_TIMEZONE=.*, TEST_DESCRIPTION=EXIT STATUS: CRASHED 3 (`[`0`-`9`.``]``+` seconds), BUGNUMBER: 351102; STATUS: try/catch-guard/finally GC issues
TEST_ID=js1_7/extensions/regress-351102-04.js, TEST_BRANCH=1.8.1, TEST_RESULT=FAILED, TEST_BUILDTYPE=debug, TEST_TYPE=shell, TEST_OS=(linux|mac), TEST_MACHINE=.*, TEST_PROCESSORTYPE=.*, TEST_KERNEL=.*, TEST_DATE=.*, TEST_TIMEZONE=.*, TEST_DESCRIPTION= expected: Expected exit 0 actual: Actual exit 0, signal `[`1`-`9`]``[`0`-`9`]``*` reason: Assertion failure: !fp->blockChain || OBJ_GET_PARENT(cx, obj) == fp->blockChain, at jsinterp.c:`[`0`-`9`]``+`
TEST_ID=js1_7/extensions/regress-351102-04.js, TEST_BRANCH=1.8.1, TEST_RESULT=FAILED, TEST_BUILDTYPE=debug, TEST_TYPE=shell, TEST_OS=win32, TEST_MACHINE=.*, TEST_PROCESSORTYPE=.*, TEST_KERNEL=.*, TEST_DATE=.*, TEST_TIMEZONE=.*, TEST_DESCRIPTION= expected: Expected exit 0 actual: Actual exit 3, signal 0 reason: Testcase produced no output!
TEST_ID=js1_7/extensions/regress-351102-05.js, TEST_BRANCH=1.8.1, TEST_RESULT=FAILED, TEST_BUILDTYPE=debug, TEST_TYPE=browser, TEST_OS=(linux|mac), TEST_MACHINE=.*, TEST_PROCESSORTYPE=.*, TEST_KERNEL=.*, TEST_DATE=.*, TEST_TIMEZONE=.*, TEST_DESCRIPTION=EXIT STATUS: CRASHED signal `[`1`-`9`]``[`0`-`9`]``*` (`[`0`-`9`.``]``+` seconds), BUGNUMBER: 351102; STATUS: try/catch-guard/finally GC issues; Assertion failure: !fp->blockChain || OBJ_GET_PARENT(cx, obj) == fp->blockChain, at `.``*`jsinterp.c:`[`0`-`9`]``+`
TEST_ID=js1_7/extensions/regress-351102-05.js, TEST_BRANCH=1.8.1, TEST_RESULT=FAILED, TEST_BUILDTYPE=debug, TEST_TYPE=browser, TEST_OS=win32, TEST_MACHINE=.*, TEST_PROCESSORTYPE=.*, TEST_KERNEL=.*, TEST_DATE=.*, TEST_TIMEZONE=.*, TEST_DESCRIPTION=EXIT STATUS: CRASHED 3 (`[`0`-`9`.``]``+` seconds), BUGNUMBER: 351102; STATUS: try/catch-guard/finally GC issues
TEST_ID=js1_7/extensions/regress-351102-05.js, TEST_BRANCH=1.8.1, TEST_RESULT=FAILED, TEST_BUILDTYPE=debug, TEST_TYPE=shell, TEST_OS=(linux|mac), TEST_MACHINE=.*, TEST_PROCESSORTYPE=.*, TEST_KERNEL=.*, TEST_DATE=.*, TEST_TIMEZONE=.*, TEST_DESCRIPTION= expected: Expected exit 0 actual: Actual exit 0, signal `[`1`-`9`]``[`0`-`9`]``*` reason: Assertion failure: !fp->blockChain || OBJ_GET_PARENT(cx, obj) == fp->blockChain, at jsinterp.c:`[`0`-`9`]``+`
TEST_ID=js1_7/extensions/regress-351102-05.js, TEST_BRANCH=1.8.1, TEST_RESULT=FAILED, TEST_BUILDTYPE=debug, TEST_TYPE=shell, TEST_OS=win32, TEST_MACHINE=.*, TEST_PROCESSORTYPE=.*, TEST_KERNEL=.*, TEST_DATE=.*, TEST_TIMEZONE=.*, TEST_DESCRIPTION= expected: Expected exit 0 actual: Actual exit 3, signal 0 reason: Testcase produced no output!
TEST_ID=js1_7/extensions/regress-367629.js, TEST_BRANCH=1.8.1, TEST_RESULT=FAILED, TEST_BUILDTYPE=(debug|opt), TEST_TYPE=(browser|shell), TEST_OS=(linux|mac|win32), TEST_MACHINE=.*, TEST_PROCESSORTYPE=.*, TEST_KERNEL=.*, TEST_DATE=.*, TEST_TIMEZONE=.*, TEST_DESCRIPTION=Decompilation of result with native function as getter expected: ({get h encodeURI() {[native code]}}) actual: ({get h () {[native code]}) reason: Expected value '({get h encodeURI() {[native code]}})', Actual value '({get h () {[native code]})'
TEST_ID=js1_7/extensions/regress-368224.js, TEST_BRANCH=1.8.1, TEST_RESULT=FAILED, TEST_BUILDTYPE=(debug|opt), TEST_TYPE=browser, TEST_OS=(linux|mac), TEST_MACHINE=.*, TEST_PROCESSORTYPE=.*, TEST_KERNEL=.*, TEST_DATE=.*, TEST_TIMEZONE=.*, TEST_DESCRIPTION=EXIT STATUS: CRASHED signal `[`1`-`9`]``[`0`-`9`]``*` (`[`0`-`9`.``]``+` seconds),
TEST_ID=js1_7/extensions/regress-368224.js, TEST_BRANCH=1.8.1, TEST_RESULT=FAILED, TEST_BUILDTYPE=debug, TEST_TYPE=browser, TEST_OS=win32, TEST_MACHINE=.*, TEST_PROCESSORTYPE=.*, TEST_KERNEL=.*, TEST_DATE=.*, TEST_TIMEZONE=.*, TEST_DESCRIPTION=EXIT STATUS: CRASHED 3 (`[`0`-`9`.``]``+` seconds),
TEST_ID=js1_7/extensions/regress-368224.js, TEST_BRANCH=1.8.1, TEST_RESULT=FAILED, TEST_BUILDTYPE=debug, TEST_TYPE=shell, TEST_OS=(linux|mac), TEST_MACHINE=.*, TEST_PROCESSORTYPE=.*, TEST_KERNEL=.*, TEST_DATE=.*, TEST_TIMEZONE=.*, TEST_DESCRIPTION= expected: Expected exit 0 actual: Actual exit 0, signal `[`1`-`9`]``[`0`-`9`]``*` reason: Assertion failure: pnprop->pn_type == TOK_COLON, at jsparse.c:`[`0`-`9`]``+`
TEST_ID=js1_7/extensions/regress-368224.js, TEST_BRANCH=1.8.1, TEST_RESULT=FAILED, TEST_BUILDTYPE=debug, TEST_TYPE=shell, TEST_OS=win32, TEST_MACHINE=.*, TEST_PROCESSORTYPE=.*, TEST_KERNEL=.*, TEST_DATE=.*, TEST_TIMEZONE=.*, TEST_DESCRIPTION= expected: Expected exit 0 actual: Actual exit 3, signal 0 reason: Testcase produced no output!
TEST_ID=js1_7/extensions/regress-368224.js, TEST_BRANCH=1.8.1, TEST_RESULT=FAILED, TEST_BUILDTYPE=opt, TEST_TYPE=browser, TEST_OS=win32, TEST_MACHINE=.*, TEST_PROCESSORTYPE=.*, TEST_KERNEL=.*, TEST_DATE=.*, TEST_TIMEZONE=.*, TEST_DESCRIPTION=EXIT STATUS: CRASHED `[`4`-`9`]` (`[`0`-`9`.``]``+` seconds),
TEST_ID=js1_7/extensions/regress-368224.js, TEST_BRANCH=1.8.1, TEST_RESULT=FAILED, TEST_BUILDTYPE=opt, TEST_TYPE=shell, TEST_OS=(linux|mac), TEST_MACHINE=.*, TEST_PROCESSORTYPE=.*, TEST_KERNEL=.*, TEST_DATE=.*, TEST_TIMEZONE=.*, TEST_DESCRIPTION= expected: Expected exit 0 actual: Actual exit 0, signal `[`1`-`9`]``[`0`-`9`]``*` reason: Testcase produced no output!
TEST_ID=js1_7/extensions/regress-368224.js, TEST_BRANCH=1.8.1, TEST_RESULT=FAILED, TEST_BUILDTYPE=opt, TEST_TYPE=shell, TEST_OS=win32, TEST_MACHINE=.*, TEST_PROCESSORTYPE=.*, TEST_KERNEL=.*, TEST_DATE=.*, TEST_TIMEZONE=.*, TEST_DESCRIPTION= expected: Expected exit 0 actual: Actual exit 4, signal 0 reason: Testcase produced no output!
TEST_ID=js1_7/extensions/regress-379566.js, TEST_BRANCH=1.8.1, TEST_RESULT=FAILED, TEST_BUILDTYPE=(debug|opt), TEST_TYPE=(browser|shell), TEST_OS=(linux|mac|win32), TEST_MACHINE=.*, TEST_PROCESSORTYPE=.*, TEST_KERNEL=.*, TEST_DATE=.*, TEST_TIMEZONE=.*, TEST_DESCRIPTION=Keywords after get|set expected:  ( { in getter : ( function ( ) { return this . for ; } ) , in setter : ( function ( value ) { this . for = value ; } ) } )  actual:  SyntaxError : missing : after property id  reason: Expected value ' ( { in getter : ( function ( ) { return this . for ; } ) , in setter : ( function ( value ) { this . for = value ; } ) } ) ', Actual value ' SyntaxError : missing : after property id '
TEST_ID=js1_7/extensions/regress-379566.js, TEST_BRANCH=1.8.1, TEST_RESULT=FAILED, TEST_BUILDTYPE=(debug|opt), TEST_TYPE=(browser|shell), TEST_OS=(linux|mac|win32), TEST_MACHINE=.*, TEST_PROCESSORTYPE=.*, TEST_KERNEL=.*, TEST_DATE=.*, TEST_TIMEZONE=.*, TEST_DESCRIPTION=Keywords after get|set: compile actual expected: No Error actual: SyntaxError: missing ; before statement reason: Expected value 'No Error', Actual value 'SyntaxError: missing ; before statement'
TEST_ID=js1_7/extensions/regress-380933.js, TEST_BRANCH=1.8.1, TEST_RESULT=FAILED, TEST_BUILDTYPE=.*, TEST_TYPE=.*, TEST_OS=.*, TEST_MACHINE=.*, TEST_PROCESSORTYPE=.*, TEST_KERNEL=.*, TEST_DATE=.*, TEST_TIMEZONE=.*, TEST_DESCRIPTION=`.``*`Expected match to '/TypeError: Array.prototype.toSource called on incompatible Function/', Actual value 'No Error'
TEST_ID=js1_7/extensions/regress-381301.js, TEST_BRANCH=1.8.1, TEST_RESULT=FAILED, TEST_BUILDTYPE=(debug|opt), TEST_TYPE=(browser|shell), TEST_OS=(linux|mac|win32), TEST_MACHINE=.*, TEST_PROCESSORTYPE=.*, TEST_KERNEL=.*, TEST_DATE=.*, TEST_TIMEZONE=.*, TEST_DESCRIPTION=uneval of object with native-function getter expected:  ( { get x decodeURI ( ) { [ native code ] } } )  actual:  ( { get x ( ) { [ native code ] } )  reason: Expected value ' ( { get x decodeURI ( ) { [ native code ] } } ) ', Actual value ' ( { get x ( ) { [ native code ] } ) '
TEST_ID=js1_7/extensions/regress-381303.js, TEST_BRANCH=1.8.1, TEST_RESULT=FAILED, TEST_BUILDTYPE=(debug|opt), TEST_TYPE=(browser|shell), TEST_OS=(linux|mac|win32), TEST_MACHINE=.*, TEST_PROCESSORTYPE=.*, TEST_KERNEL=.*, TEST_DATE=.*, TEST_TIMEZONE=.*, TEST_DESCRIPTION=object toSource when a property has both a getter and a setter expected:  ( { get inn ( ) { return this . for ; } , set inn ( value ) { this . for = value ; } } )  actual:  ( { get inn ( ) { return this [ ' for ' ] ; } , set inn ( value ) { this [ ' for ' ] = value ; } } )  reason: Expected value ' ( { get inn ( ) { return this . for ; } , set inn ( value ) { this . for = value ; } } ) ', Actual value ' ( { get inn ( ) { return this [ ' for ' ] ; } , set inn ( value ) { this [ ' for ' ] = value ; } } ) '
TEST_ID=js1_7/geniter/regress-347739.js, TEST_BRANCH=1.9.0, TEST_RESULT=FAILED, TEST_BUILDTYPE=(debug|opt), TEST_TYPE=(browser|shell), TEST_OS=(linux|mac|win32), TEST_MACHINE=.*, TEST_PROCESSORTYPE=.*, TEST_KERNEL=.*, TEST_DATE=.*, TEST_TIMEZONE=.*, TEST_DESCRIPTION=generator_instance.close readonly and immune: 2 expected: Inside finally: 1 Inside finally: 2  actual: Inside finally: 2  reason: Expected value 'Inside finally: 1 Inside finally: 2 ', Actual value 'Inside finally: 2 '
TEST_ID=js1_7/geniter/regress-349012-01.js, TEST_BRANCH=1.8.1, TEST_RESULT=FAILED, TEST_BUILDTYPE=(debug|opt), TEST_TYPE=browser, TEST_OS=(linux|mac|win32), TEST_MACHINE=.*, TEST_PROCESSORTYPE=.*, TEST_KERNEL=.*, TEST_DATE=.*, TEST_TIMEZONE=.*, TEST_DESCRIPTION=Unknown expected: Unknown actual: error reason: yield from closing generator function gen() {try {try {yield 1;} finally {actual += "Inner finally";yield 2;}} finally {actual += ",Outer finally";}} Page: http://`.``*`/js1_7/geniter/regress-349012-01.js Line: `[`0`-`9`]``+`
TEST_ID=js1_7/geniter/regress-349012-01.js, TEST_BRANCH=1.9.0, TEST_RESULT=FAILED, TEST_BUILDTYPE=(debug|opt), TEST_TYPE=(browser|shell), TEST_OS=(linux|mac|win32), TEST_MACHINE=.*, TEST_PROCESSORTYPE=.*, TEST_KERNEL=.*, TEST_DATE=.*, TEST_TIMEZONE=.*, TEST_DESCRIPTION=closing a generator fails to report error if yield during close is ignored expected: Inner finally,Outer finally actual:  reason: Expected value 'Inner finally,Outer finally', Actual value ''
TEST_ID=js1_7/geniter/regress-349331.js, TEST_BRANCH=1.9.0, TEST_RESULT=FAILED, TEST_BUILDTYPE=(debug|opt), TEST_TYPE=(browser|shell), TEST_OS=(linux|mac|win32), TEST_MACHINE=.*, TEST_PROCESSORTYPE=.*, TEST_KERNEL=.*, TEST_DATE=.*, TEST_TIMEZONE=.*, TEST_DESCRIPTION=test GC-invoke close expected: true actual: false reason: Expected value 'true', Actual value 'false'
TEST_ID=js1_7/iterable/regress-340526-02.js, TEST_BRANCH=1.9.0, TEST_RESULT=FAILED, TEST_BUILDTYPE=(debug|opt), TEST_TYPE=(browser|shell), TEST_OS=(linux|mac|win32), TEST_MACHINE=.*, TEST_PROCESSORTYPE=.*, TEST_KERNEL=.*, TEST_DATE=.*, TEST_TIMEZONE=.*, TEST_DESCRIPTION=Iterators: cross-referenced objects with close handler can delay close handler execution expected: 2 actual: 0 reason: Expected value '2', Actual value '0'
TEST_ID=js1_7/lexical/regress-346642-03.js, TEST_BRANCH=(1.8.1|1.9.0), TEST_RESULT=FAILED, TEST_BUILDTYPE=(debug|opt), TEST_TYPE=(browser|shell), TEST_OS=(linux|mac|win32), TEST_MACHINE=.*, TEST_PROCESSORTYPE=.*, TEST_KERNEL=.*, TEST_DATE=.*, TEST_TIMEZONE=.*, TEST_DESCRIPTION=decompilation of destructuring assignment: 2 `(`expected: TypeError: x.t has no properties actual: TypeError: e1.t has no properties reason: Expected value 'TypeError: x.t has no properties', Actual value 'TypeError: e1.t has no properties'`|`expected: true actual: false reason: Expected match to '/TypeError: x.t (has no properties|is undefined)/', Actual value 'TypeError: e1.t `(`has no properties`|`is undefined`)`'`)`
TEST_ID=js1_7/lexical/regress-346642-03.js, TEST_BRANCH=(1.8.1|1.9.0), TEST_RESULT=FAILED, TEST_BUILDTYPE=(debug|opt), TEST_TYPE=(browser|shell), TEST_OS=(linux|mac|win32), TEST_MACHINE=.*, TEST_PROCESSORTYPE=.*, TEST_KERNEL=.*, TEST_DATE=.*, TEST_TIMEZONE=.*, TEST_DESCRIPTION=decompilation of destructuring assignment: 8 expected: TypeError: ++x is not a function actual: TypeError: ++e1 is not a function reason: Expected value 'TypeError: ++x is not a function', Actual value 'TypeError: ++e1 is not a function'
TEST_ID=js1_7/lexical/regress-351515.js, TEST_BRANCH=1.8.1, TEST_RESULT=FAILED, TEST_BUILDTYPE=(debug|opt), TEST_TYPE=(browser|shell), TEST_OS=(linux|mac|win32), TEST_MACHINE=.*, TEST_PROCESSORTYPE=.*, TEST_KERNEL=.*, TEST_DATE=.*, TEST_TIMEZONE=.*, TEST_DESCRIPTION=Invalid uses of yield, let keywords in js17: global: yield = 1 expected: SyntaxError: syntax error actual: SyntaxError: yield not in function reason: Expected value 'SyntaxError: syntax error', Actual value 'SyntaxError: yield not in function'
TEST_ID=js1_7/regexp/yflag.js, TEST_BRANCH=1.8.1, TEST_RESULT=FAILED, TEST_BUILDTYPE=(debug|opt), TEST_TYPE=browser, TEST_OS=(linux|mac|win32), TEST_MACHINE=.*, TEST_PROCESSORTYPE=.*, TEST_KERNEL=.*, TEST_DATE=.*, TEST_TIMEZONE=.*, TEST_DESCRIPTION=Unknown expected: Unknown actual: error reason: invalid flag after regular expression Page: http://`.``*`/js1_7/regexp/yflag.js Line: `[`0`-`9`]``+`
TEST_ID=js1_7/regexp/yflag.js, TEST_BRANCH=1.8.1, TEST_RESULT=FAILED, TEST_BUILDTYPE=(debug|opt), TEST_TYPE=shell, TEST_OS=(linux|mac|win32), TEST_MACHINE=.*, TEST_PROCESSORTYPE=.*, TEST_KERNEL=.*, TEST_DATE=.*, TEST_TIMEZONE=.*, TEST_DESCRIPTION= expected: Expected exit 0 actual: Actual exit 3, signal 0 reason: ./js1_7/regexp/yflag.js:`[`0`-`9`]``+`: SyntaxError: invalid flag after regular expression: ./js1_7/regexp/yflag.js:`[`0`-`9`]``+`:   var y = /(1)/y; ./js1_7/regexp/yflag.js:`[`0`-`9`]``+`: ..........^
TEST_ID=js1_7/regress/regress-350387.js, TEST_BRANCH=1.8.1, TEST_RESULT=FAILED, TEST_BUILDTYPE=(debug|opt), TEST_TYPE=browser, TEST_OS=(linux|mac|win32), TEST_MACHINE=.*, TEST_PROCESSORTYPE=.*, TEST_KERNEL=.*, TEST_DATE=.*, TEST_TIMEZONE=.*, TEST_DESCRIPTION=Unknown expected: Unknown actual: error reason: x is not defined Page: http://`.``*`/js1_7/regress/regress-350387.js Line: `[`0`-`9`]``+`
TEST_ID=js1_7/regress/regress-350387.js, TEST_BRANCH=1.8.1, TEST_RESULT=FAILED, TEST_BUILDTYPE=(debug|opt), TEST_TYPE=shell, TEST_OS=(linux|mac|win32), TEST_MACHINE=.*, TEST_PROCESSORTYPE=.*, TEST_KERNEL=.*, TEST_DATE=.*, TEST_TIMEZONE=.*, TEST_DESCRIPTION= expected: Expected exit 0 actual: Actual exit 3, signal 0 reason: ./js1_7/regress/regress-350387.js:`[`0`-`9`]``+`: ReferenceError: x is not defined
TEST_ID=js1_7/regress/regress-361566.js, TEST_BRANCH=1.8.1, TEST_RESULT=FAILED, TEST_BUILDTYPE=debug, TEST_TYPE=browser, TEST_OS=(linux|mac), TEST_MACHINE=.*, TEST_PROCESSORTYPE=.*, TEST_KERNEL=.*, TEST_DATE=.*, TEST_TIMEZONE=.*, TEST_DESCRIPTION=EXIT STATUS: CRASHED signal `[`1`-`9`]``[`0`-`9`]``*` (`[`0`-`9`.``]``+` seconds), BUGNUMBER: 361566; STATUS: Do not assert: !fp->blockChain || OBJ_GET_PARENT(cx, obj) == fp->blockChain; Assertion failure: !fp->blockChain || OBJ_GET_PARENT(cx, obj) == fp->blockChain, at `.``*`jsinterp.c:`[`0`-`9`]``+`
TEST_ID=js1_7/regress/regress-361566.js, TEST_BRANCH=1.8.1, TEST_RESULT=FAILED, TEST_BUILDTYPE=debug, TEST_TYPE=browser, TEST_OS=win32, TEST_MACHINE=.*, TEST_PROCESSORTYPE=.*, TEST_KERNEL=.*, TEST_DATE=.*, TEST_TIMEZONE=.*, TEST_DESCRIPTION=EXIT STATUS: CRASHED 3 (`[`0`-`9`.``]``+` seconds), BUGNUMBER: 361566; STATUS: Do not assert: !fp->blockChain || OBJ_GET_PARENT(cx, obj) == fp->blockChain
TEST_ID=js1_7/regress/regress-361566.js, TEST_BRANCH=1.8.1, TEST_RESULT=FAILED, TEST_BUILDTYPE=debug, TEST_TYPE=shell, TEST_OS=(linux|mac), TEST_MACHINE=.*, TEST_PROCESSORTYPE=.*, TEST_KERNEL=.*, TEST_DATE=.*, TEST_TIMEZONE=.*, TEST_DESCRIPTION= expected: Expected exit 0 actual: Actual exit 0, signal `[`1`-`9`]``[`0`-`9`]``*` reason: Assertion failure: !fp->blockChain || OBJ_GET_PARENT(cx, obj) == fp->blockChain, at jsinterp.c:`[`0`-`9`]``+`
TEST_ID=js1_7/regress/regress-361566.js, TEST_BRANCH=1.8.1, TEST_RESULT=FAILED, TEST_BUILDTYPE=debug, TEST_TYPE=shell, TEST_OS=win32, TEST_MACHINE=.*, TEST_PROCESSORTYPE=.*, TEST_KERNEL=.*, TEST_DATE=.*, TEST_TIMEZONE=.*, TEST_DESCRIPTION= expected: Expected exit 0 actual: Actual exit 3, signal 0 reason: Testcase produced no output!
TEST_ID=js1_7/regress/regress-363040-01.js, TEST_BRANCH=1.8.1, TEST_RESULT=FAILED, TEST_BUILDTYPE=(debug|opt), TEST_TYPE=(browser|shell), TEST_OS=(linux|mac|win32), TEST_MACHINE=.*, TEST_PROCESSORTYPE=.*, TEST_KERNEL=.*, TEST_DATE=.*, TEST_TIMEZONE=.*, TEST_DESCRIPTION=Test reduce of empty array without initializer. : TypeError: reduce of empty array with no initial value expected: TypeError: reduce of empty array with no initial value actual: TypeError: arr0elms.reduce is not a function reason: Expected value 'TypeError: reduce of empty array with no initial value', Actual value 'TypeError: arr0elms.reduce is not a function'
TEST_ID=js1_7/regress/regress-363040-01.js, TEST_BRANCH=1.8.1, TEST_RESULT=FAILED, TEST_BUILDTYPE=(debug|opt), TEST_TYPE=(browser|shell), TEST_OS=(linux|mac|win32), TEST_MACHINE=.*, TEST_PROCESSORTYPE=.*, TEST_KERNEL=.*, TEST_DATE=.*, TEST_TIMEZONE=.*, TEST_DESCRIPTION=Test reduceRight of empty array without initializer. : TypeError: reduce of empty array with no initial value expected: TypeError: reduce of empty array with no initial value actual: TypeError: arr0elms.reduceRight is not a function reason: Expected value 'TypeError: reduce of empty array with no initial value', Actual value 'TypeError: arr0elms.reduceRight is not a function'
TEST_ID=js1_7/regress/regress-363040-01.js, TEST_BRANCH=1.8.1, TEST_RESULT=FAILED, TEST_BUILDTYPE=(debug|opt), TEST_TYPE=browser, TEST_OS=(linux|mac|win32), TEST_MACHINE=.*, TEST_PROCESSORTYPE=.*, TEST_KERNEL=.*, TEST_DATE=.*, TEST_TIMEZONE=.*, TEST_DESCRIPTION=Unknown expected: Unknown actual: error reason: arr0elms.reduce is not a function Page: http://`.``*`/js1_7/regress/regress-363040-01.js Line: `[`0`-`9`]``+`
TEST_ID=js1_7/regress/regress-363040-01.js, TEST_BRANCH=1.8.1, TEST_RESULT=FAILED, TEST_BUILDTYPE=(debug|opt), TEST_TYPE=shell, TEST_OS=(linux|mac), TEST_MACHINE=.*, TEST_PROCESSORTYPE=.*, TEST_KERNEL=.*, TEST_DATE=.*, TEST_TIMEZONE=.*, TEST_DESCRIPTION= expected: Expected exit 0 actual: Actual exit 3, signal 0 reason: ./js1_7/regress/regress-363040-01.js:`[`0`-`9`]``+`: TypeError: arr0elms.reduce is not a function BUGNUMBER: 363040 STATUS: Array.prototype.reduce, Array.prototype.reduceRight  FAILED! expected: [reported from test()] Expected value 'TypeError: reduce of empty array with no initial value', Actual value 'TypeError: arr0elms.reduce is not a function'   FAILED! expected: [reported from test()] Expected value 'TypeError: reduce of empty array with no initial value', Actual value 'TypeError: arr0elms.reduceRight is not a function'
TEST_ID=js1_7/regress/regress-363040-01.js, TEST_BRANCH=1.8.1, TEST_RESULT=FAILED, TEST_BUILDTYPE=(debug|opt), TEST_TYPE=shell, TEST_OS=win32, TEST_MACHINE=.*, TEST_PROCESSORTYPE=.*, TEST_KERNEL=.*, TEST_DATE=.*, TEST_TIMEZONE=.*, TEST_DESCRIPTION= expected: Expected exit 0 actual: Actual exit 3, signal 0 reason: BUGNUMBER: 363040 STATUS: Array.prototype.reduce, Array.prototype.reduceRight  FAILED! expected: [reported from test()] Expected value 'TypeError: reduce of empty array with no initial value', Actual value 'TypeError: arr0elms.reduce is not a function'   FAILED! expected: [reported from test()] Expected value 'TypeError: reduce of empty array with no initial value', Actual value 'TypeError: arr0elms.reduceRight is not a function'
TEST_ID=js1_7/regress/regress-363040-02.js, TEST_BRANCH=1.8.1, TEST_RESULT=FAILED, TEST_BUILDTYPE=(debug|opt), TEST_TYPE=browser, TEST_OS=(linux|mac|win32), TEST_MACHINE=.*, TEST_PROCESSORTYPE=.*, TEST_KERNEL=.*, TEST_DATE=.*, TEST_TIMEZONE=.*, TEST_DESCRIPTION=Unknown expected: Unknown actual: error reason: arr.reduce is not a function Page: http://`.``*`/js1_7/regress/regress-363040-02.js Line: `[`0`-`9`]``+`
TEST_ID=js1_7/regress/regress-363040-02.js, TEST_BRANCH=1.8.1, TEST_RESULT=FAILED, TEST_BUILDTYPE=(debug|opt), TEST_TYPE=shell, TEST_OS=(linux|mac), TEST_MACHINE=.*, TEST_PROCESSORTYPE=.*, TEST_KERNEL=.*, TEST_DATE=.*, TEST_TIMEZONE=.*, TEST_DESCRIPTION= expected: Expected exit 0 actual: Actual exit 3, signal 0 reason: ./js1_7/regress/regress-363040-02.js:`[`0`-`9`]``+`: TypeError: arr.reduce is not a function BUGNUMBER: 363040 STATUS: Array.prototype.reduce application in array flattening
TEST_ID=js1_7/regress/regress-363040-02.js, TEST_BRANCH=1.8.1, TEST_RESULT=FAILED, TEST_BUILDTYPE=(debug|opt), TEST_TYPE=shell, TEST_OS=win32, TEST_MACHINE=.*, TEST_PROCESSORTYPE=.*, TEST_KERNEL=.*, TEST_DATE=.*, TEST_TIMEZONE=.*, TEST_DESCRIPTION= expected: Expected exit 0 actual: Actual exit 3, signal 0 reason: BUGNUMBER: 363040 STATUS: Array.prototype.reduce application in array flattening ./js1_7/regress/regress-363040-02.js:`[`0`-`9`]``+`: TypeError: arr.reduce is not a function
TEST_ID=js1_7/regress/regress-372331.js, TEST_BRANCH=1.8.1, TEST_RESULT=FAILED, TEST_BUILDTYPE=(debug|opt), TEST_TYPE=browser, TEST_OS=(linux|mac|win32), TEST_MACHINE=.*, TEST_PROCESSORTYPE=.*, TEST_KERNEL=.*, TEST_DATE=.*, TEST_TIMEZONE=.*, TEST_DESCRIPTION=Unknown expected: Unknown actual: error reason: uncaught exception: for-in binds name to early Page:  Line: 0
TEST_ID=js1_7/regress/regress-372331.js, TEST_BRANCH=1.8.1, TEST_RESULT=FAILED, TEST_BUILDTYPE=(debug|opt), TEST_TYPE=shell, TEST_OS=(linux|mac), TEST_MACHINE=.*, TEST_PROCESSORTYPE=.*, TEST_KERNEL=.*, TEST_DATE=.*, TEST_TIMEZONE=.*, TEST_DESCRIPTION= expected: Expected exit 0 actual: Actual exit 3, signal 0 reason: uncaught exception: for-in binds name to early BUGNUMBER: 372331 STATUS: for-in should not bind name too early
TEST_ID=js1_7/regress/regress-372331.js, TEST_BRANCH=1.8.1, TEST_RESULT=FAILED, TEST_BUILDTYPE=(debug|opt), TEST_TYPE=shell, TEST_OS=win32, TEST_MACHINE=.*, TEST_PROCESSORTYPE=.*, TEST_KERNEL=.*, TEST_DATE=.*, TEST_TIMEZONE=.*, TEST_DESCRIPTION= expected: Expected exit 0 actual: Actual exit 3, signal 0 reason: BUGNUMBER: 372331 STATUS: for-in should not bind name too early uncaught exception: for-in binds name to early
TEST_ID=js1_7/regress/regress-373827-01.js, TEST_BRANCH=1.8.1, TEST_RESULT=FAILED, TEST_BUILDTYPE=debug, TEST_TYPE=browser, TEST_OS=(linux|mac), TEST_MACHINE=.*, TEST_PROCESSORTYPE=.*, TEST_KERNEL=.*, TEST_DATE=.*, TEST_TIMEZONE=.*, TEST_DESCRIPTION=EXIT STATUS: CRASHED signal `[`1`-`9`]``[`0`-`9`]``*` (`[`0`-`9`.``]``+` seconds), BUGNUMBER: 373827; STATUS: Do not assert: OBJ_GET_CLASS(cx, obj)->flags & JSCLASS_HAS_PRIVATE; Assertion failure: OBJ_GET_CLASS(cx, obj) == &js_BlockClass, at `.``*`jsinterp.c:`[`0`-`9`]``+`
TEST_ID=js1_7/regress/regress-373827-01.js, TEST_BRANCH=1.8.1, TEST_RESULT=FAILED, TEST_BUILDTYPE=debug, TEST_TYPE=browser, TEST_OS=win32, TEST_MACHINE=.*, TEST_PROCESSORTYPE=.*, TEST_KERNEL=.*, TEST_DATE=.*, TEST_TIMEZONE=.*, TEST_DESCRIPTION=EXIT STATUS: CRASHED 3 (`[`0`-`9`.``]``+` seconds), BUGNUMBER: 373827; STATUS: Do not assert: OBJ_GET_CLASS(cx, obj)->flags & JSCLASS_HAS_PRIVATE
TEST_ID=js1_7/regress/regress-373827-01.js, TEST_BRANCH=1.8.1, TEST_RESULT=FAILED, TEST_BUILDTYPE=debug, TEST_TYPE=shell, TEST_OS=(linux|mac), TEST_MACHINE=.*, TEST_PROCESSORTYPE=.*, TEST_KERNEL=.*, TEST_DATE=.*, TEST_TIMEZONE=.*, TEST_DESCRIPTION= expected: Expected exit 0 actual: Actual exit 0, signal `[`1`-`9`]``[`0`-`9`]``*` reason: Assertion failure: OBJ_GET_CLASS(cx, obj) == &js_BlockClass, at jsinterp.c:`[`0`-`9`]``+`
TEST_ID=js1_7/regress/regress-373827-01.js, TEST_BRANCH=1.8.1, TEST_RESULT=FAILED, TEST_BUILDTYPE=debug, TEST_TYPE=shell, TEST_OS=win32, TEST_MACHINE=.*, TEST_PROCESSORTYPE=.*, TEST_KERNEL=.*, TEST_DATE=.*, TEST_TIMEZONE=.*, TEST_DESCRIPTION= expected: Expected exit 0 actual: Actual exit 3, signal 0 reason: Testcase produced no output!
TEST_ID=js1_7/regress/regress-373827-02.js, TEST_BRANCH=1.8.1, TEST_RESULT=FAILED, TEST_BUILDTYPE=debug, TEST_TYPE=browser, TEST_OS=(linux|mac), TEST_MACHINE=.*, TEST_PROCESSORTYPE=.*, TEST_KERNEL=.*, TEST_DATE=.*, TEST_TIMEZONE=.*, TEST_DESCRIPTION=EXIT STATUS: CRASHED signal `[`1`-`9`]``[`0`-`9`]``*` (`[`0`-`9`.``]``+` seconds), BUGNUMBER: 373827; STATUS: Do not assert: OBJ_GET_CLASS(cx, obj)->flags & JSCLASS_HAS_PRIVATE; Assertion failure: OBJ_GET_CLASS(cx, obj) == &js_BlockClass, at `.``*`jsinterp.c:`[`0`-`9`]``+`
TEST_ID=js1_7/regress/regress-373827-02.js, TEST_BRANCH=1.8.1, TEST_RESULT=FAILED, TEST_BUILDTYPE=debug, TEST_TYPE=browser, TEST_OS=win32, TEST_MACHINE=.*, TEST_PROCESSORTYPE=.*, TEST_KERNEL=.*, TEST_DATE=.*, TEST_TIMEZONE=.*, TEST_DESCRIPTION=EXIT STATUS: CRASHED 3 (`[`0`-`9`.``]``+` seconds), BUGNUMBER: 373827; STATUS: Do not assert: OBJ_GET_CLASS(cx, obj)->flags & JSCLASS_HAS_PRIVATE
TEST_ID=js1_7/regress/regress-373827-02.js, TEST_BRANCH=1.8.1, TEST_RESULT=FAILED, TEST_BUILDTYPE=debug, TEST_TYPE=shell, TEST_OS=(linux|mac), TEST_MACHINE=.*, TEST_PROCESSORTYPE=.*, TEST_KERNEL=.*, TEST_DATE=.*, TEST_TIMEZONE=.*, TEST_DESCRIPTION= expected: Expected exit 0 actual: Actual exit 0, signal `[`1`-`9`]``[`0`-`9`]``*` reason: Assertion failure: OBJ_GET_CLASS(cx, obj) == &js_BlockClass, at jsinterp.c:`[`0`-`9`]``+`
TEST_ID=js1_7/regress/regress-373827-02.js, TEST_BRANCH=1.8.1, TEST_RESULT=FAILED, TEST_BUILDTYPE=debug, TEST_TYPE=shell, TEST_OS=win32, TEST_MACHINE=.*, TEST_PROCESSORTYPE=.*, TEST_KERNEL=.*, TEST_DATE=.*, TEST_TIMEZONE=.*, TEST_DESCRIPTION= expected: Expected exit 0 actual: Actual exit 3, signal 0 reason: Testcase produced no output!
TEST_ID=js1_7/regress/regress-375695.js, TEST_BRANCH=1.8.1, TEST_RESULT=FAILED, TEST_BUILDTYPE=debug, TEST_TYPE=browser, TEST_OS=(linux|mac), TEST_MACHINE=.*, TEST_PROCESSORTYPE=.*, TEST_KERNEL=.*, TEST_DATE=.*, TEST_TIMEZONE=.*, TEST_DESCRIPTION=EXIT STATUS: CRASHED signal `[`1`-`9`]``[`0`-`9`]``*` (`[`0`-`9`.``]``+` seconds), BUGNUMBER: 375695; STATUS: Do not assert: !fp->blockChain || OBJ_GET_PARENT(cx, obj) == fp->blockChain; Assertion failure: !fp->blockChain || OBJ_GET_PARENT(cx, obj) == fp->blockChain, at `.``*`jsinterp.c:`[`0`-`9`]``+`
TEST_ID=js1_7/regress/regress-375695.js, TEST_BRANCH=1.8.1, TEST_RESULT=FAILED, TEST_BUILDTYPE=debug, TEST_TYPE=browser, TEST_OS=win32, TEST_MACHINE=.*, TEST_PROCESSORTYPE=.*, TEST_KERNEL=.*, TEST_DATE=.*, TEST_TIMEZONE=.*, TEST_DESCRIPTION=EXIT STATUS: CRASHED 3 (`[`0`-`9`.``]``+` seconds), BUGNUMBER: 375695; STATUS: Do not assert: !fp->blockChain || OBJ_GET_PARENT(cx, obj) == fp->blockChain
TEST_ID=js1_7/regress/regress-375695.js, TEST_BRANCH=1.8.1, TEST_RESULT=FAILED, TEST_BUILDTYPE=debug, TEST_TYPE=shell, TEST_OS=(linux|mac), TEST_MACHINE=.*, TEST_PROCESSORTYPE=.*, TEST_KERNEL=.*, TEST_DATE=.*, TEST_TIMEZONE=.*, TEST_DESCRIPTION= expected: Expected exit 0 actual: Actual exit 0, signal `[`1`-`9`]``[`0`-`9`]``*` reason: Assertion failure: !fp->blockChain || OBJ_GET_PARENT(cx, obj) == fp->blockChain, at jsinterp.c:`[`0`-`9`]``+`
TEST_ID=js1_7/regress/regress-375695.js, TEST_BRANCH=1.8.1, TEST_RESULT=FAILED, TEST_BUILDTYPE=debug, TEST_TYPE=shell, TEST_OS=win32, TEST_MACHINE=.*, TEST_PROCESSORTYPE=.*, TEST_KERNEL=.*, TEST_DATE=.*, TEST_TIMEZONE=.*, TEST_DESCRIPTION= expected: Expected exit 0 actual: Actual exit 3, signal 0 reason: Testcase produced no output!
TEST_ID=js1_7/regress/regress-406477.js, TEST_BRANCH=1.8.1, TEST_RESULT=FAILED, TEST_BUILDTYPE=(debug|opt), TEST_TYPE=(browser|shell), TEST_OS=(linux|mac|win32), TEST_MACHINE=.*, TEST_PROCESSORTYPE=.*, TEST_KERNEL=.*, TEST_DATE=.*, TEST_TIMEZONE=.*, TEST_DESCRIPTION=eval of function x() in a function with an argument "x" and "let x" expected:  actual: Unexpected test_param_result value: 1NLUnexpected test_var_result value: 1NL reason: Expected value '', Actual value 'Unexpected test_param_result value: 1NLUnexpected test_var_result value: 1NL'
